Using pre-set license
Built from '6000.0/respin/6000.0.60f1-f02d6f9f9009' branch; Version is '6000.0.60f1 (61dfb374e36f) revision 6414259'; Using compiler version '193933523'; Build Type 'Release'
OS: 'Windows 11  (10.0.26200) 64bit Core' Language: 'en' Physical Memory: 32117 MB
BatchMode: 1, IsHumanControllingUs: 0, StartBugReporterOnCrash: 0, Is64bit: 1
Date: 2026-06-17T15:14:30Z

COMMAND LINE ARGUMENTS:
C:\Program Files\Unity\Hub\Editor\6000.0.60f1\Editor\Unity.exe
-adb2
-batchMode
-noUpm
-name
AssetImportWorker19
-projectPath
C:/Users/joell/OneDrive/Documenten/J3Dez +/9 Devs/3 Games/AirParkour
-logFile
Logs/AssetImportWorker19.log
-srvPort
51811
-job-worker-count
10
-background-job-worker-count
8
-gc-helper-count
1
-name
AssetImport
Successfully changed project path to: C:/Users/joell/OneDrive/Documenten/J3Dez +/9 Devs/3 Games/AirParkour
C:/Users/joell/OneDrive/Documenten/J3Dez +/9 Devs/3 Games/AirParkour
[UnityMemory] Configuration Parameters - Can be set up in boot.config
    "memorysetup-bucket-allocator-granularity=16"
    "memorysetup-bucket-allocator-bucket-count=8"
    "memorysetup-bucket-allocator-block-size=33554432"
    "memorysetup-bucket-allocator-block-count=8"
    "memorysetup-main-allocator-block-size=16777216"
    "memorysetup-thread-allocator-block-size=16777216"
    "memorysetup-gfx-main-allocator-block-size=16777216"
    "memorysetup-gfx-thread-allocator-block-size=16777216"
    "memorysetup-cache-allocator-block-size=4194304"
    "memorysetup-typetree-allocator-block-size=2097152"
    "memorysetup-profiler-bucket-allocator-granularity=16"
    "memorysetup-profiler-bucket-allocator-bucket-count=8"
    "memorysetup-profiler-bucket-allocator-block-size=33554432"
    "memorysetup-profiler-bucket-allocator-block-count=8"
    "memorysetup-profiler-allocator-block-size=16777216"
    "memorysetup-profiler-editor-allocator-block-size=1048576"
    "memorysetup-temp-allocator-size-main=16777216"
    "memorysetup-job-temp-allocator-block-size=2097152"
    "memorysetup-job-temp-allocator-block-size-background=1048576"
    "memorysetup-job-temp-allocator-reduction-small-platforms=262144"
    "memorysetup-allocator-temp-initial-block-size-main=262144"
    "memorysetup-allocator-temp-initial-block-size-worker=262144"
    "memorysetup-temp-allocator-size-background-worker=32768"
    "memorysetup-temp-allocator-size-job-worker=262144"
    "memorysetup-temp-allocator-size-preload-manager=33554432"
    "memorysetup-temp-allocator-size-nav-mesh-worker=65536"
    "memorysetup-temp-allocator-size-audio-worker=65536"
    "memorysetup-temp-allocator-size-cloud-worker=32768"
    "memorysetup-temp-allocator-size-gi-baking-worker=262144"
    "memorysetup-temp-allocator-size-gi-baking-worker=262144"
    "memorysetup-temp-allocator-size-gi-baking-worker=262144"
    "memorysetup-temp-allocator-size-gi-baking-worker=262144"
    "memorysetup-temp-allocator-size-gi-baking-worker=262144"
    "memorysetup-temp-allocator-size-gfx=262144"
Player connection [27260]  Target information:

Player connection [27260]  * "[IP] 192.168.1.4 [Port] 0 [Flags] 2 [Guid] 3343437119 [EditorId] 3343437119 [Version] 1048832 [Id] WindowsEditor(7,J3Dez) [Debug] 1 [PackageName] WindowsEditor [ProjectName] Editor" 

Player connection [27260] Host joined multi-casting on [225.0.0.222:54997]...
Player connection [27260] Host joined alternative multi-casting on [225.0.0.222:34997]...
JobSystem: Creating JobQueue using job-worker-count value 10
Input System module state changed to: Initialized.
[Physics::Module] Initialized fallback backend.
[Physics::Module] Id: 0xdecafbad
Library Redirect Path: Library/
[Physics::Module] Selected backend.
[Physics::Module] Name: PhysX
[Physics::Module] Id: 0xf2b8ea05
[Physics::Module] SDK Version: 4.1.2
[Physics::Module] Integration Version: 1.0.0
[Physics::Module] Threading Mode: Multi-Threaded
Refreshing native plugins compatible for Editor in 0.00 ms, found 0 plugins.
Preloading 0 native plugins for Editor in 0.00 ms.
Initialize engine version: 6000.0.60f1 (61dfb374e36f)
[Subsystems] Discovering subsystems at path C:/Program Files/Unity/Hub/Editor/6000.0.60f1/Editor/Data/Resources/UnitySubsystems
[Subsystems] Discovering subsystems at path C:/Users/joell/OneDrive/Documenten/J3Dez +/9 Devs/3 Games/AirParkour/Assets
GfxDevice: creating device client; kGfxThreadingModeNonThreaded
Direct3D:
    Version:  Direct3D 11.0 [level 11.1]
    Renderer: Intel(R) Arc(TM) Graphics (ID=0x7d55)
    Vendor:   Intel
    VRAM:     18307 MB
    Driver:   32.0.101.6127
Initialize mono
Mono path[0] = 'C:/Program Files/Unity/Hub/Editor/6000.0.60f1/Editor/Data/Managed'
Mono path[1] = 'C:/Program Files/Unity/Hub/Editor/6000.0.60f1/Editor/Data/MonoBleedingEdge/lib/mono/unityjit-win32'
Mono config path = 'C:/Program Files/Unity/Hub/Editor/6000.0.60f1/Editor/Data/MonoBleedingEdge/etc'
Using monoOptions --debugger-agent=transport=dt_socket,embedding=1,server=y,suspend=n,address=127.0.0.1:56680
Begin MonoManager ReloadAssembly
Registering precompiled unity dll's ...
Register platform support module: C:/Program Files/Unity/Hub/Editor/6000.0.60f1/Editor/Data/PlaybackEngines/WebGLSupport/UnityEditor.WebGL.Extensions.dll
Register platform support module: C:/Program Files/Unity/Hub/Editor/6000.0.60f1/Editor/Data/PlaybackEngines/WindowsStandaloneSupport/UnityEditor.WindowsStandalone.Extensions.dll
Register platform support module: C:/Program Files/Unity/Hub/Editor/6000.0.60f1/Editor/Data/PlaybackEngines/AndroidPlayer/UnityEditor.Android.Extensions.dll
Registered in 0.005094 seconds.
- Loaded All Assemblies, in  0.431 seconds
Native extension for Android target not found
Android Extension - Scanning For ADB Devices 190 ms
Native extension for WindowsStandalone target not found
Native extension for WebGL target not found
Mono: successfully reloaded assembly
- Finished resetting the current domain, in  0.644 seconds
Domain Reload Profiling: 1074ms
	BeginReloadAssembly (174ms)
		ExecutionOrderSort (0ms)
		DisableScriptedObjects (0ms)
		BackupInstance (0ms)
		ReleaseScriptingObjects (0ms)
		CreateAndSetChildDomain (1ms)
	RebuildCommonClasses (32ms)
	RebuildNativeTypeToScriptingClass (10ms)
	initialDomainReloadingComplete (49ms)
	LoadAllAssembliesAndSetupDomain (165ms)
		LoadAssemblies (171ms)
		RebuildTransferFunctionScriptingTraits (0ms)
		AnalyzeDomain (161ms)
			TypeCache.Refresh (160ms)
				TypeCache.ScanAssembly (148ms)
			BuildScriptInfoCaches (0ms)
			ResolveRequiredComponents (0ms)
	FinalizeReload (645ms)
		ReleaseScriptCaches (0ms)
		RebuildScriptCaches (0ms)
		SetupLoadedEditorAssemblies (598ms)
			LogAssemblyErrors (0ms)
			InitializePlatformSupportModulesInManaged (301ms)
			SetLoadedEditorAssemblies (4ms)
			BeforeProcessingInitializeOnLoad (62ms)
			ProcessInitializeOnLoadAttributes (153ms)
			ProcessInitializeOnLoadMethodAttributes (78ms)
			AfterProcessingInitializeOnLoad (0ms)
			EditorAssembliesLoaded (0ms)
		ExecutionOrderSort2 (0ms)
		AwakeInstancesAfterBackupRestoration (0ms)
Assembly reference Packages/com.unity.cinemachine/Editor/Samples/ExposeHDRPInternals/HDRP-Editor-ref.asmref has no target assembly definition
========================================================================
Worker process is ready to serve import requests
Import Worker Mode flag is 0x00
Assembly reference Packages/com.unity.cinemachine/Editor/Samples/ExposeHDRPInternals/HDRP-Editor-ref.asmref has no target assembly definition
Assembly reference Packages/com.unity.cinemachine/Editor/Samples/ExposeHDRPInternals/HDRP-Editor-ref.asmref has no target assembly definition
Begin MonoManager ReloadAssembly
- Loaded All Assemblies, in  0.642 seconds
Assembly reference Packages/com.unity.cinemachine/Editor/Samples/ExposeHDRPInternals/HDRP-Editor-ref.asmref has no target assembly definition
'Packages/com.unity.cinemachine/Editor/Obsolete/CinemachineVirtualCameraBaseEditor.cs' contains partial class of Unity.Object, exactly 1 of the partial classes needs to be in a file with the same filename. This is to know the one that can be referenced from ie. GameObjects
'Packages/com.unity.cinemachine/Editor/Editors/CinemachineVirtualCameraBaseEditor.cs' contains partial class of Unity.Object, exactly 1 of the partial classes needs to be in a file with the same filename. This is to know the one that can be referenced from ie. GameObjects
Refreshing native plugins compatible for Editor in 0.00 ms, found 0 plugins.
Native extension for Android target not found
Native extension for WindowsStandalone target not found
Native extension for WebGL target not found
Assembly reference Packages/com.unity.cinemachine/Editor/Samples/ExposeHDRPInternals/HDRP-Editor-ref.asmref has no target assembly definition
Package Manager log level set to [2]
[Package Manager] Failed to launch server process. Reason: Unity was launched with the -noUpm command-line argument
[Package Manager] Unable to send message (not connected to server process).
[Package Manager] Cannot connect to Unity Package Manager local server
Mono: successfully reloaded assembly
- Finished resetting the current domain, in  0.594 seconds
Domain Reload Profiling: 1232ms
	BeginReloadAssembly (181ms)
		ExecutionOrderSort (0ms)
		DisableScriptedObjects (5ms)
		BackupInstance (0ms)
		ReleaseScriptingObjects (0ms)
		CreateAndSetChildDomain (35ms)
	RebuildCommonClasses (36ms)
	RebuildNativeTypeToScriptingClass (11ms)
	initialDomainReloadingComplete (39ms)
	LoadAllAssembliesAndSetupDomain (371ms)
		LoadAssemblies (318ms)
		RebuildTransferFunctionScriptingTraits (0ms)
		AnalyzeDomain (152ms)
			TypeCache.Refresh (110ms)
				TypeCache.ScanAssembly (98ms)
			BuildScriptInfoCaches (28ms)
			ResolveRequiredComponents (10ms)
	FinalizeReload (595ms)
		ReleaseScriptCaches (0ms)
		RebuildScriptCaches (0ms)
		SetupLoadedEditorAssemblies (406ms)
			LogAssemblyErrors (0ms)
			InitializePlatformSupportModulesInManaged (12ms)
			SetLoadedEditorAssemblies (4ms)
			BeforeProcessingInitializeOnLoad (103ms)
			ProcessInitializeOnLoadAttributes (214ms)
			ProcessInitializeOnLoadMethodAttributes (68ms)
			AfterProcessingInitializeOnLoad (6ms)
			EditorAssembliesLoaded (0ms)
		ExecutionOrderSort2 (0ms)
		AwakeInstancesAfterBackupRestoration (6ms)
Launched and connected shader compiler UnityShaderCompiler.exe after 0.02 seconds
Refreshing native plugins compatible for Editor in 0.00 ms, found 0 plugins.
Preloading 0 native plugins for Editor in 0.00 ms.
Unloading 14 Unused Serialized files (Serialized files now loaded: 0)
Unloading 3580 unused Assets / (3.1 MB). Loaded Objects now: 4283.
Memory consumption went from 108.7 MB to 105.6 MB.
Total: 6.600400 ms (FindLiveObjects: 0.365700 ms CreateObjectMapping: 0.157400 ms MarkObjects: 4.519000 ms  DeleteObjects: 1.556900 ms)

========================================================================
Received Import Request.
  Time since last request: 9677.765294 seconds.
  path: Assets/M6 - Packages
  artifactKey: Guid(0432f19ff22109f43b90e0fd1ba00f1c) Importer(815301076,1909f56bfc062723c751e8b465ee728b)
Start importing Assets/M6 - Packages using Guid(0432f19ff22109f43b90e0fd1ba00f1c) Importer(815301076,1909f56bfc062723c751e8b465ee728b) (PreviewImporter) -> (artifact id: '3a17996fa15711a49edbd8e32375eee9') in 0.0060544 seconds
Number of updated asset objects reloaded before import = 0Number of asset objects unloaded after import = 0

========================================================================
Received Import Request.
  Time since last request: 0.927873 seconds.
  path: Assets/M6 - Packages
  artifactKey: Guid(0432f19ff22109f43b90e0fd1ba00f1c) Importer(2089858483,192608db42251d675da83286b1cce702)
Start importing Assets/M6 - Packages using Guid(0432f19ff22109f43b90e0fd1ba00f1c) Importer(2089858483,192608db42251d675da83286b1cce702) (ScriptedImporter) -> (artifact id: 'ab9a310b616a74d9ca83c7bcface3ff6') in 0.2010019 seconds
Number of updated asset objects reloaded before import = 0Number of asset objects unloaded after import = 1

========================================================================
Received Import Request.
  Time since last request: 5.570111 seconds.
  path: Assets/M6 - Packages/3D_Sci-fi_asteroid_belt_group_01/HDRP/Prefabs_HDRP
  artifactKey: Guid(ac0f752e71eda0f4fa62e80921c5273f) Importer(2089858483,192608db42251d675da83286b1cce702)
Start importing Assets/M6 - Packages/3D_Sci-fi_asteroid_belt_group_01/HDRP/Prefabs_HDRP using Guid(ac0f752e71eda0f4fa62e80921c5273f) Importer(2089858483,192608db42251d675da83286b1cce702) (ScriptedImporter) -> (artifact id: '72fa9ee9f7a56863017d7b92696f89ba') in 0.1078355 seconds
Number of updated asset objects reloaded before import = 0Number of asset objects unloaded after import = 1

========================================================================
Received Import Request.
  Time since last request: 0.000024 seconds.
  path: Assets/M6 - Packages/DinV/Dynamic Space Background/Sprites/Nebula Blue.png
  artifactKey: Guid(ddcac1fac1f5c8943a30c2ef6b724062) Importer(2089858483,192608db42251d675da83286b1cce702)
Start importing Assets/M6 - Packages/DinV/Dynamic Space Background/Sprites/Nebula Blue.png using Guid(ddcac1fac1f5c8943a30c2ef6b724062) Importer(2089858483,192608db42251d675da83286b1cce702) (ScriptedImporter) -> (artifact id: '4d5a53c7a56a215d0acfbf9b91644d8d') in 0.2476875 seconds
Number of updated asset objects reloaded before import = 0Number of asset objects unloaded after import = 3

========================================================================
Received Import Request.
  Time since last request: 0.000028 seconds.
  path: Assets/M6 - Packages/3D_Sci-fi_asteroid_belt_group_01/demo_scene/demo_scene_Built_in_RP.unity
  artifactKey: Guid(ee9300038515f9f4391b1293864ebec9) Importer(2089858483,192608db42251d675da83286b1cce702)
Start importing Assets/M6 - Packages/3D_Sci-fi_asteroid_belt_group_01/demo_scene/demo_scene_Built_in_RP.unity using Guid(ee9300038515f9f4391b1293864ebec9) Importer(2089858483,192608db42251d675da83286b1cce702) (ScriptedImporter) -> (artifact id: 'fae62ea7627b19e05ff1c0dba847ea1e') in 0.1663327 seconds
Number of updated asset objects reloaded before import = 0Number of asset objects unloaded after import = 1

========================================================================
Received Import Request.
  Time since last request: 0.000153 seconds.
  path: Assets/M6 - Packages/3D_Sci-fi_asteroid_belt_group_01/URP/URPDefaultResources/UniversalRenderPipelineAsset.asset
  artifactKey: Guid(5ff690fffae75f647872ca1395eb442f) Importer(2089858483,192608db42251d675da83286b1cce702)
Start importing Assets/M6 - Packages/3D_Sci-fi_asteroid_belt_group_01/URP/URPDefaultResources/UniversalRenderPipelineAsset.asset using Guid(5ff690fffae75f647872ca1395eb442f) Importer(2089858483,192608db42251d675da83286b1cce702) (ScriptedImporter) -> (artifact id: 'bc873e7ebd27966ceb7192be86bf346a') in 0.2483319 seconds
Number of updated asset objects reloaded before import = 0Number of asset objects unloaded after import = 2

========================================================================
Received Import Request.
  Time since last request: 0.000028 seconds.
  path: Assets/M6 - Packages/3D_Sci-fi_asteroid_belt_group_01/Meshes/asteroids_base_model_01.fbx
  artifactKey: Guid(78499d97230fe0748a3fc15499c77d48) Importer(2089858483,192608db42251d675da83286b1cce702)
Start importing Assets/M6 - Packages/3D_Sci-fi_asteroid_belt_group_01/Meshes/asteroids_base_model_01.fbx using Guid(78499d97230fe0748a3fc15499c77d48) Importer(2089858483,192608db42251d675da83286b1cce702) (ScriptedImporter) -> (artifact id: '57b478cbdebaa3a54c69301dc2bf9dc2') in 0.11907 seconds
Number of updated asset objects reloaded before import = 0Number of asset objects unloaded after import = 50

========================================================================
Received Import Request.
  Time since last request: 0.000122 seconds.
  path: Assets/M6 - Packages/3D_Sci-fi_asteroid_belt_group_01/HDRP/HDRPDefaultResources/DefaultSettingsVolumeProfile.asset
  artifactKey: Guid(31ac79c248142544e88fd52c7a42e186) Importer(2089858483,192608db42251d675da83286b1cce702)
Start importing Assets/M6 - Packages/3D_Sci-fi_asteroid_belt_group_01/HDRP/HDRPDefaultResources/DefaultSettingsVolumeProfile.asset using Guid(31ac79c248142544e88fd52c7a42e186) Importer(2089858483,192608db42251d675da83286b1cce702) (ScriptedImporter) -> (artifact id: 'daa2e7a0d0e75b9edf027475dc0509a9') in 0.0151039 seconds
Number of updated asset objects reloaded before import = 0Number of asset objects unloaded after import = 10

========================================================================
Received Import Request.
  Time since last request: 0.000024 seconds.
  path: Assets/M6 - Packages/DinV/Dynamic Space Background
  artifactKey: Guid(cfbbfb20b2395ec48ba47f1f035266d3) Importer(2089858483,192608db42251d675da83286b1cce702)
Start importing Assets/M6 - Packages/DinV/Dynamic Space Background using Guid(cfbbfb20b2395ec48ba47f1f035266d3) Importer(2089858483,192608db42251d675da83286b1cce702) (ScriptedImporter) -> (artifact id: 'f14dca15a82ea4245f5de7176150f9b6') in 0.0065765 seconds
Number of updated asset objects reloaded before import = 0Number of asset objects unloaded after import = 1

========================================================================
Received Import Request.
  Time since last request: 0.000028 seconds.
  path: Assets/M6 - Packages/3D_Sci-fi_asteroid_belt_group_01/HDRP/HDRPDefaultResources/Skin Diffusion Profile.asset
  artifactKey: Guid(fa72b8e2fa547d143b11482335b3b898) Importer(2089858483,192608db42251d675da83286b1cce702)
Start importing Assets/M6 - Packages/3D_Sci-fi_asteroid_belt_group_01/HDRP/HDRPDefaultResources/Skin Diffusion Profile.asset using Guid(fa72b8e2fa547d143b11482335b3b898) Importer(2089858483,192608db42251d675da83286b1cce702) (ScriptedImporter) -> (artifact id: '80e3a40d5cadfa534cbf3fbd9c46fc66') in 0.008059 seconds
Number of updated asset objects reloaded before import = 0Number of asset objects unloaded after import = 1

========================================================================
Received Import Request.
  Time since last request: 0.000044 seconds.
  path: Assets/M6 - Packages/3D_Sci-fi_asteroid_belt_group_01/HDRP/HDRPDefaultResources/Foliage Diffusion Profile.asset
  artifactKey: Guid(1976b76acd11e0b4594629108629a6de) Importer(2089858483,192608db42251d675da83286b1cce702)
Start importing Assets/M6 - Packages/3D_Sci-fi_asteroid_belt_group_01/HDRP/HDRPDefaultResources/Foliage Diffusion Profile.asset using Guid(1976b76acd11e0b4594629108629a6de) Importer(2089858483,192608db42251d675da83286b1cce702) (ScriptedImporter) -> (artifact id: 'dac66d862c7a4608741dfa2d87d933f1') in 0.0070207 seconds
Number of updated asset objects reloaded before import = 0Number of asset objects unloaded after import = 1

========================================================================
Received Import Request.
  Time since last request: 0.000046 seconds.
  path: Assets/M6 - Packages/DinV/Dynamic Space Background/Sprites/Nebula Aqua-Pink.png
  artifactKey: Guid(d9b31ebd60af68c469212c1a9f513e74) Importer(2089858483,192608db42251d675da83286b1cce702)
Start importing Assets/M6 - Packages/DinV/Dynamic Space Background/Sprites/Nebula Aqua-Pink.png using Guid(d9b31ebd60af68c469212c1a9f513e74) Importer(2089858483,192608db42251d675da83286b1cce702) (ScriptedImporter) -> (artifact id: 'de24609024ae4200cbb207f831002301') in 0.0150284 seconds
Number of updated asset objects reloaded before import = 0Number of asset objects unloaded after import = 3

========================================================================
Received Import Request.
  Time since last request: 0.000055 seconds.
  path: Assets/M6 - Packages/3D_Sci-fi_asteroid_belt_group_01/URP/Materials_URP
  artifactKey: Guid(9cbe971ca12dfb940bf8bbb7f68c2e9d) Importer(2089858483,192608db42251d675da83286b1cce702)
Start importing Assets/M6 - Packages/3D_Sci-fi_asteroid_belt_group_01/URP/Materials_URP using Guid(9cbe971ca12dfb940bf8bbb7f68c2e9d) Importer(2089858483,192608db42251d675da83286b1cce702) (ScriptedImporter) -> (artifact id: 'ea6a895fce0f6df35e901b7bf93fdb2d') in 0.0081555 seconds
Number of updated asset objects reloaded before import = 0Number of asset objects unloaded after import = 1

========================================================================
Received Import Request.
  Time since last request: 0.000032 seconds.
  path: Assets/M6 - Packages/3D_Sci-fi_asteroid_belt_group_01/demo_scene
  artifactKey: Guid(82a9cc8e770eb8747be0a50dc5df3ccb) Importer(2089858483,192608db42251d675da83286b1cce702)
Start importing Assets/M6 - Packages/3D_Sci-fi_asteroid_belt_group_01/demo_scene using Guid(82a9cc8e770eb8747be0a50dc5df3ccb) Importer(2089858483,192608db42251d675da83286b1cce702) (ScriptedImporter) -> (artifact id: '3e1bed7ca9bfb41b2515dbed58e35c5c') in 0.0086012 seconds
Number of updated asset objects reloaded before import = 0Number of asset objects unloaded after import = 1

========================================================================
Received Import Request.
  Time since last request: 4.024591 seconds.
  path: Assets/M6 - Packages/StarSparrow
  artifactKey: Guid(cf3f90776555efc47aba8064a7c7077e) Importer(2089858483,192608db42251d675da83286b1cce702)
Start importing Assets/M6 - Packages/StarSparrow using Guid(cf3f90776555efc47aba8064a7c7077e) Importer(2089858483,192608db42251d675da83286b1cce702) (ScriptedImporter) -> (artifact id: 'f5e08509ec1cfc2688482c54e61727a3') in 0.0276225 seconds
Number of updated asset objects reloaded before import = 0Number of asset objects unloaded after import = 1

========================================================================
Received Import Request.
  Time since last request: 0.000030 seconds.
  path: Assets/M6 - Packages/Stylized Rock Pack - 8 styles, 3 shapes, LODs, PBR/Textures
  artifactKey: Guid(71b9bf483c8dc7d42b2425d8772f0b2b) Importer(2089858483,192608db42251d675da83286b1cce702)
Start importing Assets/M6 - Packages/Stylized Rock Pack - 8 styles, 3 shapes, LODs, PBR/Textures using Guid(71b9bf483c8dc7d42b2425d8772f0b2b) Importer(2089858483,192608db42251d675da83286b1cce702) (ScriptedImporter) -> (artifact id: '908ff1b2dd4e5c51564ac5842edd1b6b') in 0.1241523 seconds
Number of updated asset objects reloaded before import = 0Number of asset objects unloaded after import = 1

========================================================================
Received Import Request.
  Time since last request: 0.000039 seconds.
  path: Assets/M6 - Packages/Stylized Rock Pack - 8 styles, 3 shapes, LODs, PBR/Materials
  artifactKey: Guid(da137238e35b4b8439ab282935f27f55) Importer(2089858483,192608db42251d675da83286b1cce702)
Start importing Assets/M6 - Packages/Stylized Rock Pack - 8 styles, 3 shapes, LODs, PBR/Materials using Guid(da137238e35b4b8439ab282935f27f55) Importer(2089858483,192608db42251d675da83286b1cce702) (ScriptedImporter) -> (artifact id: '99d806243fc7971741b927e7d7c7750b') in 0.3004608 seconds
Number of updated asset objects reloaded before import = 0Number of asset objects unloaded after import = 1

========================================================================
Received Import Request.
  Time since last request: 0.000030 seconds.
  path: Assets/M6 - Packages/StarSparrow/Meshes/BonusContent
  artifactKey: Guid(88d43d385c2dfc247955b868603593c2) Importer(2089858483,192608db42251d675da83286b1cce702)
Start importing Assets/M6 - Packages/StarSparrow/Meshes/BonusContent using Guid(88d43d385c2dfc247955b868603593c2) Importer(2089858483,192608db42251d675da83286b1cce702) (ScriptedImporter) -> (artifact id: '8e8eb48f88ec3dfcd6cc9be4fc677722') in 0.0894804 seconds
Number of updated asset objects reloaded before import = 0Number of asset objects unloaded after import = 1

========================================================================
Received Import Request.
  Time since last request: 0.000036 seconds.
  path: Assets/M6 - Packages/Stylized Rock Pack - 8 styles, 3 shapes, LODs, PBR/Textures/cliff_textures/tex_fancy
  artifactKey: Guid(498363db9c08d8747b9e725432657cb5) Importer(2089858483,192608db42251d675da83286b1cce702)
Start importing Assets/M6 - Packages/Stylized Rock Pack - 8 styles, 3 shapes, LODs, PBR/Textures/cliff_textures/tex_fancy using Guid(498363db9c08d8747b9e725432657cb5) Importer(2089858483,192608db42251d675da83286b1cce702) (ScriptedImporter) -> (artifact id: 'ef2504ffdf265cc5b26ccb04fc3fa294') in 0.008444 seconds
Number of updated asset objects reloaded before import = 0Number of asset objects unloaded after import = 1

========================================================================
Received Import Request.
  Time since last request: 0.000025 seconds.
  path: Assets/M6 - Packages/Stylized Rock Pack - 8 styles, 3 shapes, LODs, PBR/Meshes
  artifactKey: Guid(7e94514ef1f1bbc4ba89ad86ff70bd9c) Importer(2089858483,192608db42251d675da83286b1cce702)
Start importing Assets/M6 - Packages/Stylized Rock Pack - 8 styles, 3 shapes, LODs, PBR/Meshes using Guid(7e94514ef1f1bbc4ba89ad86ff70bd9c) Importer(2089858483,192608db42251d675da83286b1cce702) (ScriptedImporter) -> (artifact id: '0c37749956d3f2007e8ab82b126303d9') in 0.0146582 seconds
Number of updated asset objects reloaded before import = 0Number of asset objects unloaded after import = 1

========================================================================
Received Import Request.
  Time since last request: 0.000030 seconds.
  path: Assets/M6 - Packages/Stylized Rock Pack - 8 styles, 3 shapes, LODs, PBR/Textures/rock_textures/tex_blank/rock_blank_BaseColor.png
  artifactKey: Guid(7f92e081f52b7384db6702d5322d460b) Importer(2089858483,192608db42251d675da83286b1cce702)
Start importing Assets/M6 - Packages/Stylized Rock Pack - 8 styles, 3 shapes, LODs, PBR/Textures/rock_textures/tex_blank/rock_blank_BaseColor.png using Guid(7f92e081f52b7384db6702d5322d460b) Importer(2089858483,192608db42251d675da83286b1cce702) (ScriptedImporter) -> (artifact id: '47ae1f6ab5166b12b38f2d80687eabc8') in 0.050501 seconds
Number of updated asset objects reloaded before import = 0Number of asset objects unloaded after import = 1

========================================================================
Received Import Request.
  Time since last request: 0.000047 seconds.
  path: Assets/M6 - Packages/StarSparrow/Materials/StarSparrow_Red.mat
  artifactKey: Guid(3057f5a2b92dd3b47b45415db850c097) Importer(2089858483,192608db42251d675da83286b1cce702)
Start importing Assets/M6 - Packages/StarSparrow/Materials/StarSparrow_Red.mat using Guid(3057f5a2b92dd3b47b45415db850c097) Importer(2089858483,192608db42251d675da83286b1cce702) (ScriptedImporter) -> (artifact id: 'f9e9ffbca6f421e7fb89851da14a6484') in 0.0342947 seconds
Number of updated asset objects reloaded before import = 0Number of asset objects unloaded after import = 5

========================================================================
Received Import Request.
  Time since last request: 0.000109 seconds.
  path: Assets/M6 - Packages/StarSparrow/Prefabs/BonusContent/PolygonSpaceship/StarSparrow_Core_LP_Red.prefab
  artifactKey: Guid(7e94bae2054e32b4e8b58927770cd38a) Importer(2089858483,192608db42251d675da83286b1cce702)
Start importing Assets/M6 - Packages/StarSparrow/Prefabs/BonusContent/PolygonSpaceship/StarSparrow_Core_LP_Red.prefab using Guid(7e94bae2054e32b4e8b58927770cd38a) Importer(2089858483,192608db42251d675da83286b1cce702) (ScriptedImporter) -> (artifact id: 'd696f0bc145ecc1ff83984660394aea9') in 0.0385256 seconds
Number of updated asset objects reloaded before import = 0Number of asset objects unloaded after import = 17

========================================================================
Received Import Request.
  Time since last request: 0.000043 seconds.
  path: Assets/M6 - Packages/StarSparrow/Textures
  artifactKey: Guid(520e0c05383e58a49bf1eb68ec89148d) Importer(2089858483,192608db42251d675da83286b1cce702)
Start importing Assets/M6 - Packages/StarSparrow/Textures using Guid(520e0c05383e58a49bf1eb68ec89148d) Importer(2089858483,192608db42251d675da83286b1cce702) (ScriptedImporter) -> (artifact id: 'c50e43a3c48f3cb477fe4a6f3ac83849') in 0.010617 seconds
Number of updated asset objects reloaded before import = 0Number of asset objects unloaded after import = 1

========================================================================
Received Import Request.
  Time since last request: 0.000034 seconds.
  path: Assets/M6 - Packages/StarSparrow/Textures/BonusContent/Mines/MineSample1_MetallicSmoothness.png
  artifactKey: Guid(8d0f2071706729c4d95bb30b050bc137) Importer(2089858483,192608db42251d675da83286b1cce702)
Start importing Assets/M6 - Packages/StarSparrow/Textures/BonusContent/Mines/MineSample1_MetallicSmoothness.png using Guid(8d0f2071706729c4d95bb30b050bc137) Importer(2089858483,192608db42251d675da83286b1cce702) (ScriptedImporter) -> (artifact id: '3f2ea477141014307b59c228670fe00b') in 0.023332 seconds
Number of updated asset objects reloaded before import = 0Number of asset objects unloaded after import = 1

========================================================================
Received Import Request.
  Time since last request: 0.000055 seconds.
  path: Assets/M6 - Packages/Stylized Rock Pack - 8 styles, 3 shapes, LODs, PBR/Textures/rock_textures/tex_forest
  artifactKey: Guid(66e564da87711e541b25149dd788529f) Importer(2089858483,192608db42251d675da83286b1cce702)
Start importing Assets/M6 - Packages/Stylized Rock Pack - 8 styles, 3 shapes, LODs, PBR/Textures/rock_textures/tex_forest using Guid(66e564da87711e541b25149dd788529f) Importer(2089858483,192608db42251d675da83286b1cce702) (ScriptedImporter) -> (artifact id: 'fbb5b51f98f60c57d6f31849847d2d58') in 0.0587589 seconds
Number of updated asset objects reloaded before import = 0Number of asset objects unloaded after import = 1

========================================================================
Received Import Request.
  Time since last request: 0.000032 seconds.
  path: Assets/M6 - Packages/Stylized Rock Pack - 8 styles, 3 shapes, LODs, PBR/Textures/rock_textures/tex_fancy/rock_fancy_Roughness.png
  artifactKey: Guid(25f050838f5b71f42ac10eccf4bca2ab) Importer(2089858483,192608db42251d675da83286b1cce702)
Start importing Assets/M6 - Packages/Stylized Rock Pack - 8 styles, 3 shapes, LODs, PBR/Textures/rock_textures/tex_fancy/rock_fancy_Roughness.png using Guid(25f050838f5b71f42ac10eccf4bca2ab) Importer(2089858483,192608db42251d675da83286b1cce702) (ScriptedImporter) -> (artifact id: 'd5eb19a57f5e10ccf4270bcafe7e864f') in 0.0520209 seconds
Number of updated asset objects reloaded before import = 0Number of asset objects unloaded after import = 1

========================================================================
Received Import Request.
  Time since last request: 0.000030 seconds.
  path: Assets/M6 - Packages/Stylized Rock Pack - 8 styles, 3 shapes, LODs, PBR/Textures/plate_textures/tex_fancy
  artifactKey: Guid(b99424b0d902dde4fb10f6240fb7e132) Importer(2089858483,192608db42251d675da83286b1cce702)
Start importing Assets/M6 - Packages/Stylized Rock Pack - 8 styles, 3 shapes, LODs, PBR/Textures/plate_textures/tex_fancy using Guid(b99424b0d902dde4fb10f6240fb7e132) Importer(2089858483,192608db42251d675da83286b1cce702) (ScriptedImporter) -> (artifact id: '6451117cf7ce82f2e299798a049609ec') in 0.009953 seconds
Number of updated asset objects reloaded before import = 0Number of asset objects unloaded after import = 1

========================================================================
Received Import Request.
  Time since last request: 0.000077 seconds.
  path: Assets/M6 - Packages/StarSparrow/Prefabs/Examples/StarSparrow12.prefab
  artifactKey: Guid(19bc9763fa1de3a46b9e632135faf962) Importer(2089858483,192608db42251d675da83286b1cce702)
Start importing Assets/M6 - Packages/StarSparrow/Prefabs/Examples/StarSparrow12.prefab using Guid(19bc9763fa1de3a46b9e632135faf962) Importer(2089858483,192608db42251d675da83286b1cce702) (ScriptedImporter) -> (artifact id: 'ce58b1f84e10a653abcb6aeae6bdf20f') in 0.0179766 seconds
Number of updated asset objects reloaded before import = 0Number of asset objects unloaded after import = 91

========================================================================
Received Import Request.
  Time since last request: 0.000046 seconds.
  path: Assets/M6 - Packages/StarSparrow/Prefabs/Modules/StarSparrow_Tail.prefab
  artifactKey: Guid(ff3f7421d8b30da41bea8673056fafa8) Importer(2089858483,192608db42251d675da83286b1cce702)
Start importing Assets/M6 - Packages/StarSparrow/Prefabs/Modules/StarSparrow_Tail.prefab using Guid(ff3f7421d8b30da41bea8673056fafa8) Importer(2089858483,192608db42251d675da83286b1cce702) (ScriptedImporter) -> (artifact id: 'e3df9a71af4a77fd47b9b28483cc50df') in 0.0173501 seconds
Number of updated asset objects reloaded before import = 0Number of asset objects unloaded after import = 14

========================================================================
Received Import Request.
  Time since last request: 0.000060 seconds.
  path: Assets/M6 - Packages/Stylized Rock Pack - 8 styles, 3 shapes, LODs, PBR/Textures/cliff_textures/tex_basic/cliff_basic_Roughness.png
  artifactKey: Guid(2f07f7648f662a842a64e2845b2e8ea3) Importer(2089858483,192608db42251d675da83286b1cce702)
Start importing Assets/M6 - Packages/Stylized Rock Pack - 8 styles, 3 shapes, LODs, PBR/Textures/cliff_textures/tex_basic/cliff_basic_Roughness.png using Guid(2f07f7648f662a842a64e2845b2e8ea3) Importer(2089858483,192608db42251d675da83286b1cce702) (ScriptedImporter) -> (artifact id: '7dc1414a2e30f74928d4a09b084f4037') in 0.0485757 seconds
Number of updated asset objects reloaded before import = 0Number of asset objects unloaded after import = 1

========================================================================
Received Import Request.
  Time since last request: 0.000111 seconds.
  path: Assets/M6 - Packages/StarSparrow/Meshes/StarSparrow1.fbx
  artifactKey: Guid(f075e254465ab4f4ca310cbec3ed905b) Importer(2089858483,192608db42251d675da83286b1cce702)
Start importing Assets/M6 - Packages/StarSparrow/Meshes/StarSparrow1.fbx using Guid(f075e254465ab4f4ca310cbec3ed905b) Importer(2089858483,192608db42251d675da83286b1cce702) (ScriptedImporter) -> (artifact id: '7dfb03e2e1336c0f6b5748cdd0fa47c8') in 0.0267125 seconds
Number of updated asset objects reloaded before import = 0Number of asset objects unloaded after import = 7

========================================================================
Received Import Request.
  Time since last request: 0.000038 seconds.
  path: Assets/M6 - Packages/StarSparrow/Prefabs/BonusContent/PolygonSpaceship/StarSparrow_Weapon_Mirrored_LP_Red.prefab
  artifactKey: Guid(5fcee70427c45b0479f21b97546e2dc2) Importer(2089858483,192608db42251d675da83286b1cce702)
Start importing Assets/M6 - Packages/StarSparrow/Prefabs/BonusContent/PolygonSpaceship/StarSparrow_Weapon_Mirrored_LP_Red.prefab using Guid(5fcee70427c45b0479f21b97546e2dc2) Importer(2089858483,192608db42251d675da83286b1cce702) (ScriptedImporter) -> (artifact id: 'fb7337e364339fd9239f30c3f453fa33') in 0.0243144 seconds
Number of updated asset objects reloaded before import = 0Number of asset objects unloaded after import = 11

========================================================================
Received Import Request.
  Time since last request: 0.000036 seconds.
  path: Assets/M6 - Packages/StarSparrow/Prefabs/Examples/StarSparrow19.prefab
  artifactKey: Guid(fa43056480667f241aecfe7f65a3b0dd) Importer(2089858483,192608db42251d675da83286b1cce702)
Start importing Assets/M6 - Packages/StarSparrow/Prefabs/Examples/StarSparrow19.prefab using Guid(fa43056480667f241aecfe7f65a3b0dd) Importer(2089858483,192608db42251d675da83286b1cce702) (ScriptedImporter) -> (artifact id: 'ae6f60113fc64ff7036805e729be5d63') in 0.0203452 seconds
Number of updated asset objects reloaded before import = 0Number of asset objects unloaded after import = 73

========================================================================
Received Import Request.
  Time since last request: 0.000060 seconds.
  path: Assets/M6 - Packages/StarSparrow/Prefabs/Modules/StarSparrow_Weapon.prefab
  artifactKey: Guid(01a1e23558e35e64989f5b1129a2c195) Importer(2089858483,192608db42251d675da83286b1cce702)
Start importing Assets/M6 - Packages/StarSparrow/Prefabs/Modules/StarSparrow_Weapon.prefab using Guid(01a1e23558e35e64989f5b1129a2c195) Importer(2089858483,192608db42251d675da83286b1cce702) (ScriptedImporter) -> (artifact id: 'aff05ff84273e9ca439acfb6ea6d8b96') in 0.0177095 seconds
Number of updated asset objects reloaded before import = 0Number of asset objects unloaded after import = 11

========================================================================
Received Import Request.
  Time since last request: 0.000055 seconds.
  path: Assets/M6 - Packages/StarSparrow/Prefabs/Modular Examples/StarSparrow8.prefab
  artifactKey: Guid(45c7f78411df3fe46ac304347188b5d4) Importer(2089858483,192608db42251d675da83286b1cce702)
Start importing Assets/M6 - Packages/StarSparrow/Prefabs/Modular Examples/StarSparrow8.prefab using Guid(45c7f78411df3fe46ac304347188b5d4) Importer(2089858483,192608db42251d675da83286b1cce702) (ScriptedImporter) -> (artifact id: '00137c3f384eec430319b5f8d1c30620') in 0.039939 seconds
Number of updated asset objects reloaded before import = 0Number of asset objects unloaded after import = 114

========================================================================
Received Import Request.
  Time since last request: 0.000038 seconds.
  path: Assets/M6 - Packages/Stylized Rock Pack - 8 styles, 3 shapes, LODs, PBR/Materials/plate_mats/Plate_ice.mat
  artifactKey: Guid(5b118f8460d24f44cacfa1fdee9c985d) Importer(2089858483,192608db42251d675da83286b1cce702)
Start importing Assets/M6 - Packages/Stylized Rock Pack - 8 styles, 3 shapes, LODs, PBR/Materials/plate_mats/Plate_ice.mat using Guid(5b118f8460d24f44cacfa1fdee9c985d) Importer(2089858483,192608db42251d675da83286b1cce702) (ScriptedImporter) -> (artifact id: 'b1b540b653b362102b08f713e417f028') in 0.1299702 seconds
Number of updated asset objects reloaded before import = 0Number of asset objects unloaded after import = 5

========================================================================
Received Import Request.
  Time since last request: 0.000067 seconds.
  path: Assets/M6 - Packages/Stylized Rock Pack - 8 styles, 3 shapes, LODs, PBR/Textures/rock_textures/tex_ice/rock_ice_Emissive.png
  artifactKey: Guid(fbc016f33e2f3994fa3d6d0ab8f187f7) Importer(2089858483,192608db42251d675da83286b1cce702)
Start importing Assets/M6 - Packages/Stylized Rock Pack - 8 styles, 3 shapes, LODs, PBR/Textures/rock_textures/tex_ice/rock_ice_Emissive.png using Guid(fbc016f33e2f3994fa3d6d0ab8f187f7) Importer(2089858483,192608db42251d675da83286b1cce702) (ScriptedImporter) -> (artifact id: 'ec7e37a4002ac16d475372cb8e77cd99') in 0.0618638 seconds
Number of updated asset objects reloaded before import = 0Number of asset objects unloaded after import = 1

========================================================================
Received Import Request.
  Time since last request: 0.000039 seconds.
  path: Assets/M6 - Packages/StarSparrow/Materials/StarSparrow_Purple.mat
  artifactKey: Guid(67acd285733fed44fb1db4a42bd626c4) Importer(2089858483,192608db42251d675da83286b1cce702)
Start importing Assets/M6 - Packages/StarSparrow/Materials/StarSparrow_Purple.mat using Guid(67acd285733fed44fb1db4a42bd626c4) Importer(2089858483,192608db42251d675da83286b1cce702) (ScriptedImporter) -> (artifact id: '83a6f5f89bff533635cb5ccfbb241643') in 0.0419221 seconds
Number of updated asset objects reloaded before import = 0Number of asset objects unloaded after import = 5

========================================================================
Received Import Request.
  Time since last request: 0.000039 seconds.
  path: Assets/M6 - Packages/Stylized Rock Pack - 8 styles, 3 shapes, LODs, PBR/Prefabs
  artifactKey: Guid(78d7b0912db99a3468425216c2986f25) Importer(2089858483,192608db42251d675da83286b1cce702)
Start importing Assets/M6 - Packages/Stylized Rock Pack - 8 styles, 3 shapes, LODs, PBR/Prefabs using Guid(78d7b0912db99a3468425216c2986f25) Importer(2089858483,192608db42251d675da83286b1cce702) (ScriptedImporter) -> (artifact id: '17e0ae21c05e31dcd70bca7f4939ad06') in 0.0116109 seconds
Number of updated asset objects reloaded before import = 0Number of asset objects unloaded after import = 1

========================================================================
Received Import Request.
  Time since last request: 0.000050 seconds.
  path: Assets/M6 - Packages/StarSparrow/Materials/BonusContent/ColorsAtlas.mat
  artifactKey: Guid(00eaf01308024044aaffab04875e1397) Importer(2089858483,192608db42251d675da83286b1cce702)
Start importing Assets/M6 - Packages/StarSparrow/Materials/BonusContent/ColorsAtlas.mat using Guid(00eaf01308024044aaffab04875e1397) Importer(2089858483,192608db42251d675da83286b1cce702) (ScriptedImporter) -> (artifact id: '5b4a7ee85dcaa286812b47d441db24f7') in 0.0235774 seconds
Number of updated asset objects reloaded before import = 0Number of asset objects unloaded after import = 2

========================================================================
Received Import Request.
  Time since last request: 0.000036 seconds.
  path: Assets/M6 - Packages/Stylized Rock Pack - 8 styles, 3 shapes, LODs, PBR/Materials/rock_mats/Rock_snow.mat
  artifactKey: Guid(54bed071290bb2d4baebbbead1c9e101) Importer(2089858483,192608db42251d675da83286b1cce702)
Start importing Assets/M6 - Packages/Stylized Rock Pack - 8 styles, 3 shapes, LODs, PBR/Materials/rock_mats/Rock_snow.mat using Guid(54bed071290bb2d4baebbbead1c9e101) Importer(2089858483,192608db42251d675da83286b1cce702) (ScriptedImporter) -> (artifact id: '82a8a57692ef3651b51a70c07fdecb94') in 0.1098988 seconds
Number of updated asset objects reloaded before import = 0Number of asset objects unloaded after import = 4

========================================================================
Received Import Request.
  Time since last request: 0.000054 seconds.
  path: Assets/M6 - Packages/StarSparrow/Prefabs/BonusContent/PolygonSpaceship/StarSparrow_Thruster_LP_Red.prefab
  artifactKey: Guid(81904476cad566346b1f6a2cc9299080) Importer(2089858483,192608db42251d675da83286b1cce702)
Start importing Assets/M6 - Packages/StarSparrow/Prefabs/BonusContent/PolygonSpaceship/StarSparrow_Thruster_LP_Red.prefab using Guid(81904476cad566346b1f6a2cc9299080) Importer(2089858483,192608db42251d675da83286b1cce702) (ScriptedImporter) -> (artifact id: 'e03132b5cde99fc967fb45d9e50ce869') in 0.0433009 seconds
Number of updated asset objects reloaded before import = 0Number of asset objects unloaded after import = 11

========================================================================
Received Import Request.
  Time since last request: 0.000060 seconds.
  path: Assets/M6 - Packages/StarSparrow/Meshes/BonusContent/Planet.FBX
  artifactKey: Guid(614d5d16c663aaf4e8a724ee026d8cf0) Importer(2089858483,192608db42251d675da83286b1cce702)
Start importing Assets/M6 - Packages/StarSparrow/Meshes/BonusContent/Planet.FBX using Guid(614d5d16c663aaf4e8a724ee026d8cf0) Importer(2089858483,192608db42251d675da83286b1cce702) (ScriptedImporter) -> (artifact id: 'eb57f7ed9a6d6c28ebf0e56c5b2a8078') in 0.0415406 seconds
Number of updated asset objects reloaded before import = 0Number of asset objects unloaded after import = 7

========================================================================
Received Import Request.
  Time since last request: 0.000038 seconds.
  path: Assets/M6 - Packages/StarSparrow/Scenes/StarSparrow.unity
  artifactKey: Guid(7326b3c7d6f9f7e4a9b90a9cc4e9d928) Importer(2089858483,192608db42251d675da83286b1cce702)
Start importing Assets/M6 - Packages/StarSparrow/Scenes/StarSparrow.unity using Guid(7326b3c7d6f9f7e4a9b90a9cc4e9d928) Importer(2089858483,192608db42251d675da83286b1cce702) (ScriptedImporter) -> (artifact id: '2c340d7312868b5cb94efa7bbcc06bd3') in 0.0318391 seconds
Number of updated asset objects reloaded before import = 0Number of asset objects unloaded after import = 1

========================================================================
Received Import Request.
  Time since last request: 0.000045 seconds.
  path: Assets/M6 - Packages/StarSparrow/Meshes/BonusContent/MinesSample.FBX
  artifactKey: Guid(6ed599d7224ee9943b11064add7ed981) Importer(2089858483,192608db42251d675da83286b1cce702)
Start importing Assets/M6 - Packages/StarSparrow/Meshes/BonusContent/MinesSample.FBX using Guid(6ed599d7224ee9943b11064add7ed981) Importer(2089858483,192608db42251d675da83286b1cce702) (ScriptedImporter) -> (artifact id: 'fcebdb0889e6038853a9ac8d13b5254b') in 0.0354107 seconds
Number of updated asset objects reloaded before import = 0Number of asset objects unloaded after import = 14

========================================================================
Received Import Request.
  Time since last request: 0.000078 seconds.
  path: Assets/M6 - Packages/StarSparrow/Textures/BonusContent/Asteroids
  artifactKey: Guid(2cf9f05de7a9b1e4c84f5585a8aebc1f) Importer(2089858483,192608db42251d675da83286b1cce702)
Start importing Assets/M6 - Packages/StarSparrow/Textures/BonusContent/Asteroids using Guid(2cf9f05de7a9b1e4c84f5585a8aebc1f) Importer(2089858483,192608db42251d675da83286b1cce702) (ScriptedImporter) -> (artifact id: 'fafd4ee10ebd5a472ec2c18f53aafc42') in 0.0183513 seconds
Number of updated asset objects reloaded before import = 0Number of asset objects unloaded after import = 1

========================================================================
Received Import Request.
  Time since last request: 0.000035 seconds.
  path: Assets/Samples/Cinemachine
  artifactKey: Guid(95ec741852ec8b34a8b88aba5b307a24) Importer(815301076,1909f56bfc062723c751e8b465ee728b)
Start importing Assets/Samples/Cinemachine using Guid(95ec741852ec8b34a8b88aba5b307a24) Importer(815301076,1909f56bfc062723c751e8b465ee728b) (PreviewImporter) -> (artifact id: '268039ac7a69563a00481335c30c3f72') in 0.0012194 seconds
Number of updated asset objects reloaded before import = 0Number of asset objects unloaded after import = 0

========================================================================
Received Import Request.
  Time since last request: 0.000048 seconds.
  path: Assets/M6 - Packages/Stylized Rock Pack - 8 styles, 3 shapes, LODs, PBR/Textures/cliff_textures/tex_white/cliff_white_BaseColor.png
  artifactKey: Guid(c4d275286dbaea445adfe7533aa95a48) Importer(2089858483,192608db42251d675da83286b1cce702)
Start importing Assets/M6 - Packages/Stylized Rock Pack - 8 styles, 3 shapes, LODs, PBR/Textures/cliff_textures/tex_white/cliff_white_BaseColor.png using Guid(c4d275286dbaea445adfe7533aa95a48) Importer(2089858483,192608db42251d675da83286b1cce702) (ScriptedImporter) -> (artifact id: '9bdefd3bb339e72c087c78de8f1df925') in 0.0883041 seconds
Number of updated asset objects reloaded before import = 0Number of asset objects unloaded after import = 1

========================================================================
Received Import Request.
  Time since last request: 0.000068 seconds.
  path: Assets/M6 - Packages/Stylized Rock Pack - 8 styles, 3 shapes, LODs, PBR/Textures/cliff_textures/tex_white/cliff_white_Roughness.png
  artifactKey: Guid(9d11daf7705aea9479da9f86a58cfd88) Importer(2089858483,192608db42251d675da83286b1cce702)
Start importing Assets/M6 - Packages/Stylized Rock Pack - 8 styles, 3 shapes, LODs, PBR/Textures/cliff_textures/tex_white/cliff_white_Roughness.png using Guid(9d11daf7705aea9479da9f86a58cfd88) Importer(2089858483,192608db42251d675da83286b1cce702) (ScriptedImporter) -> (artifact id: '3213825b75da1fdac4bf9d3ba1641e22') in 0.0595624 seconds
Number of updated asset objects reloaded before import = 0Number of asset objects unloaded after import = 1

========================================================================
Received Import Request.
  Time since last request: 0.000048 seconds.
  path: Assets/M6 - Packages/Stylized Rock Pack - 8 styles, 3 shapes, LODs, PBR/Textures/cliff_textures/tex_snow
  artifactKey: Guid(9857785670b55cd409d50689ec393f99) Importer(2089858483,192608db42251d675da83286b1cce702)
Start importing Assets/M6 - Packages/Stylized Rock Pack - 8 styles, 3 shapes, LODs, PBR/Textures/cliff_textures/tex_snow using Guid(9857785670b55cd409d50689ec393f99) Importer(2089858483,192608db42251d675da83286b1cce702) (ScriptedImporter) -> (artifact id: '2c4d953dfab6a2db79fb52babd31d596') in 0.0298055 seconds
Number of updated asset objects reloaded before import = 0Number of asset objects unloaded after import = 1

========================================================================
Received Import Request.
  Time since last request: 0.000049 seconds.
  path: Assets/M6 - Packages/Stylized Rock Pack - 8 styles, 3 shapes, LODs, PBR/Prefabs/Cliff_infernal.prefab
  artifactKey: Guid(3142e2f875161b94fadadb611e3a1c13) Importer(2089858483,192608db42251d675da83286b1cce702)
Start importing Assets/M6 - Packages/Stylized Rock Pack - 8 styles, 3 shapes, LODs, PBR/Prefabs/Cliff_infernal.prefab using Guid(3142e2f875161b94fadadb611e3a1c13) Importer(2089858483,192608db42251d675da83286b1cce702) (ScriptedImporter) -> (artifact id: 'fff28b42e26376979433a318676a4291') in 0.025761 seconds
Number of updated asset objects reloaded before import = 0Number of asset objects unloaded after import = 30

========================================================================
Received Import Request.
  Time since last request: 0.000067 seconds.
  path: Assets/M6 - Packages/StarSparrow/Materials/BonusContent/CloudsRed.mat
  artifactKey: Guid(191ced9846689714398ed909c5e9284a) Importer(2089858483,192608db42251d675da83286b1cce702)
Start importing Assets/M6 - Packages/StarSparrow/Materials/BonusContent/CloudsRed.mat using Guid(191ced9846689714398ed909c5e9284a) Importer(2089858483,192608db42251d675da83286b1cce702) (ScriptedImporter) -> (artifact id: '0c65c764fecceaa27b15d4c4d6912a6e') in 0.0338539 seconds
Number of updated asset objects reloaded before import = 0Number of asset objects unloaded after import = 2

========================================================================
Received Import Request.
  Time since last request: 0.000042 seconds.
  path: Assets/M6 - Packages/Stylized Rock Pack - 8 styles, 3 shapes, LODs, PBR/Meshes/cliff_lod1.fbx
  artifactKey: Guid(c7a542d8a2e0a4f469d16a16cd9e5f33) Importer(2089858483,192608db42251d675da83286b1cce702)
Start importing Assets/M6 - Packages/Stylized Rock Pack - 8 styles, 3 shapes, LODs, PBR/Meshes/cliff_lod1.fbx using Guid(c7a542d8a2e0a4f469d16a16cd9e5f33) Importer(2089858483,192608db42251d675da83286b1cce702) (ScriptedImporter) -> (artifact id: '207955c0c81b0d61914e367cf5409cec') in 0.5936492 seconds
Number of updated asset objects reloaded before import = 0Number of asset objects unloaded after import = 7

========================================================================
Received Import Request.
  Time since last request: 0.000039 seconds.
  path: Assets/M6 - Packages/Stylized Rock Pack - 8 styles, 3 shapes, LODs, PBR/Textures/rock_textures/tex_desert
  artifactKey: Guid(1923c10dd94d8074ea9203a3b4d90c4c) Importer(2089858483,192608db42251d675da83286b1cce702)
Start importing Assets/M6 - Packages/Stylized Rock Pack - 8 styles, 3 shapes, LODs, PBR/Textures/rock_textures/tex_desert using Guid(1923c10dd94d8074ea9203a3b4d90c4c) Importer(2089858483,192608db42251d675da83286b1cce702) (ScriptedImporter) -> (artifact id: '33844672e2b330bbf8177aec944d6398') in 0.0114002 seconds
Number of updated asset objects reloaded before import = 0Number of asset objects unloaded after import = 1

========================================================================
Received Import Request.
  Time since last request: 0.000048 seconds.
  path: Assets/M6 - Packages/StarSparrow/Prefabs/Examples/StarSparrow4.prefab
  artifactKey: Guid(d1ff16837863c9f4c8b78a5697ebf086) Importer(2089858483,192608db42251d675da83286b1cce702)
Start importing Assets/M6 - Packages/StarSparrow/Prefabs/Examples/StarSparrow4.prefab using Guid(d1ff16837863c9f4c8b78a5697ebf086) Importer(2089858483,192608db42251d675da83286b1cce702) (ScriptedImporter) -> (artifact id: 'bf6517e1e2ff351f31ed276077a46d91') in 0.0303536 seconds
Number of updated asset objects reloaded before import = 0Number of asset objects unloaded after import = 151

========================================================================
Received Import Request.
  Time since last request: 0.000031 seconds.
  path: Assets/M6 - Packages/StarSparrow/Prefabs/Modular Examples/StarSparrow4.prefab
  artifactKey: Guid(10f2c891d45bbe9448550442e7192ac8) Importer(2089858483,192608db42251d675da83286b1cce702)
Start importing Assets/M6 - Packages/StarSparrow/Prefabs/Modular Examples/StarSparrow4.prefab using Guid(10f2c891d45bbe9448550442e7192ac8) Importer(2089858483,192608db42251d675da83286b1cce702) (ScriptedImporter) -> (artifact id: 'a96cb15817cbe58b13bc1db4a9a2a0b5') in 0.0260434 seconds
Number of updated asset objects reloaded before import = 0Number of asset objects unloaded after import = 273

========================================================================
Received Import Request.
  Time since last request: 0.000040 seconds.
  path: Assets/M6 - Packages/Stylized Rock Pack - 8 styles, 3 shapes, LODs, PBR/Materials/plate_mats/Plate_basic.mat
  artifactKey: Guid(c98da9820a089be49971ced36687c35a) Importer(2089858483,192608db42251d675da83286b1cce702)
Start importing Assets/M6 - Packages/Stylized Rock Pack - 8 styles, 3 shapes, LODs, PBR/Materials/plate_mats/Plate_basic.mat using Guid(c98da9820a089be49971ced36687c35a) Importer(2089858483,192608db42251d675da83286b1cce702) (ScriptedImporter) -> (artifact id: '5b57c50583a0a43d59b929d85d286460') in 0.0959944 seconds
Number of updated asset objects reloaded before import = 0Number of asset objects unloaded after import = 4

========================================================================
Received Import Request.
  Time since last request: 0.000063 seconds.
  path: Assets/M6 - Packages/StarSparrow/Prefabs/Modular Examples/StarSparrow10.prefab
  artifactKey: Guid(38a27599d83c553428c95896320274d0) Importer(2089858483,192608db42251d675da83286b1cce702)
Start importing Assets/M6 - Packages/StarSparrow/Prefabs/Modular Examples/StarSparrow10.prefab using Guid(38a27599d83c553428c95896320274d0) Importer(2089858483,192608db42251d675da83286b1cce702) (ScriptedImporter) -> (artifact id: '69ddb7a0aa9f65ddc4266fc5a894d8c1') in 0.0246523 seconds
Number of updated asset objects reloaded before import = 0Number of asset objects unloaded after import = 192

========================================================================
Received Import Request.
  Time since last request: 0.000050 seconds.
  path: Assets/M6 - Packages/StarSparrow/Meshes/BonusContent/AsteroidsSample.FBX
  artifactKey: Guid(4514a249f7ca7d44b8eb4cbd48174504) Importer(2089858483,192608db42251d675da83286b1cce702)
Start importing Assets/M6 - Packages/StarSparrow/Meshes/BonusContent/AsteroidsSample.FBX using Guid(4514a249f7ca7d44b8eb4cbd48174504) Importer(2089858483,192608db42251d675da83286b1cce702) (ScriptedImporter) -> (artifact id: 'b6a4e154de3026606e9f3522a936aa3f') in 0.0264718 seconds
Number of updated asset objects reloaded before import = 0Number of asset objects unloaded after import = 14

========================================================================
Received Import Request.
  Time since last request: 0.000038 seconds.
  path: Assets/M6 - Packages/StarSparrow/Materials/BonusContent/Missile.mat
  artifactKey: Guid(30d351457dfac9d40a8b07e6426fd177) Importer(2089858483,192608db42251d675da83286b1cce702)
Start importing Assets/M6 - Packages/StarSparrow/Materials/BonusContent/Missile.mat using Guid(30d351457dfac9d40a8b07e6426fd177) Importer(2089858483,192608db42251d675da83286b1cce702) (ScriptedImporter) -> (artifact id: 'c404f026fa88554453b58b8c8dae2ef2') in 0.037969 seconds
Number of updated asset objects reloaded before import = 0Number of asset objects unloaded after import = 5

========================================================================
Received Import Request.
  Time since last request: 0.000067 seconds.
  path: Assets/M6 - Packages/Stylized Rock Pack - 8 styles, 3 shapes, LODs, PBR/Textures/cliff_textures/tex_forest/cliff_forest_BaseColor.png
  artifactKey: Guid(e40141da3720f9040a1c2d45ae83056d) Importer(2089858483,192608db42251d675da83286b1cce702)
Start importing Assets/M6 - Packages/Stylized Rock Pack - 8 styles, 3 shapes, LODs, PBR/Textures/cliff_textures/tex_forest/cliff_forest_BaseColor.png using Guid(e40141da3720f9040a1c2d45ae83056d) Importer(2089858483,192608db42251d675da83286b1cce702) (ScriptedImporter) -> (artifact id: '37fe7c1719a92b9706a4f88c733b28e7') in 0.0608367 seconds
Number of updated asset objects reloaded before import = 0Number of asset objects unloaded after import = 1

========================================================================
Received Import Request.
  Time since last request: 0.000032 seconds.
  path: Assets/M6 - Packages/Stylized Rock Pack - 8 styles, 3 shapes, LODs, PBR/Textures/plate_textures/tex_infernal/plate_infernal_Normal.png
  artifactKey: Guid(43ee63aa92af5af48a72729ffecfc664) Importer(2089858483,192608db42251d675da83286b1cce702)
Start importing Assets/M6 - Packages/Stylized Rock Pack - 8 styles, 3 shapes, LODs, PBR/Textures/plate_textures/tex_infernal/plate_infernal_Normal.png using Guid(43ee63aa92af5af48a72729ffecfc664) Importer(2089858483,192608db42251d675da83286b1cce702) (ScriptedImporter) -> (artifact id: 'fe9dd14340f0e9b37d4ba9d3df514e12') in 0.053021 seconds
Number of updated asset objects reloaded before import = 0Number of asset objects unloaded after import = 1

========================================================================
Received Import Request.
  Time since last request: 0.000044 seconds.
  path: Assets/M6 - Packages/StarSparrow/Prefabs/Examples/StarSparrow22.prefab
  artifactKey: Guid(8056c19a16bfb43469491dea9c8304fd) Importer(2089858483,192608db42251d675da83286b1cce702)
Start importing Assets/M6 - Packages/StarSparrow/Prefabs/Examples/StarSparrow22.prefab using Guid(8056c19a16bfb43469491dea9c8304fd) Importer(2089858483,192608db42251d675da83286b1cce702) (ScriptedImporter) -> (artifact id: 'c95fd2c1e3f59cb821089a67fa31ecb1') in 0.0235579 seconds
Number of updated asset objects reloaded before import = 0Number of asset objects unloaded after import = 88

========================================================================
Received Import Request.
  Time since last request: 0.000065 seconds.
  path: Assets/M6 - Packages/Stylized Rock Pack - 8 styles, 3 shapes, LODs, PBR/Textures/cliff_textures/tex_blank/cliff_blank_Normal.png
  artifactKey: Guid(8b780d44cb8d7c549a217a5934b11a62) Importer(2089858483,192608db42251d675da83286b1cce702)
Start importing Assets/M6 - Packages/Stylized Rock Pack - 8 styles, 3 shapes, LODs, PBR/Textures/cliff_textures/tex_blank/cliff_blank_Normal.png using Guid(8b780d44cb8d7c549a217a5934b11a62) Importer(2089858483,192608db42251d675da83286b1cce702) (ScriptedImporter) -> (artifact id: 'ec0f08a324e4f5774566bf86cdf174d4') in 0.0452436 seconds
Number of updated asset objects reloaded before import = 0Number of asset objects unloaded after import = 1

========================================================================
Received Import Request.
  Time since last request: 0.000039 seconds.
  path: Assets/M6 - Packages/StarSparrow/Textures/StarSparrow_Normal.png
  artifactKey: Guid(c3269f7bf26348f49ac936a2733e5b0d) Importer(2089858483,192608db42251d675da83286b1cce702)
Start importing Assets/M6 - Packages/StarSparrow/Textures/StarSparrow_Normal.png using Guid(c3269f7bf26348f49ac936a2733e5b0d) Importer(2089858483,192608db42251d675da83286b1cce702) (ScriptedImporter) -> (artifact id: 'c1f736c6c2e9d5e6b348ba87dfe4be73') in 0.0294583 seconds
Number of updated asset objects reloaded before import = 0Number of asset objects unloaded after import = 1

========================================================================
Received Import Request.
  Time since last request: 0.000050 seconds.
  path: Assets/M6 - Packages/StarSparrow/Prefabs/Modules/StarSparrow_Fin.prefab
  artifactKey: Guid(f3f5a95bf53de5744b3140ce9f35902f) Importer(2089858483,192608db42251d675da83286b1cce702)
Start importing Assets/M6 - Packages/StarSparrow/Prefabs/Modules/StarSparrow_Fin.prefab using Guid(f3f5a95bf53de5744b3140ce9f35902f) Importer(2089858483,192608db42251d675da83286b1cce702) (ScriptedImporter) -> (artifact id: 'c7ec6a55fbf6afa032a3b381015219d3') in 0.03289 seconds
Number of updated asset objects reloaded before import = 0Number of asset objects unloaded after import = 11

========================================================================
Received Import Request.
  Time since last request: 0.000069 seconds.
  path: Assets/M6 - Packages/Stylized Rock Pack - 8 styles, 3 shapes, LODs, PBR/Textures/plate_textures/tex_ice/plate_ice_Roughness.png
  artifactKey: Guid(ea8e1d88f2ae4e744b938de5ee8f2466) Importer(2089858483,192608db42251d675da83286b1cce702)
Start importing Assets/M6 - Packages/Stylized Rock Pack - 8 styles, 3 shapes, LODs, PBR/Textures/plate_textures/tex_ice/plate_ice_Roughness.png using Guid(ea8e1d88f2ae4e744b938de5ee8f2466) Importer(2089858483,192608db42251d675da83286b1cce702) (ScriptedImporter) -> (artifact id: '50cc4dca6b1fd0683a35ba871a994ec4') in 0.0513295 seconds
Number of updated asset objects reloaded before import = 0Number of asset objects unloaded after import = 1

========================================================================
Received Import Request.
  Time since last request: 0.000044 seconds.
  path: Assets/M6 - Packages/Stylized Rock Pack - 8 styles, 3 shapes, LODs, PBR/Textures/cliff_textures/tex_fancy/cliff_fancy_Roughness.png
  artifactKey: Guid(b5c1b19c07c813e40bb39e44ca1af659) Importer(2089858483,192608db42251d675da83286b1cce702)
Start importing Assets/M6 - Packages/Stylized Rock Pack - 8 styles, 3 shapes, LODs, PBR/Textures/cliff_textures/tex_fancy/cliff_fancy_Roughness.png using Guid(b5c1b19c07c813e40bb39e44ca1af659) Importer(2089858483,192608db42251d675da83286b1cce702) (ScriptedImporter) -> (artifact id: '49c0063c01419e2c6825b780cb771b04') in 0.0607895 seconds
Number of updated asset objects reloaded before import = 0Number of asset objects unloaded after import = 1

========================================================================
Received Import Request.
  Time since last request: 0.000050 seconds.
  path: Assets/M6 - Packages/Stylized Rock Pack - 8 styles, 3 shapes, LODs, PBR/Prefabs/Plate_infernal.prefab
  artifactKey: Guid(6f9045ec0a660c046ab4c9f64c55afbf) Importer(2089858483,192608db42251d675da83286b1cce702)
Start importing Assets/M6 - Packages/Stylized Rock Pack - 8 styles, 3 shapes, LODs, PBR/Prefabs/Plate_infernal.prefab using Guid(6f9045ec0a660c046ab4c9f64c55afbf) Importer(2089858483,192608db42251d675da83286b1cce702) (ScriptedImporter) -> (artifact id: 'eacdbb442fb66ed215567c974b6653fd') in 0.0212521 seconds
Number of updated asset objects reloaded before import = 0Number of asset objects unloaded after import = 30

========================================================================
Received Import Request.
  Time since last request: 0.000073 seconds.
  path: Assets/M6 - Packages/Stylized Rock Pack - 8 styles, 3 shapes, LODs, PBR/Meshes/plate_lod4.fbx
  artifactKey: Guid(658215a83aae94c46a21910bd9ef5759) Importer(2089858483,192608db42251d675da83286b1cce702)
Start importing Assets/M6 - Packages/Stylized Rock Pack - 8 styles, 3 shapes, LODs, PBR/Meshes/plate_lod4.fbx using Guid(658215a83aae94c46a21910bd9ef5759) Importer(2089858483,192608db42251d675da83286b1cce702) (ScriptedImporter) -> (artifact id: 'c8d899f71ff8557c3dc7a356beee6c74') in 0.0491708 seconds
Number of updated asset objects reloaded before import = 0Number of asset objects unloaded after import = 7

========================================================================
Received Import Request.
  Time since last request: 0.000036 seconds.
  path: Assets/M6 - Packages/StarSparrow/Prefabs/Examples/StarSparrow27.prefab
  artifactKey: Guid(65b06f3d8c059d44791503a6d22ea2fe) Importer(2089858483,192608db42251d675da83286b1cce702)
Start importing Assets/M6 - Packages/StarSparrow/Prefabs/Examples/StarSparrow27.prefab using Guid(65b06f3d8c059d44791503a6d22ea2fe) Importer(2089858483,192608db42251d675da83286b1cce702) (ScriptedImporter) -> (artifact id: '041884fa27f442648629b08edee58459') in 0.0419449 seconds
Number of updated asset objects reloaded before import = 0Number of asset objects unloaded after import = 88

========================================================================
Received Import Request.
  Time since last request: 0.000067 seconds.
  path: Assets/M6 - Packages/StarSparrow/Textures/BonusContent/Asteroids/AsteroidsLava_EmissionRed.png
  artifactKey: Guid(e313900dfc5e97e418383a91c126fe36) Importer(2089858483,192608db42251d675da83286b1cce702)
Start importing Assets/M6 - Packages/StarSparrow/Textures/BonusContent/Asteroids/AsteroidsLava_EmissionRed.png using Guid(e313900dfc5e97e418383a91c126fe36) Importer(2089858483,192608db42251d675da83286b1cce702) (ScriptedImporter) -> (artifact id: 'e313d70550bbfaafa8830cb3f1c5a9a4') in 0.0755056 seconds
Number of updated asset objects reloaded before import = 0Number of asset objects unloaded after import = 1

========================================================================
Received Import Request.
  Time since last request: 0.000062 seconds.
  path: Assets/M6 - Packages/StarSparrow/Textures/Masks/StarSparrow_MetallicSmoothness_Clean.png
  artifactKey: Guid(c90b265d004e41b4eba0b96ea737d9ac) Importer(2089858483,192608db42251d675da83286b1cce702)
Start importing Assets/M6 - Packages/StarSparrow/Textures/Masks/StarSparrow_MetallicSmoothness_Clean.png using Guid(c90b265d004e41b4eba0b96ea737d9ac) Importer(2089858483,192608db42251d675da83286b1cce702) (ScriptedImporter) -> (artifact id: 'e194d4c773625cb4858c90d5229364ac') in 0.2233493 seconds
Number of updated asset objects reloaded before import = 0Number of asset objects unloaded after import = 1

========================================================================
Received Import Request.
  Time since last request: 0.000036 seconds.
  path: Assets/M6 - Packages/StarSparrow/Prefabs/Examples/StarSparrow11.prefab
  artifactKey: Guid(d0ee9ecd775e34846983a62b384b28da) Importer(2089858483,192608db42251d675da83286b1cce702)
Start importing Assets/M6 - Packages/StarSparrow/Prefabs/Examples/StarSparrow11.prefab using Guid(d0ee9ecd775e34846983a62b384b28da) Importer(2089858483,192608db42251d675da83286b1cce702) (ScriptedImporter) -> (artifact id: '00868c590ae1422f3d5b7564ada0f35b') in 0.0842775 seconds
Number of updated asset objects reloaded before import = 0Number of asset objects unloaded after import = 82

========================================================================
Received Import Request.
  Time since last request: 0.000144 seconds.
  path: Assets/M6 - Packages/StarSparrow/Textures/BonusContent/MissileBomb/Missile_Grey.png
  artifactKey: Guid(da3c18cd4f90b7d48900ea3471d8d61d) Importer(2089858483,192608db42251d675da83286b1cce702)
Start importing Assets/M6 - Packages/StarSparrow/Textures/BonusContent/MissileBomb/Missile_Grey.png using Guid(da3c18cd4f90b7d48900ea3471d8d61d) Importer(2089858483,192608db42251d675da83286b1cce702) (ScriptedImporter) -> (artifact id: '88f2cfa4b722bd141b66e4d48a578a39') in 0.0470487 seconds
Number of updated asset objects reloaded before import = 0Number of asset objects unloaded after import = 1

========================================================================
Received Import Request.
  Time since last request: 0.000063 seconds.
  path: Assets/M6 - Packages/Stylized Rock Pack - 8 styles, 3 shapes, LODs, PBR/Textures/rock_textures/tex_fancy/rock_fancy_Emissive.png
  artifactKey: Guid(ae944f7d8a04a234c82ae9fac99eacf6) Importer(2089858483,192608db42251d675da83286b1cce702)
Start importing Assets/M6 - Packages/Stylized Rock Pack - 8 styles, 3 shapes, LODs, PBR/Textures/rock_textures/tex_fancy/rock_fancy_Emissive.png using Guid(ae944f7d8a04a234c82ae9fac99eacf6) Importer(2089858483,192608db42251d675da83286b1cce702) (ScriptedImporter) -> (artifact id: '11d3c4617be3a731bf280ce63b9b394d') in 0.088532 seconds
Number of updated asset objects reloaded before import = 0Number of asset objects unloaded after import = 1

========================================================================
Received Import Request.
  Time since last request: 0.000067 seconds.
  path: Assets/M6 - Packages/StarSparrow/Textures/Masks/StarSparrow.psd
  artifactKey: Guid(9807182e5591a1d40a07d0fc55202c06) Importer(2089858483,192608db42251d675da83286b1cce702)
Start importing Assets/M6 - Packages/StarSparrow/Textures/Masks/StarSparrow.psd using Guid(9807182e5591a1d40a07d0fc55202c06) Importer(2089858483,192608db42251d675da83286b1cce702) (ScriptedImporter) -> (artifact id: 'a4f55ebe6bf9ee32c66f6434bfd77e7d') in 0.0454484 seconds
Number of updated asset objects reloaded before import = 0Number of asset objects unloaded after import = 1

========================================================================
Received Import Request.
  Time since last request: 0.000067 seconds.
  path: Assets/M6 - Packages/Stylized Rock Pack - 8 styles, 3 shapes, LODs, PBR/Prefabs/Plate_ice.prefab
  artifactKey: Guid(b1fefbed5a6b6ad49b2c0bb57bc0ba62) Importer(2089858483,192608db42251d675da83286b1cce702)
Start importing Assets/M6 - Packages/Stylized Rock Pack - 8 styles, 3 shapes, LODs, PBR/Prefabs/Plate_ice.prefab using Guid(b1fefbed5a6b6ad49b2c0bb57bc0ba62) Importer(2089858483,192608db42251d675da83286b1cce702) (ScriptedImporter) -> (artifact id: '248516276e53ce8039e6d675ea937bb5') in 0.0405937 seconds
Number of updated asset objects reloaded before import = 0Number of asset objects unloaded after import = 30

========================================================================
Received Import Request.
  Time since last request: 0.000043 seconds.
  path: Assets/M6 - Packages/StarSparrow/Prefabs/Modular Examples/StarSparrow12.prefab
  artifactKey: Guid(d9b826fbbb3615848bdc7f536dd1bb71) Importer(2089858483,192608db42251d675da83286b1cce702)
Start importing Assets/M6 - Packages/StarSparrow/Prefabs/Modular Examples/StarSparrow12.prefab using Guid(d9b826fbbb3615848bdc7f536dd1bb71) Importer(2089858483,192608db42251d675da83286b1cce702) (ScriptedImporter) -> (artifact id: 'a0f7ef6e76b994b08c8d184b3f645676') in 0.0376829 seconds
Number of updated asset objects reloaded before import = 0Number of asset objects unloaded after import = 130

========================================================================
Received Import Request.
  Time since last request: 0.000070 seconds.
  path: Assets/M6 - Packages/Stylized Rock Pack - 8 styles, 3 shapes, LODs, PBR/Prefabs/Rock_blank.prefab
  artifactKey: Guid(c1a6e9de4ec1a1e4b873ee85f9d52f97) Importer(2089858483,192608db42251d675da83286b1cce702)
Start importing Assets/M6 - Packages/Stylized Rock Pack - 8 styles, 3 shapes, LODs, PBR/Prefabs/Rock_blank.prefab using Guid(c1a6e9de4ec1a1e4b873ee85f9d52f97) Importer(2089858483,192608db42251d675da83286b1cce702) (ScriptedImporter) -> (artifact id: '87f5d251ad2036a62909f050b4bec101') in 0.0475252 seconds
Number of updated asset objects reloaded before import = 0Number of asset objects unloaded after import = 30

========================================================================
Received Import Request.
  Time since last request: 0.000040 seconds.
  path: Assets/M6 - Packages/StarSparrow/Textures/StarSparrow_Red.png
  artifactKey: Guid(e6e95fbe26400d64f873bac5ee28ba71) Importer(2089858483,192608db42251d675da83286b1cce702)
Start importing Assets/M6 - Packages/StarSparrow/Textures/StarSparrow_Red.png using Guid(e6e95fbe26400d64f873bac5ee28ba71) Importer(2089858483,192608db42251d675da83286b1cce702) (ScriptedImporter) -> (artifact id: '0769e10219ce56e859705472a48023b7') in 0.0259851 seconds
Number of updated asset objects reloaded before import = 0Number of asset objects unloaded after import = 1

========================================================================
Received Import Request.
  Time since last request: 0.000127 seconds.
  path: Assets/M6 - Packages/StarSparrow/Meshes/StarSparrow4.fbx
  artifactKey: Guid(da14a01f98ed7544e9203c9240e10acd) Importer(2089858483,192608db42251d675da83286b1cce702)
Start importing Assets/M6 - Packages/StarSparrow/Meshes/StarSparrow4.fbx using Guid(da14a01f98ed7544e9203c9240e10acd) Importer(2089858483,192608db42251d675da83286b1cce702) (ScriptedImporter) -> (artifact id: '1649a812672df6e3d5f43b32b86bee82') in 0.0369594 seconds
Number of updated asset objects reloaded before import = 0Number of asset objects unloaded after import = 7

========================================================================
Received Import Request.
  Time since last request: 0.000069 seconds.
  path: Assets/M6 - Packages/StarSparrow/Meshes/StarSparrow7.fbx
  artifactKey: Guid(239331ff1e1da304292c572871d017c4) Importer(2089858483,192608db42251d675da83286b1cce702)
Start importing Assets/M6 - Packages/StarSparrow/Meshes/StarSparrow7.fbx using Guid(239331ff1e1da304292c572871d017c4) Importer(2089858483,192608db42251d675da83286b1cce702) (ScriptedImporter) -> (artifact id: '5dbee342277b7a5aaea7af352f27e995') in 0.0573662 seconds
Number of updated asset objects reloaded before import = 0Number of asset objects unloaded after import = 7

========================================================================
Received Import Request.
  Time since last request: 0.000289 seconds.
  path: Assets/M6 - Packages/StarSparrow/Prefabs/Modular Examples/StarSparrow11.prefab
  artifactKey: Guid(44679d6f1b5be9449bc770e7f6c03970) Importer(2089858483,192608db42251d675da83286b1cce702)
Start importing Assets/M6 - Packages/StarSparrow/Prefabs/Modular Examples/StarSparrow11.prefab using Guid(44679d6f1b5be9449bc770e7f6c03970) Importer(2089858483,192608db42251d675da83286b1cce702) (ScriptedImporter) -> (artifact id: '39f0cab92e809cbfb172968adcf893af') in 0.045144 seconds
Number of updated asset objects reloaded before import = 0Number of asset objects unloaded after import = 135

========================================================================
Received Import Request.
  Time since last request: 0.000046 seconds.
  path: Assets/M6 - Packages/Stylized Rock Pack - 8 styles, 3 shapes, LODs, PBR/Textures/rock_textures/tex_infernal/rock_infernal_Normal.png
  artifactKey: Guid(3468f9bebca047045bd74bd25aa6755d) Importer(2089858483,192608db42251d675da83286b1cce702)
Start importing Assets/M6 - Packages/Stylized Rock Pack - 8 styles, 3 shapes, LODs, PBR/Textures/rock_textures/tex_infernal/rock_infernal_Normal.png using Guid(3468f9bebca047045bd74bd25aa6755d) Importer(2089858483,192608db42251d675da83286b1cce702) (ScriptedImporter) -> (artifact id: 'fdf0a3d267cabda29884dfb334ffbe2f') in 0.0949028 seconds
Number of updated asset objects reloaded before import = 0Number of asset objects unloaded after import = 1

========================================================================
Received Import Request.
  Time since last request: 0.000111 seconds.
  path: Assets/M6 - Packages/Stylized Rock Pack - 8 styles, 3 shapes, LODs, PBR/Textures/cliff_textures/tex_snow/cliff_snow_BaseColor.png
  artifactKey: Guid(9d472d7cbf5ab8b49b723d1749124deb) Importer(2089858483,192608db42251d675da83286b1cce702)
Start importing Assets/M6 - Packages/Stylized Rock Pack - 8 styles, 3 shapes, LODs, PBR/Textures/cliff_textures/tex_snow/cliff_snow_BaseColor.png using Guid(9d472d7cbf5ab8b49b723d1749124deb) Importer(2089858483,192608db42251d675da83286b1cce702) (ScriptedImporter) -> (artifact id: 'c569daac92d758d8957ca613ddf59bc2') in 0.0837063 seconds
Number of updated asset objects reloaded before import = 0Number of asset objects unloaded after import = 1

========================================================================
Received Import Request.
  Time since last request: 0.000042 seconds.
  path: Assets/M6 - Packages/Stylized Rock Pack - 8 styles, 3 shapes, LODs, PBR/Meshes/cliff_lod2.fbx
  artifactKey: Guid(32f4fbe983645da4f8b4446b8b2d95a1) Importer(2089858483,192608db42251d675da83286b1cce702)
Start importing Assets/M6 - Packages/Stylized Rock Pack - 8 styles, 3 shapes, LODs, PBR/Meshes/cliff_lod2.fbx using Guid(32f4fbe983645da4f8b4446b8b2d95a1) Importer(2089858483,192608db42251d675da83286b1cce702) (ScriptedImporter) -> (artifact id: '5c38cc5d1bd49d7007a5e79ac851c8e3') in 0.0596622 seconds
Number of updated asset objects reloaded before import = 0Number of asset objects unloaded after import = 7

========================================================================
Received Import Request.
  Time since last request: 0.000062 seconds.
  path: Assets/M6 - Packages/Stylized Rock Pack - 8 styles, 3 shapes, LODs, PBR/Textures/cliff_textures/tex_fancy/cliff_fancy_BaseColor.png
  artifactKey: Guid(1c7b4e0a380f4784aaf0040116af689f) Importer(2089858483,192608db42251d675da83286b1cce702)
Start importing Assets/M6 - Packages/Stylized Rock Pack - 8 styles, 3 shapes, LODs, PBR/Textures/cliff_textures/tex_fancy/cliff_fancy_BaseColor.png using Guid(1c7b4e0a380f4784aaf0040116af689f) Importer(2089858483,192608db42251d675da83286b1cce702) (ScriptedImporter) -> (artifact id: 'a1fff467f23e146c1c29e66c9abaf974') in 0.0560162 seconds
Number of updated asset objects reloaded before import = 0Number of asset objects unloaded after import = 1

========================================================================
Received Import Request.
  Time since last request: 0.000037 seconds.
  path: Assets/M6 - Packages/StarSparrow/Textures/BonusContent/Asteroids/AsteroidsLava_Blue.png
  artifactKey: Guid(9c6df97ed7064654ea974c842c85ea3d) Importer(2089858483,192608db42251d675da83286b1cce702)
Start importing Assets/M6 - Packages/StarSparrow/Textures/BonusContent/Asteroids/AsteroidsLava_Blue.png using Guid(9c6df97ed7064654ea974c842c85ea3d) Importer(2089858483,192608db42251d675da83286b1cce702) (ScriptedImporter) -> (artifact id: '192c2b94fdc9f95556dc8a030007d27a') in 0.0355206 seconds
Number of updated asset objects reloaded before import = 0Number of asset objects unloaded after import = 1

========================================================================
Received Import Request.
  Time since last request: 0.000046 seconds.
  path: Assets/M6 - Packages/StarSparrow/Textures/StarSparrow_Orange.png
  artifactKey: Guid(6ce89d2ed6893fb4286aceb9488f545a) Importer(2089858483,192608db42251d675da83286b1cce702)
Start importing Assets/M6 - Packages/StarSparrow/Textures/StarSparrow_Orange.png using Guid(6ce89d2ed6893fb4286aceb9488f545a) Importer(2089858483,192608db42251d675da83286b1cce702) (ScriptedImporter) -> (artifact id: 'ce15d343d988fe5015b498bd9e376c57') in 0.031262 seconds
Number of updated asset objects reloaded before import = 0Number of asset objects unloaded after import = 1

========================================================================
Received Import Request.
  Time since last request: 0.000061 seconds.
  path: Assets/M6 - Packages/StarSparrow/Prefabs/Examples/StarSparrow24.prefab
  artifactKey: Guid(2564f2db40e9cfd4f8a7aaed4d111bfc) Importer(2089858483,192608db42251d675da83286b1cce702)
Start importing Assets/M6 - Packages/StarSparrow/Prefabs/Examples/StarSparrow24.prefab using Guid(2564f2db40e9cfd4f8a7aaed4d111bfc) Importer(2089858483,192608db42251d675da83286b1cce702) (ScriptedImporter) -> (artifact id: '500c04916080efa9445a005e1374b7a3') in 0.0231806 seconds
Number of updated asset objects reloaded before import = 0Number of asset objects unloaded after import = 85

========================================================================
Received Import Request.
  Time since last request: 0.000046 seconds.
  path: Assets/M6 - Packages/Stylized Rock Pack - 8 styles, 3 shapes, LODs, PBR/Materials/cliff_mats/Cliff_ice.mat
  artifactKey: Guid(fcd1fc49397d3aa47aa2d5ee5ee2c257) Importer(2089858483,192608db42251d675da83286b1cce702)
Start importing Assets/M6 - Packages/Stylized Rock Pack - 8 styles, 3 shapes, LODs, PBR/Materials/cliff_mats/Cliff_ice.mat using Guid(fcd1fc49397d3aa47aa2d5ee5ee2c257) Importer(2089858483,192608db42251d675da83286b1cce702) (ScriptedImporter) -> (artifact id: 'c2e42db8a0ff1cbc80f13a113f4ce8be') in 0.1598951 seconds
Number of updated asset objects reloaded before import = 0Number of asset objects unloaded after import = 5

========================================================================
Received Import Request.
  Time since last request: 0.000059 seconds.
  path: Assets/M6 - Packages/StarSparrow/Textures/BonusContent/Planet/Tinniuq_MetallicSmoothness.png
  artifactKey: Guid(35c503943e9b94a49a5cf140d6154a75) Importer(2089858483,192608db42251d675da83286b1cce702)
Start importing Assets/M6 - Packages/StarSparrow/Textures/BonusContent/Planet/Tinniuq_MetallicSmoothness.png using Guid(35c503943e9b94a49a5cf140d6154a75) Importer(2089858483,192608db42251d675da83286b1cce702) (ScriptedImporter) -> (artifact id: '79f43a4fe3080cfc0f686a4d754a41ef') in 0.0719812 seconds
Number of updated asset objects reloaded before import = 0Number of asset objects unloaded after import = 1

========================================================================
Received Import Request.
  Time since last request: 0.000056 seconds.
  path: Assets/M6 - Packages/Stylized Rock Pack - 8 styles, 3 shapes, LODs, PBR/Materials/plate_mats/Plate_desert.mat
  artifactKey: Guid(42cf87c7ccceb204f9e0ebfe843a70be) Importer(2089858483,192608db42251d675da83286b1cce702)
Start importing Assets/M6 - Packages/Stylized Rock Pack - 8 styles, 3 shapes, LODs, PBR/Materials/plate_mats/Plate_desert.mat using Guid(42cf87c7ccceb204f9e0ebfe843a70be) Importer(2089858483,192608db42251d675da83286b1cce702) (ScriptedImporter) -> (artifact id: 'b653006a557199fc96226cd946ae1ee9') in 0.110901 seconds
Number of updated asset objects reloaded before import = 0Number of asset objects unloaded after import = 4

========================================================================
Received Import Request.
  Time since last request: 0.000047 seconds.
  path: Assets/M6 - Packages/StarSparrow/Prefabs/Modular Examples/StarSparrow13.prefab
  artifactKey: Guid(704ae8c099e4b6a4ea1b5bd83d020432) Importer(2089858483,192608db42251d675da83286b1cce702)
Start importing Assets/M6 - Packages/StarSparrow/Prefabs/Modular Examples/StarSparrow13.prefab using Guid(704ae8c099e4b6a4ea1b5bd83d020432) Importer(2089858483,192608db42251d675da83286b1cce702) (ScriptedImporter) -> (artifact id: 'f7fc55a7a2a532bf7a163b57d9f89479') in 0.0241867 seconds
Number of updated asset objects reloaded before import = 0Number of asset objects unloaded after import = 113

========================================================================
Received Import Request.
  Time since last request: 0.000103 seconds.
  path: Assets/M6 - Packages/StarSparrow/Readme.txt
  artifactKey: Guid(9c19dff2d76796c48bb307322ffd831f) Importer(2089858483,192608db42251d675da83286b1cce702)
Start importing Assets/M6 - Packages/StarSparrow/Readme.txt using Guid(9c19dff2d76796c48bb307322ffd831f) Importer(2089858483,192608db42251d675da83286b1cce702) (ScriptedImporter) -> (artifact id: '332b00cee0b34b72cd549082047402c2') in 0.0152644 seconds
Number of updated asset objects reloaded before import = 0Number of asset objects unloaded after import = 1

========================================================================
Received Import Request.
  Time since last request: 0.000063 seconds.
  path: Assets/M6 - Packages/Stylized Rock Pack - 8 styles, 3 shapes, LODs, PBR/Textures/cliff_textures/tex_ice/cliff_ice_BaseColor.png
  artifactKey: Guid(8071a28d1302a2f4294143c621f7ddaf) Importer(2089858483,192608db42251d675da83286b1cce702)
Start importing Assets/M6 - Packages/Stylized Rock Pack - 8 styles, 3 shapes, LODs, PBR/Textures/cliff_textures/tex_ice/cliff_ice_BaseColor.png using Guid(8071a28d1302a2f4294143c621f7ddaf) Importer(2089858483,192608db42251d675da83286b1cce702) (ScriptedImporter) -> (artifact id: 'd064b35c1dadc047b9f5f1722fc5523e') in 0.06588 seconds
Number of updated asset objects reloaded before import = 0Number of asset objects unloaded after import = 1

========================================================================
Received Import Request.
  Time since last request: 0.000044 seconds.
  path: Assets/M6 - Packages/StarSparrow/Textures/BonusContent/Mines/MineSample2_EmissionRed.png
  artifactKey: Guid(86edf433314501c41b7b4916da943bc1) Importer(2089858483,192608db42251d675da83286b1cce702)
Start importing Assets/M6 - Packages/StarSparrow/Textures/BonusContent/Mines/MineSample2_EmissionRed.png using Guid(86edf433314501c41b7b4916da943bc1) Importer(2089858483,192608db42251d675da83286b1cce702) (ScriptedImporter) -> (artifact id: 'f76a9386720a20c81f5b1f18fc231c74') in 0.0709608 seconds
Number of updated asset objects reloaded before import = 0Number of asset objects unloaded after import = 1

========================================================================
Received Import Request.
  Time since last request: 0.000067 seconds.
  path: Assets/M6 - Packages/StarSparrow/Meshes/BonusContent/FlyingInsects3_Wing4.FBX
  artifactKey: Guid(bb401a4b2f241b54f904ccba8227557f) Importer(2089858483,192608db42251d675da83286b1cce702)
Start importing Assets/M6 - Packages/StarSparrow/Meshes/BonusContent/FlyingInsects3_Wing4.FBX using Guid(bb401a4b2f241b54f904ccba8227557f) Importer(2089858483,192608db42251d675da83286b1cce702) (ScriptedImporter) -> (artifact id: 'd092afb3a3f707f79380596fb47d4eb3') in 0.04611 seconds
Number of updated asset objects reloaded before import = 0Number of asset objects unloaded after import = 7

========================================================================
Received Import Request.
  Time since last request: 0.000033 seconds.
  path: Assets/M6 - Packages/StarSparrow/Meshes/StarSparrow17.fbx
  artifactKey: Guid(2e5a3284e53ba5f4b8b58b493ce933c6) Importer(2089858483,192608db42251d675da83286b1cce702)
Start importing Assets/M6 - Packages/StarSparrow/Meshes/StarSparrow17.fbx using Guid(2e5a3284e53ba5f4b8b58b493ce933c6) Importer(2089858483,192608db42251d675da83286b1cce702) (ScriptedImporter) -> (artifact id: 'd8c51da4321d56d338d73e259eeb284c') in 0.0335161 seconds
Number of updated asset objects reloaded before import = 0Number of asset objects unloaded after import = 7

========================================================================
Received Import Request.
  Time since last request: 0.000038 seconds.
  path: Assets/M6 - Packages/StarSparrow/Prefabs/Modules/StarSparrow_Plasma.prefab
  artifactKey: Guid(1c3973db67bc50449bfac34c2093ea4f) Importer(2089858483,192608db42251d675da83286b1cce702)
Start importing Assets/M6 - Packages/StarSparrow/Prefabs/Modules/StarSparrow_Plasma.prefab using Guid(1c3973db67bc50449bfac34c2093ea4f) Importer(2089858483,192608db42251d675da83286b1cce702) (ScriptedImporter) -> (artifact id: '33ca51c56b8a3af10093fcbfcfaf4747') in 0.0416924 seconds
Number of updated asset objects reloaded before import = 0Number of asset objects unloaded after import = 11

========================================================================
Received Import Request.
  Time since last request: 0.000056 seconds.
  path: Assets/M6 - Packages/StarSparrow/Prefabs/Examples/StarSparrow25.prefab
  artifactKey: Guid(d82acb7365971b04cb89377b00d4288a) Importer(2089858483,192608db42251d675da83286b1cce702)
Start importing Assets/M6 - Packages/StarSparrow/Prefabs/Examples/StarSparrow25.prefab using Guid(d82acb7365971b04cb89377b00d4288a) Importer(2089858483,192608db42251d675da83286b1cce702) (ScriptedImporter) -> (artifact id: '81474cf7c18ccb19e576f04307762f04') in 0.019121 seconds
Number of updated asset objects reloaded before import = 0Number of asset objects unloaded after import = 73

========================================================================
Received Prepare
Assembly reference Packages/com.unity.cinemachine/Editor/Samples/ExposeHDRPInternals/HDRP-Editor-ref.asmref has no target assembly definition
Assembly reference Packages/com.unity.cinemachine/Editor/Samples/ExposeHDRPInternals/HDRP-Editor-ref.asmref has no target assembly definition
Begin MonoManager ReloadAssembly
- Loaded All Assemblies, in  0.884 seconds
Assembly reference Packages/com.unity.cinemachine/Editor/Samples/ExposeHDRPInternals/HDRP-Editor-ref.asmref has no target assembly definition
'Packages/com.unity.cinemachine/Editor/Obsolete/CinemachineVirtualCameraBaseEditor.cs' contains partial class of Unity.Object, exactly 1 of the partial classes needs to be in a file with the same filename. This is to know the one that can be referenced from ie. GameObjects
'Packages/com.unity.cinemachine/Editor/Editors/CinemachineVirtualCameraBaseEditor.cs' contains partial class of Unity.Object, exactly 1 of the partial classes needs to be in a file with the same filename. This is to know the one that can be referenced from ie. GameObjects
Refreshing native plugins compatible for Editor in 0.00 ms, found 0 plugins.
Native extension for Android target not found
Native extension for WindowsStandalone target not found
Native extension for WebGL target not found
Assembly reference Packages/com.unity.cinemachine/Editor/Samples/ExposeHDRPInternals/HDRP-Editor-ref.asmref has no target assembly definition
[Package Manager] Failed to launch server process. Reason: Unity was launched with the -noUpm command-line argument
[Package Manager] Unable to send message (not connected to server process).
[Package Manager] Cannot connect to Unity Package Manager local server
Mono: successfully reloaded assembly
- Finished resetting the current domain, in  1.240 seconds
Domain Reload Profiling: 2122ms
	BeginReloadAssembly (281ms)
		ExecutionOrderSort (0ms)
		DisableScriptedObjects (8ms)
		BackupInstance (0ms)
		ReleaseScriptingObjects (0ms)
		CreateAndSetChildDomain (72ms)
	RebuildCommonClasses (50ms)
	RebuildNativeTypeToScriptingClass (17ms)
	initialDomainReloadingComplete (46ms)
	LoadAllAssembliesAndSetupDomain (487ms)
		LoadAssemblies (442ms)
		RebuildTransferFunctionScriptingTraits (0ms)
		AnalyzeDomain (174ms)
			TypeCache.Refresh (10ms)
				TypeCache.ScanAssembly (0ms)
			BuildScriptInfoCaches (143ms)
			ResolveRequiredComponents (16ms)
	FinalizeReload (1241ms)
		ReleaseScriptCaches (0ms)
		RebuildScriptCaches (0ms)
		SetupLoadedEditorAssemblies (913ms)
			LogAssemblyErrors (0ms)
			InitializePlatformSupportModulesInManaged (25ms)
			SetLoadedEditorAssemblies (5ms)
			BeforeProcessingInitializeOnLoad (286ms)
			ProcessInitializeOnLoadAttributes (459ms)
			ProcessInitializeOnLoadMethodAttributes (120ms)
			AfterProcessingInitializeOnLoad (17ms)
			EditorAssembliesLoaded (1ms)
		ExecutionOrderSort2 (0ms)
		AwakeInstancesAfterBackupRestoration (30ms)
Refreshing native plugins compatible for Editor in 0.00 ms, found 0 plugins.
Preloading 0 native plugins for Editor in 0.00 ms.
Unloading 14 Unused Serialized files (Serialized files now loaded: 0)
Unloading 3579 unused Assets / (2.1 MB). Loaded Objects now: 4299.
Memory consumption went from 122.6 MB to 120.5 MB.
Total: 10.125300 ms (FindLiveObjects: 0.552000 ms CreateObjectMapping: 0.233900 ms MarkObjects: 7.383700 ms  DeleteObjects: 1.953000 ms)

Prepare: number of updated asset objects reloaded= 0
========================================================================
Received Import Request.
  Time since last request: 17.243057 seconds.
  path: Assets/M1 - Scenes/Level 1.unity
  artifactKey: Guid(c9c752ec4c5531646a4d929552f2e5eb) Importer(815301076,1909f56bfc062723c751e8b465ee728b)
Start importing Assets/M1 - Scenes/Level 1.unity using Guid(c9c752ec4c5531646a4d929552f2e5eb) Importer(815301076,1909f56bfc062723c751e8b465ee728b) (PreviewImporter) -> (artifact id: '23c6242d4a1e3bf0299e670e9bf5629e') in 0.002153 seconds
Number of updated asset objects reloaded before import = 0Number of asset objects unloaded after import = 0

========================================================================
Received Import Request.
  Time since last request: 4.916397 seconds.
  path: Assets/Tree_Textures/diffuse.png
  artifactKey: Guid(8de6a3247f6d36042bfbf6cc986914f0) Importer(815301076,1909f56bfc062723c751e8b465ee728b)
Start importing Assets/Tree_Textures/diffuse.png using Guid(8de6a3247f6d36042bfbf6cc986914f0) Importer(815301076,1909f56bfc062723c751e8b465ee728b) (PreviewImporter) -> (artifact id: '0b135190fbf0e9f9b37dc7ff61133587') in 0.0904931 seconds
Number of updated asset objects reloaded before import = 0Number of asset objects unloaded after import = 2

========================================================================
Received Import Request.
  Time since last request: 42.800472 seconds.
  path: Assets/M4 - Prefabs/Avion Red.prefab
  artifactKey: Guid(b607facbe8d734846a05f80cb2b4e98d) Importer(815301076,1909f56bfc062723c751e8b465ee728b)
Start importing Assets/M4 - Prefabs/Avion Red.prefab using Guid(b607facbe8d734846a05f80cb2b4e98d) Importer(815301076,1909f56bfc062723c751e8b465ee728b) (PreviewImporter) -> (artifact id: 'f5c0e67b1ca341ffa36768613c266d24') in 0.561527 seconds
Number of updated asset objects reloaded before import = 0Number of asset objects unloaded after import = 145

