Using pre-set license
Built from '6000.0/respin/6000.0.60f1-f02d6f9f9009' branch; Version is '6000.0.60f1 (61dfb374e36f) revision 6414259'; Using compiler version '193933523'; Build Type 'Release'
OS: 'Windows 11  (10.0.26200) 64bit Core' Language: 'en' Physical Memory: 32117 MB
BatchMode: 1, IsHumanControllingUs: 0, StartBugReporterOnCrash: 0, Is64bit: 1
Date: 2026-06-17T15:14:21Z

COMMAND LINE ARGUMENTS:
C:\Program Files\Unity\Hub\Editor\6000.0.60f1\Editor\Unity.exe
-adb2
-batchMode
-noUpm
-name
AssetImportWorker18
-projectPath
C:/Users/joell/OneDrive/Documenten/J3Dez +/9 Devs/3 Games/AirParkour
-logFile
Logs/AssetImportWorker18.log
-srvPort
51811
-job-worker-count
10
-background-job-worker-count
8
-gc-helper-count
1
-name
AssetImport
Successfully changed project path to: C:/Users/joell/OneDrive/Documenten/J3Dez +/9 Devs/3 Games/AirParkour
C:/Users/joell/OneDrive/Documenten/J3Dez +/9 Devs/3 Games/AirParkour
[UnityMemory] Configuration Parameters - Can be set up in boot.config
    "memorysetup-bucket-allocator-granularity=16"
    "memorysetup-bucket-allocator-bucket-count=8"
    "memorysetup-bucket-allocator-block-size=33554432"
    "memorysetup-bucket-allocator-block-count=8"
    "memorysetup-main-allocator-block-size=16777216"
    "memorysetup-thread-allocator-block-size=16777216"
    "memorysetup-gfx-main-allocator-block-size=16777216"
    "memorysetup-gfx-thread-allocator-block-size=16777216"
    "memorysetup-cache-allocator-block-size=4194304"
    "memorysetup-typetree-allocator-block-size=2097152"
    "memorysetup-profiler-bucket-allocator-granularity=16"
    "memorysetup-profiler-bucket-allocator-bucket-count=8"
    "memorysetup-profiler-bucket-allocator-block-size=33554432"
    "memorysetup-profiler-bucket-allocator-block-count=8"
    "memorysetup-profiler-allocator-block-size=16777216"
    "memorysetup-profiler-editor-allocator-block-size=1048576"
    "memorysetup-temp-allocator-size-main=16777216"
    "memorysetup-job-temp-allocator-block-size=2097152"
    "memorysetup-job-temp-allocator-block-size-background=1048576"
    "memorysetup-job-temp-allocator-reduction-small-platforms=262144"
    "memorysetup-allocator-temp-initial-block-size-main=262144"
    "memorysetup-allocator-temp-initial-block-size-worker=262144"
    "memorysetup-temp-allocator-size-background-worker=32768"
    "memorysetup-temp-allocator-size-job-worker=262144"
    "memorysetup-temp-allocator-size-preload-manager=33554432"
    "memorysetup-temp-allocator-size-nav-mesh-worker=65536"
    "memorysetup-temp-allocator-size-audio-worker=65536"
    "memorysetup-temp-allocator-size-cloud-worker=32768"
    "memorysetup-temp-allocator-size-gi-baking-worker=262144"
    "memorysetup-temp-allocator-size-gi-baking-worker=262144"
    "memorysetup-temp-allocator-size-gi-baking-worker=262144"
    "memorysetup-temp-allocator-size-gi-baking-worker=262144"
    "memorysetup-temp-allocator-size-gi-baking-worker=262144"
    "memorysetup-temp-allocator-size-gfx=262144"
Player connection [25516]  Target information:

Player connection [25516]  * "[IP] 192.168.1.4 [Port] 0 [Flags] 2 [Guid] 4257188457 [EditorId] 4257188457 [Version] 1048832 [Id] WindowsEditor(7,J3Dez) [Debug] 1 [PackageName] WindowsEditor [ProjectName] Editor" 

Player connection [25516] Host joined multi-casting on [225.0.0.222:54997]...
Player connection [25516] Host joined alternative multi-casting on [225.0.0.222:34997]...
JobSystem: Creating JobQueue using job-worker-count value 10
Input System module state changed to: Initialized.
[Physics::Module] Initialized fallback backend.
[Physics::Module] Id: 0xdecafbad
Library Redirect Path: Library/
[Physics::Module] Selected backend.
[Physics::Module] Name: PhysX
[Physics::Module] Id: 0xf2b8ea05
[Physics::Module] SDK Version: 4.1.2
[Physics::Module] Integration Version: 1.0.0
[Physics::Module] Threading Mode: Multi-Threaded
Refreshing native plugins compatible for Editor in 0.00 ms, found 0 plugins.
Preloading 0 native plugins for Editor in 0.00 ms.
Initialize engine version: 6000.0.60f1 (61dfb374e36f)
[Subsystems] Discovering subsystems at path C:/Program Files/Unity/Hub/Editor/6000.0.60f1/Editor/Data/Resources/UnitySubsystems
[Subsystems] Discovering subsystems at path C:/Users/joell/OneDrive/Documenten/J3Dez +/9 Devs/3 Games/AirParkour/Assets
GfxDevice: creating device client; kGfxThreadingModeNonThreaded
Direct3D:
    Version:  Direct3D 11.0 [level 11.1]
    Renderer: Intel(R) Arc(TM) Graphics (ID=0x7d55)
    Vendor:   Intel
    VRAM:     18307 MB
    Driver:   32.0.101.6127
Initialize mono
Mono path[0] = 'C:/Program Files/Unity/Hub/Editor/6000.0.60f1/Editor/Data/Managed'
Mono path[1] = 'C:/Program Files/Unity/Hub/Editor/6000.0.60f1/Editor/Data/MonoBleedingEdge/lib/mono/unityjit-win32'
Mono config path = 'C:/Program Files/Unity/Hub/Editor/6000.0.60f1/Editor/Data/MonoBleedingEdge/etc'
Using monoOptions --debugger-agent=transport=dt_socket,embedding=1,server=y,suspend=n,address=127.0.0.1:56304
Begin MonoManager ReloadAssembly
Registering precompiled unity dll's ...
Register platform support module: C:/Program Files/Unity/Hub/Editor/6000.0.60f1/Editor/Data/PlaybackEngines/WebGLSupport/UnityEditor.WebGL.Extensions.dll
Register platform support module: C:/Program Files/Unity/Hub/Editor/6000.0.60f1/Editor/Data/PlaybackEngines/WindowsStandaloneSupport/UnityEditor.WindowsStandalone.Extensions.dll
Register platform support module: C:/Program Files/Unity/Hub/Editor/6000.0.60f1/Editor/Data/PlaybackEngines/AndroidPlayer/UnityEditor.Android.Extensions.dll
Registered in 0.009035 seconds.
- Loaded All Assemblies, in  0.423 seconds
Native extension for Android target not found
Android Extension - Scanning For ADB Devices 241 ms
Native extension for WindowsStandalone target not found
Native extension for WebGL target not found
Mono: successfully reloaded assembly
- Finished resetting the current domain, in  0.651 seconds
Domain Reload Profiling: 1072ms
	BeginReloadAssembly (141ms)
		ExecutionOrderSort (0ms)
		DisableScriptedObjects (0ms)
		BackupInstance (0ms)
		ReleaseScriptingObjects (0ms)
		CreateAndSetChildDomain (1ms)
	RebuildCommonClasses (39ms)
	RebuildNativeTypeToScriptingClass (10ms)
	initialDomainReloadingComplete (61ms)
	LoadAllAssembliesAndSetupDomain (171ms)
		LoadAssemblies (141ms)
		RebuildTransferFunctionScriptingTraits (0ms)
		AnalyzeDomain (164ms)
			TypeCache.Refresh (162ms)
				TypeCache.ScanAssembly (147ms)
			BuildScriptInfoCaches (0ms)
			ResolveRequiredComponents (0ms)
	FinalizeReload (651ms)
		ReleaseScriptCaches (0ms)
		RebuildScriptCaches (0ms)
		SetupLoadedEditorAssemblies (608ms)
			LogAssemblyErrors (0ms)
			InitializePlatformSupportModulesInManaged (346ms)
			SetLoadedEditorAssemblies (4ms)
			BeforeProcessingInitializeOnLoad (63ms)
			ProcessInitializeOnLoadAttributes (136ms)
			ProcessInitializeOnLoadMethodAttributes (59ms)
			AfterProcessingInitializeOnLoad (0ms)
			EditorAssembliesLoaded (0ms)
		ExecutionOrderSort2 (0ms)
		AwakeInstancesAfterBackupRestoration (0ms)
Assembly reference Packages/com.unity.cinemachine/Editor/Samples/ExposeHDRPInternals/HDRP-Editor-ref.asmref has no target assembly definition
========================================================================
Worker process is ready to serve import requests
Import Worker Mode flag is 0x00
Assembly reference Packages/com.unity.cinemachine/Editor/Samples/ExposeHDRPInternals/HDRP-Editor-ref.asmref has no target assembly definition
Assembly reference Packages/com.unity.cinemachine/Editor/Samples/ExposeHDRPInternals/HDRP-Editor-ref.asmref has no target assembly definition
Begin MonoManager ReloadAssembly
- Loaded All Assemblies, in  0.690 seconds
Assembly reference Packages/com.unity.cinemachine/Editor/Samples/ExposeHDRPInternals/HDRP-Editor-ref.asmref has no target assembly definition
'Packages/com.unity.cinemachine/Editor/Obsolete/CinemachineVirtualCameraBaseEditor.cs' contains partial class of Unity.Object, exactly 1 of the partial classes needs to be in a file with the same filename. This is to know the one that can be referenced from ie. GameObjects
'Packages/com.unity.cinemachine/Editor/Editors/CinemachineVirtualCameraBaseEditor.cs' contains partial class of Unity.Object, exactly 1 of the partial classes needs to be in a file with the same filename. This is to know the one that can be referenced from ie. GameObjects
Refreshing native plugins compatible for Editor in 0.00 ms, found 0 plugins.
Native extension for Android target not found
Native extension for WindowsStandalone target not found
Native extension for WebGL target not found
Assembly reference Packages/com.unity.cinemachine/Editor/Samples/ExposeHDRPInternals/HDRP-Editor-ref.asmref has no target assembly definition
Package Manager log level set to [2]
[Package Manager] Failed to launch server process. Reason: Unity was launched with the -noUpm command-line argument
[Package Manager] Unable to send message (not connected to server process).
[Package Manager] Cannot connect to Unity Package Manager local server
Mono: successfully reloaded assembly
- Finished resetting the current domain, in  0.588 seconds
Domain Reload Profiling: 1275ms
	BeginReloadAssembly (177ms)
		ExecutionOrderSort (0ms)
		DisableScriptedObjects (6ms)
		BackupInstance (0ms)
		ReleaseScriptingObjects (0ms)
		CreateAndSetChildDomain (30ms)
	RebuildCommonClasses (39ms)
	RebuildNativeTypeToScriptingClass (12ms)
	initialDomainReloadingComplete (40ms)
	LoadAllAssembliesAndSetupDomain (418ms)
		LoadAssemblies (379ms)
		RebuildTransferFunctionScriptingTraits (0ms)
		AnalyzeDomain (138ms)
			TypeCache.Refresh (99ms)
				TypeCache.ScanAssembly (87ms)
			BuildScriptInfoCaches (26ms)
			ResolveRequiredComponents (11ms)
	FinalizeReload (589ms)
		ReleaseScriptCaches (0ms)
		RebuildScriptCaches (0ms)
		SetupLoadedEditorAssemblies (393ms)
			LogAssemblyErrors (0ms)
			InitializePlatformSupportModulesInManaged (12ms)
			SetLoadedEditorAssemblies (3ms)
			BeforeProcessingInitializeOnLoad (100ms)
			ProcessInitializeOnLoadAttributes (213ms)
			ProcessInitializeOnLoadMethodAttributes (59ms)
			AfterProcessingInitializeOnLoad (5ms)
			EditorAssembliesLoaded (0ms)
		ExecutionOrderSort2 (0ms)
		AwakeInstancesAfterBackupRestoration (6ms)
Launched and connected shader compiler UnityShaderCompiler.exe after 0.02 seconds
Refreshing native plugins compatible for Editor in 0.00 ms, found 0 plugins.
Preloading 0 native plugins for Editor in 0.00 ms.
Unloading 14 Unused Serialized files (Serialized files now loaded: 0)
Unloading 3580 unused Assets / (3.3 MB). Loaded Objects now: 4283.
Memory consumption went from 110.8 MB to 107.5 MB.
Total: 4.864300 ms (FindLiveObjects: 0.300700 ms CreateObjectMapping: 0.118200 ms MarkObjects: 3.309500 ms  DeleteObjects: 1.134800 ms)

========================================================================
Received Import Request.
  Time since last request: 9648.013763 seconds.
  path: Assets/DefaultVolumeProfile.asset
  artifactKey: Guid(7df7beac0aa11784492f15b3f1b869df) Importer(815301076,1909f56bfc062723c751e8b465ee728b)
Start importing Assets/DefaultVolumeProfile.asset using Guid(7df7beac0aa11784492f15b3f1b869df) Importer(815301076,1909f56bfc062723c751e8b465ee728b) (PreviewImporter) -> (artifact id: '522403eb3317e9202c80c52cc03b678c') in 0.0299476 seconds
Number of updated asset objects reloaded before import = 0Number of asset objects unloaded after import = 0

========================================================================
Received Import Request.
  Time since last request: 0.000032 seconds.
  path: Assets/Tree.prefab
  artifactKey: Guid(636c02c42e810c543a373f85ff3d672e) Importer(815301076,1909f56bfc062723c751e8b465ee728b)
Start importing Assets/Tree.prefab using Guid(636c02c42e810c543a373f85ff3d672e) Importer(815301076,1909f56bfc062723c751e8b465ee728b) (PreviewImporter) -> (artifact id: '7b0a9d55dccc9b4c25a4093b57b42a62') in 0.6594713 seconds
Number of updated asset objects reloaded before import = 0Number of asset objects unloaded after import = 16

========================================================================
Received Import Request.
  Time since last request: 35.762192 seconds.
  path: Assets/M6 - Packages/3D_Sci-fi_asteroid_belt_group_01/HDRP/Materials_HDRP
  artifactKey: Guid(d6b6ca8eedef6e646932d92c34a9e329) Importer(2089858483,192608db42251d675da83286b1cce702)
Start importing Assets/M6 - Packages/3D_Sci-fi_asteroid_belt_group_01/HDRP/Materials_HDRP using Guid(d6b6ca8eedef6e646932d92c34a9e329) Importer(2089858483,192608db42251d675da83286b1cce702) (ScriptedImporter) -> (artifact id: '745b3e2edbacf3577f88b9faa250d6d3') in 0.2994054 seconds
Number of updated asset objects reloaded before import = 0Number of asset objects unloaded after import = 1

========================================================================
Received Import Request.
  Time since last request: 0.000048 seconds.
  path: Assets/M6 - Packages/DinV/Dynamic Space Background/Sprites/Stars-Big_1.png
  artifactKey: Guid(c6944f9f15bd0ca4087bcdf033f0e162) Importer(2089858483,192608db42251d675da83286b1cce702)
Start importing Assets/M6 - Packages/DinV/Dynamic Space Background/Sprites/Stars-Big_1.png using Guid(c6944f9f15bd0ca4087bcdf033f0e162) Importer(2089858483,192608db42251d675da83286b1cce702) (ScriptedImporter) -> (artifact id: '3ae5525ad293c8c6cab2c08b3132e7b7') in 0.2270956 seconds
Number of updated asset objects reloaded before import = 0Number of asset objects unloaded after import = 3

========================================================================
Received Import Request.
  Time since last request: 0.000060 seconds.
  path: Assets/M6 - Packages/3D_Sci-fi_asteroid_belt_group_01/HDRP/Materials_HDRP/asteroids_ mat_HDRP_01.mat
  artifactKey: Guid(10c5cbcf9b680364e9480dc15932c959) Importer(2089858483,192608db42251d675da83286b1cce702)
Start importing Assets/M6 - Packages/3D_Sci-fi_asteroid_belt_group_01/HDRP/Materials_HDRP/asteroids_ mat_HDRP_01.mat using Guid(10c5cbcf9b680364e9480dc15932c959) Importer(2089858483,192608db42251d675da83286b1cce702) (ScriptedImporter) -> (artifact id: '7d3c851cf3c8aa8498d0002a73d1b7bc') in 0.1248968 seconds
Number of updated asset objects reloaded before import = 0Number of asset objects unloaded after import = 1

========================================================================
Received Import Request.
  Time since last request: 0.000029 seconds.
  path: Assets/M6 - Packages/3D_Sci-fi_asteroid_belt_group_01/demo_scene/demo_scene_URP.unity
  artifactKey: Guid(89e981079034a6b41814555b5dcf7b5e) Importer(2089858483,192608db42251d675da83286b1cce702)
Start importing Assets/M6 - Packages/3D_Sci-fi_asteroid_belt_group_01/demo_scene/demo_scene_URP.unity using Guid(89e981079034a6b41814555b5dcf7b5e) Importer(2089858483,192608db42251d675da83286b1cce702) (ScriptedImporter) -> (artifact id: 'e0e5cd8492c36eb6b3d48dad8b6c0227') in 0.2680755 seconds
Number of updated asset objects reloaded before import = 0Number of asset objects unloaded after import = 1

========================================================================
Received Import Request.
  Time since last request: 0.000040 seconds.
  path: Assets/M6 - Packages/3D_Sci-fi_asteroid_belt_group_01/HDRP
  artifactKey: Guid(5749f5eb6a36a294cb9bdb5d530ef337) Importer(2089858483,192608db42251d675da83286b1cce702)
Start importing Assets/M6 - Packages/3D_Sci-fi_asteroid_belt_group_01/HDRP using Guid(5749f5eb6a36a294cb9bdb5d530ef337) Importer(2089858483,192608db42251d675da83286b1cce702) (ScriptedImporter) -> (artifact id: 'c49367afe5843e54610d4220d9f68422') in 0.0051375 seconds
Number of updated asset objects reloaded before import = 0Number of asset objects unloaded after import = 1

========================================================================
Received Import Request.
  Time since last request: 0.000055 seconds.
  path: Assets/M6 - Packages/3D_Sci-fi_asteroid_belt_group_01/Built_in_RP
  artifactKey: Guid(ae68b398a3c2fd44497b5ea9897cac3c) Importer(2089858483,192608db42251d675da83286b1cce702)
Start importing Assets/M6 - Packages/3D_Sci-fi_asteroid_belt_group_01/Built_in_RP using Guid(ae68b398a3c2fd44497b5ea9897cac3c) Importer(2089858483,192608db42251d675da83286b1cce702) (ScriptedImporter) -> (artifact id: 'f646a7135c54ae42ee00d70d4e658321') in 0.0079441 seconds
Number of updated asset objects reloaded before import = 0Number of asset objects unloaded after import = 1

========================================================================
Received Import Request.
  Time since last request: 0.000041 seconds.
  path: Assets/M6 - Packages/3D_Sci-fi_asteroid_belt_group_01/URP/Prefabs_URP/asteroid_belt_group_URP_01.prefab
  artifactKey: Guid(40eef8e8ad2ef754e8ff32abf724db72) Importer(2089858483,192608db42251d675da83286b1cce702)
Start importing Assets/M6 - Packages/3D_Sci-fi_asteroid_belt_group_01/URP/Prefabs_URP/asteroid_belt_group_URP_01.prefab using Guid(40eef8e8ad2ef754e8ff32abf724db72) Importer(2089858483,192608db42251d675da83286b1cce702) (ScriptedImporter) -> (artifact id: '3618298942c51c6eec2d4732ba4ef16e') in 0.0272815 seconds
Number of updated asset objects reloaded before import = 0Number of asset objects unloaded after import = 49

========================================================================
Received Import Request.
  Time since last request: 0.000033 seconds.
  path: Assets/M6 - Packages/3D_Sci-fi_asteroid_belt_group_01/Built_in_RP/Prefabs/asteroid_belt_group_SRP_01.prefab
  artifactKey: Guid(d013c4364aab6b1439a0365bba950554) Importer(2089858483,192608db42251d675da83286b1cce702)
Start importing Assets/M6 - Packages/3D_Sci-fi_asteroid_belt_group_01/Built_in_RP/Prefabs/asteroid_belt_group_SRP_01.prefab using Guid(d013c4364aab6b1439a0365bba950554) Importer(2089858483,192608db42251d675da83286b1cce702) (ScriptedImporter) -> (artifact id: 'a399832a6a3db7c90a09b9f568c6c14b') in 0.0129569 seconds
Number of updated asset objects reloaded before import = 0Number of asset objects unloaded after import = 49

========================================================================
Received Import Request.
  Time since last request: 0.000033 seconds.
  path: Assets/M6 - Packages/3D_Sci-fi_asteroid_belt_group_01/URP/URPDefaultResources
  artifactKey: Guid(772988af64abff644a1afb420beecf32) Importer(2089858483,192608db42251d675da83286b1cce702)
Start importing Assets/M6 - Packages/3D_Sci-fi_asteroid_belt_group_01/URP/URPDefaultResources using Guid(772988af64abff644a1afb420beecf32) Importer(2089858483,192608db42251d675da83286b1cce702) (ScriptedImporter) -> (artifact id: '2410f706d9f41f99d0af53b94cfd6e17') in 0.0083714 seconds
Number of updated asset objects reloaded before import = 0Number of asset objects unloaded after import = 1

========================================================================
Received Import Request.
  Time since last request: 0.000055 seconds.
  path: Assets/M6 - Packages/3D_Sci-fi_asteroid_belt_group_01/Textures/asteroid_field/asteroid_field_group_AlbedoTransparency_03.png
  artifactKey: Guid(b1ef1b50d2dd51a4c9454be6780dd41f) Importer(2089858483,192608db42251d675da83286b1cce702)
Start importing Assets/M6 - Packages/3D_Sci-fi_asteroid_belt_group_01/Textures/asteroid_field/asteroid_field_group_AlbedoTransparency_03.png using Guid(b1ef1b50d2dd51a4c9454be6780dd41f) Importer(2089858483,192608db42251d675da83286b1cce702) (ScriptedImporter) -> (artifact id: '0c9ba8e33c31d7762fc6a78deb807ea5') in 0.0266046 seconds
Number of updated asset objects reloaded before import = 0Number of asset objects unloaded after import = 1

========================================================================
Received Import Request.
  Time since last request: 0.000033 seconds.
  path: Assets/M6 - Packages/3D_Sci-fi_asteroid_belt_group_01/demo_scene/demo_scene_HDRP.unity
  artifactKey: Guid(05106d52df5708a40bade8dd81791012) Importer(2089858483,192608db42251d675da83286b1cce702)
Start importing Assets/M6 - Packages/3D_Sci-fi_asteroid_belt_group_01/demo_scene/demo_scene_HDRP.unity using Guid(05106d52df5708a40bade8dd81791012) Importer(2089858483,192608db42251d675da83286b1cce702) (ScriptedImporter) -> (artifact id: 'a32c312b7f971ee2b68d5189e9fec7d2') in 0.0083994 seconds
Number of updated asset objects reloaded before import = 0Number of asset objects unloaded after import = 1

========================================================================
Received Import Request.
  Time since last request: 0.000035 seconds.
  path: Assets/M6 - Packages/DinV
  artifactKey: Guid(579cd43e55d7a184fa660fc322d5e62e) Importer(2089858483,192608db42251d675da83286b1cce702)
Start importing Assets/M6 - Packages/DinV using Guid(579cd43e55d7a184fa660fc322d5e62e) Importer(2089858483,192608db42251d675da83286b1cce702) (ScriptedImporter) -> (artifact id: '268a2a7715e4336b72b9c316e3fd0c86') in 0.0102322 seconds
Number of updated asset objects reloaded before import = 0Number of asset objects unloaded after import = 1

========================================================================
Received Import Request.
  Time since last request: 4.000429 seconds.
  path: Assets/M6 - Packages/Stylized Rock Pack - 8 styles, 3 shapes, LODs, PBR/Materials/plate_mats
  artifactKey: Guid(c6c012c0ad6c13745808fb2bfd5a45cc) Importer(2089858483,192608db42251d675da83286b1cce702)
Start importing Assets/M6 - Packages/Stylized Rock Pack - 8 styles, 3 shapes, LODs, PBR/Materials/plate_mats using Guid(c6c012c0ad6c13745808fb2bfd5a45cc) Importer(2089858483,192608db42251d675da83286b1cce702) (ScriptedImporter) -> (artifact id: '2b647741c1e23ff51437075d6f6426a1') in 0.0288551 seconds
Number of updated asset objects reloaded before import = 0Number of asset objects unloaded after import = 1

========================================================================
Received Import Request.
  Time since last request: 0.000034 seconds.
  path: Assets/M6 - Packages/Stylized Rock Pack - 8 styles, 3 shapes, LODs, PBR/Textures/plate_textures/tex_ice
  artifactKey: Guid(0f69a42f441f54c408c6cd4a190cbb80) Importer(2089858483,192608db42251d675da83286b1cce702)
Start importing Assets/M6 - Packages/Stylized Rock Pack - 8 styles, 3 shapes, LODs, PBR/Textures/plate_textures/tex_ice using Guid(0f69a42f441f54c408c6cd4a190cbb80) Importer(2089858483,192608db42251d675da83286b1cce702) (ScriptedImporter) -> (artifact id: 'c624125667a6218042c30799e4472faf') in 0.1357162 seconds
Number of updated asset objects reloaded before import = 0Number of asset objects unloaded after import = 1

========================================================================
Received Import Request.
  Time since last request: 0.000047 seconds.
  path: Assets/M6 - Packages/Stylized Rock Pack - 8 styles, 3 shapes, LODs, PBR/Meshes/rock_lod1.fbx
  artifactKey: Guid(8e066791dd088994db56ac39d88c79f0) Importer(2089858483,192608db42251d675da83286b1cce702)
Start importing Assets/M6 - Packages/Stylized Rock Pack - 8 styles, 3 shapes, LODs, PBR/Meshes/rock_lod1.fbx using Guid(8e066791dd088994db56ac39d88c79f0) Importer(2089858483,192608db42251d675da83286b1cce702) (ScriptedImporter) -> (artifact id: '817a1bb489162574d8ec0621a7d9ed51') in 0.3565571 seconds
Number of updated asset objects reloaded before import = 0Number of asset objects unloaded after import = 7

========================================================================
Received Import Request.
  Time since last request: 0.000041 seconds.
  path: Assets/M6 - Packages/Stylized Rock Pack - 8 styles, 3 shapes, LODs, PBR/Textures/cliff_textures/tex_blank
  artifactKey: Guid(1a9763c32b9ed3d4c89f5c7680dd5f40) Importer(2089858483,192608db42251d675da83286b1cce702)
Start importing Assets/M6 - Packages/Stylized Rock Pack - 8 styles, 3 shapes, LODs, PBR/Textures/cliff_textures/tex_blank using Guid(1a9763c32b9ed3d4c89f5c7680dd5f40) Importer(2089858483,192608db42251d675da83286b1cce702) (ScriptedImporter) -> (artifact id: '81f1a00297e0c6b8e46681941b7c76d9') in 0.0251108 seconds
Number of updated asset objects reloaded before import = 0Number of asset objects unloaded after import = 1

========================================================================
Received Import Request.
  Time since last request: 0.000029 seconds.
  path: Assets/M6 - Packages/StarSparrow/Meshes/BonusContent/Clouds.FBX
  artifactKey: Guid(39cdb5f1ef2da0b4aa187d9779c3a6e8) Importer(2089858483,192608db42251d675da83286b1cce702)
Start importing Assets/M6 - Packages/StarSparrow/Meshes/BonusContent/Clouds.FBX using Guid(39cdb5f1ef2da0b4aa187d9779c3a6e8) Importer(2089858483,192608db42251d675da83286b1cce702) (ScriptedImporter) -> (artifact id: 'cb5d88045c00437378fc5283af3b7c1c') in 0.060351 seconds
Number of updated asset objects reloaded before import = 0Number of asset objects unloaded after import = 7

========================================================================
Received Import Request.
  Time since last request: 0.000040 seconds.
  path: Assets/M6 - Packages/StarSparrow/Materials
  artifactKey: Guid(0cd1c379b1cdb36418f77d020a27acde) Importer(2089858483,192608db42251d675da83286b1cce702)
Start importing Assets/M6 - Packages/StarSparrow/Materials using Guid(0cd1c379b1cdb36418f77d020a27acde) Importer(2089858483,192608db42251d675da83286b1cce702) (ScriptedImporter) -> (artifact id: '880e8747d85861efc5744738c8e80d81') in 0.0112491 seconds
Number of updated asset objects reloaded before import = 0Number of asset objects unloaded after import = 1

========================================================================
Received Import Request.
  Time since last request: 0.000053 seconds.
  path: Assets/M6 - Packages/StarSparrow/Meshes/StarSparrow16.fbx
  artifactKey: Guid(a5e45ca0be0ed5b4c8836342319e2533) Importer(2089858483,192608db42251d675da83286b1cce702)
Start importing Assets/M6 - Packages/StarSparrow/Meshes/StarSparrow16.fbx using Guid(a5e45ca0be0ed5b4c8836342319e2533) Importer(2089858483,192608db42251d675da83286b1cce702) (ScriptedImporter) -> (artifact id: '9fb8fc3a00be6854880d842c34fc7ccc') in 0.0256758 seconds
Number of updated asset objects reloaded before import = 0Number of asset objects unloaded after import = 7

========================================================================
Received Import Request.
  Time since last request: 0.000041 seconds.
  path: Assets/M6 - Packages/StarSparrow/Prefabs/BonusContent/Asteroid Lava Red.prefab
  artifactKey: Guid(45b62242ff99b0a48a47f713cd6d1687) Importer(2089858483,192608db42251d675da83286b1cce702)
Start importing Assets/M6 - Packages/StarSparrow/Prefabs/BonusContent/Asteroid Lava Red.prefab using Guid(45b62242ff99b0a48a47f713cd6d1687) Importer(2089858483,192608db42251d675da83286b1cce702) (ScriptedImporter) -> (artifact id: 'd722039225f7bb3f4fb38c9c143e61b0') in 0.0217768 seconds
Number of updated asset objects reloaded before import = 0Number of asset objects unloaded after import = 11

========================================================================
Received Import Request.
  Time since last request: 0.000048 seconds.
  path: Assets/M6 - Packages/Stylized Rock Pack - 8 styles, 3 shapes, LODs, PBR/Meshes/plate_lod2.fbx
  artifactKey: Guid(c56ba892a8e82ab40aaaa41c49f46add) Importer(2089858483,192608db42251d675da83286b1cce702)
Start importing Assets/M6 - Packages/Stylized Rock Pack - 8 styles, 3 shapes, LODs, PBR/Meshes/plate_lod2.fbx using Guid(c56ba892a8e82ab40aaaa41c49f46add) Importer(2089858483,192608db42251d675da83286b1cce702) (ScriptedImporter) -> (artifact id: 'ce70e783787277d62f32ddb7ffedc165') in 0.0218487 seconds
Number of updated asset objects reloaded before import = 0Number of asset objects unloaded after import = 7

========================================================================
Received Import Request.
  Time since last request: 0.000049 seconds.
  path: Assets/M6 - Packages/StarSparrow/Meshes/StarSparrow12.fbx
  artifactKey: Guid(7d4e1f607021ce54f9e28a86719cd89f) Importer(2089858483,192608db42251d675da83286b1cce702)
Start importing Assets/M6 - Packages/StarSparrow/Meshes/StarSparrow12.fbx using Guid(7d4e1f607021ce54f9e28a86719cd89f) Importer(2089858483,192608db42251d675da83286b1cce702) (ScriptedImporter) -> (artifact id: '42fa2192aa5b20e476b30fe837b88d67') in 0.0257012 seconds
Number of updated asset objects reloaded before import = 0Number of asset objects unloaded after import = 7

========================================================================
Received Import Request.
  Time since last request: 0.000030 seconds.
  path: Assets/M6 - Packages/StarSparrow/Prefabs/Examples/StarSparrow8.prefab
  artifactKey: Guid(9ecf15104eac6db478d10ee9693e43eb) Importer(2089858483,192608db42251d675da83286b1cce702)
Start importing Assets/M6 - Packages/StarSparrow/Prefabs/Examples/StarSparrow8.prefab using Guid(9ecf15104eac6db478d10ee9693e43eb) Importer(2089858483,192608db42251d675da83286b1cce702) (ScriptedImporter) -> (artifact id: 'd53529609052a70ed59f2e26001a8467') in 0.0201395 seconds
Number of updated asset objects reloaded before import = 0Number of asset objects unloaded after import = 70

========================================================================
Received Import Request.
  Time since last request: 0.000166 seconds.
  path: Assets/M6 - Packages/StarSparrow/Textures/Masks
  artifactKey: Guid(9b1c3fa3194ac3045a8ea6008daa4f64) Importer(2089858483,192608db42251d675da83286b1cce702)
Start importing Assets/M6 - Packages/StarSparrow/Textures/Masks using Guid(9b1c3fa3194ac3045a8ea6008daa4f64) Importer(2089858483,192608db42251d675da83286b1cce702) (ScriptedImporter) -> (artifact id: '16329dc6d4c9908f1f9a2fc09691ad92') in 0.0506328 seconds
Number of updated asset objects reloaded before import = 0Number of asset objects unloaded after import = 1

========================================================================
Received Import Request.
  Time since last request: 0.000051 seconds.
  path: Assets/M6 - Packages/StarSparrow/Materials/BonusContent/Mine Sample 2.mat
  artifactKey: Guid(7da0d403d4fb0da40ac018d557c6db89) Importer(2089858483,192608db42251d675da83286b1cce702)
Start importing Assets/M6 - Packages/StarSparrow/Materials/BonusContent/Mine Sample 2.mat using Guid(7da0d403d4fb0da40ac018d557c6db89) Importer(2089858483,192608db42251d675da83286b1cce702) (ScriptedImporter) -> (artifact id: '5500ab63ebd5c2f7157118d221d16c62') in 0.0404842 seconds
Number of updated asset objects reloaded before import = 0Number of asset objects unloaded after import = 5

========================================================================
Received Import Request.
  Time since last request: 0.000051 seconds.
  path: Assets/M6 - Packages/StarSparrow/Prefabs/Examples/StarSparrow1.prefab
  artifactKey: Guid(70bc6b6358059e04bbf40b0ecb70b375) Importer(2089858483,192608db42251d675da83286b1cce702)
Start importing Assets/M6 - Packages/StarSparrow/Prefabs/Examples/StarSparrow1.prefab using Guid(70bc6b6358059e04bbf40b0ecb70b375) Importer(2089858483,192608db42251d675da83286b1cce702) (ScriptedImporter) -> (artifact id: '1eddf9e49a322bda2565a2a6fdde374f') in 0.0209345 seconds
Number of updated asset objects reloaded before import = 0Number of asset objects unloaded after import = 139

========================================================================
Received Import Request.
  Time since last request: 0.000034 seconds.
  path: Assets/M6 - Packages/StarSparrow/Prefabs/BonusContent/Mine Sample 1.prefab
  artifactKey: Guid(5f7d5f60379571b4ab916f85aae80a71) Importer(2089858483,192608db42251d675da83286b1cce702)
Start importing Assets/M6 - Packages/StarSparrow/Prefabs/BonusContent/Mine Sample 1.prefab using Guid(5f7d5f60379571b4ab916f85aae80a71) Importer(2089858483,192608db42251d675da83286b1cce702) (ScriptedImporter) -> (artifact id: '459e83a1d03704e84050bf8bfca98c4a') in 0.0170468 seconds
Number of updated asset objects reloaded before import = 0Number of asset objects unloaded after import = 13

========================================================================
Received Import Request.
  Time since last request: 0.000045 seconds.
  path: Assets/M6 - Packages/StarSparrow/Meshes/StarSparrow13.fbx
  artifactKey: Guid(ceb1d5330696dc8419bab98c93b25880) Importer(2089858483,192608db42251d675da83286b1cce702)
Start importing Assets/M6 - Packages/StarSparrow/Meshes/StarSparrow13.fbx using Guid(ceb1d5330696dc8419bab98c93b25880) Importer(2089858483,192608db42251d675da83286b1cce702) (ScriptedImporter) -> (artifact id: '5fcd8c63e793f26819cbb7b5373ad019') in 0.0262346 seconds
Number of updated asset objects reloaded before import = 0Number of asset objects unloaded after import = 7

========================================================================
Received Import Request.
  Time since last request: 0.000048 seconds.
  path: Assets/M6 - Packages/StarSparrow/Meshes/StarSparrow23.fbx
  artifactKey: Guid(f697c174b550c804ea83d84cb5468bec) Importer(2089858483,192608db42251d675da83286b1cce702)
Start importing Assets/M6 - Packages/StarSparrow/Meshes/StarSparrow23.fbx using Guid(f697c174b550c804ea83d84cb5468bec) Importer(2089858483,192608db42251d675da83286b1cce702) (ScriptedImporter) -> (artifact id: '8a1a1ccd845ba55c8bec834852076266') in 0.0207933 seconds
Number of updated asset objects reloaded before import = 0Number of asset objects unloaded after import = 7

========================================================================
Received Import Request.
  Time since last request: 0.000080 seconds.
  path: Assets/M6 - Packages/Stylized Rock Pack - 8 styles, 3 shapes, LODs, PBR/Materials/cliff_mats/Cliff_basic.mat
  artifactKey: Guid(3b7fcdd38592bd644ae45483b760ba84) Importer(2089858483,192608db42251d675da83286b1cce702)
Start importing Assets/M6 - Packages/Stylized Rock Pack - 8 styles, 3 shapes, LODs, PBR/Materials/cliff_mats/Cliff_basic.mat using Guid(3b7fcdd38592bd644ae45483b760ba84) Importer(2089858483,192608db42251d675da83286b1cce702) (ScriptedImporter) -> (artifact id: '83e319ca09e14864df1f458d785d591a') in 0.1146618 seconds
Number of updated asset objects reloaded before import = 0Number of asset objects unloaded after import = 4

========================================================================
Received Import Request.
  Time since last request: 0.000051 seconds.
  path: Assets/M6 - Packages/StarSparrow/Prefabs/BonusContent/Missile.prefab
  artifactKey: Guid(8b227e0429c621940acb9e2e8d18d12f) Importer(2089858483,192608db42251d675da83286b1cce702)
Start importing Assets/M6 - Packages/StarSparrow/Prefabs/BonusContent/Missile.prefab using Guid(8b227e0429c621940acb9e2e8d18d12f) Importer(2089858483,192608db42251d675da83286b1cce702) (ScriptedImporter) -> (artifact id: 'e5292629a0c0049919c1a8e128bc666e') in 0.0445251 seconds
Number of updated asset objects reloaded before import = 0Number of asset objects unloaded after import = 13

========================================================================
Received Import Request.
  Time since last request: 0.000059 seconds.
  path: Assets/M6 - Packages/Stylized Rock Pack - 8 styles, 3 shapes, LODs, PBR/Textures/rock_textures/tex_fancy
  artifactKey: Guid(ed9f297607898724e891edca7ca35b05) Importer(2089858483,192608db42251d675da83286b1cce702)
Start importing Assets/M6 - Packages/Stylized Rock Pack - 8 styles, 3 shapes, LODs, PBR/Textures/rock_textures/tex_fancy using Guid(ed9f297607898724e891edca7ca35b05) Importer(2089858483,192608db42251d675da83286b1cce702) (ScriptedImporter) -> (artifact id: '88623b5518ba8879391feb905103cf3c') in 0.0143663 seconds
Number of updated asset objects reloaded before import = 0Number of asset objects unloaded after import = 1

========================================================================
Received Import Request.
  Time since last request: 0.000093 seconds.
  path: Assets/M6 - Packages/StarSparrow/Materials/BonusContent/Mine Sample 1.mat
  artifactKey: Guid(82c97815f01775d4899d78255a373dfe) Importer(2089858483,192608db42251d675da83286b1cce702)
Start importing Assets/M6 - Packages/StarSparrow/Materials/BonusContent/Mine Sample 1.mat using Guid(82c97815f01775d4899d78255a373dfe) Importer(2089858483,192608db42251d675da83286b1cce702) (ScriptedImporter) -> (artifact id: 'aea1dbfdd85da450187c2f08d4b91cfb') in 0.032442 seconds
Number of updated asset objects reloaded before import = 0Number of asset objects unloaded after import = 5

========================================================================
Received Import Request.
  Time since last request: 0.000048 seconds.
  path: Assets/M6 - Packages/StarSparrow/Prefabs/Modular Examples/StarSparrow25.prefab
  artifactKey: Guid(7962d71579422764aa4c8158879a2e7e) Importer(2089858483,192608db42251d675da83286b1cce702)
Start importing Assets/M6 - Packages/StarSparrow/Prefabs/Modular Examples/StarSparrow25.prefab using Guid(7962d71579422764aa4c8158879a2e7e) Importer(2089858483,192608db42251d675da83286b1cce702) (ScriptedImporter) -> (artifact id: '6a3fe90f785620b29c1d008c7e852d04') in 0.0164162 seconds
Number of updated asset objects reloaded before import = 0Number of asset objects unloaded after import = 126

========================================================================
Received Import Request.
  Time since last request: 0.000122 seconds.
  path: Assets/M6 - Packages/StarSparrow/Textures/StarSparrow_Black.png
  artifactKey: Guid(17d30eb43d0c4f54b8c404eacc9dd1ca) Importer(2089858483,192608db42251d675da83286b1cce702)
Start importing Assets/M6 - Packages/StarSparrow/Textures/StarSparrow_Black.png using Guid(17d30eb43d0c4f54b8c404eacc9dd1ca) Importer(2089858483,192608db42251d675da83286b1cce702) (ScriptedImporter) -> (artifact id: '4e50f38e23a15194cbb87445c534416b') in 0.0314481 seconds
Number of updated asset objects reloaded before import = 0Number of asset objects unloaded after import = 1

========================================================================
Received Import Request.
  Time since last request: 0.000051 seconds.
  path: Assets/M6 - Packages/StarSparrow/Prefabs/Examples/StarSparrow5.prefab
  artifactKey: Guid(8ca464254f02c694788d32d2ed2c82c5) Importer(2089858483,192608db42251d675da83286b1cce702)
Start importing Assets/M6 - Packages/StarSparrow/Prefabs/Examples/StarSparrow5.prefab using Guid(8ca464254f02c694788d32d2ed2c82c5) Importer(2089858483,192608db42251d675da83286b1cce702) (ScriptedImporter) -> (artifact id: 'd63aa64e38efa7f30e889d1476d39504') in 0.0205138 seconds
Number of updated asset objects reloaded before import = 0Number of asset objects unloaded after import = 103

========================================================================
Received Import Request.
  Time since last request: 0.000047 seconds.
  path: Assets/M6 - Packages/Stylized Rock Pack - 8 styles, 3 shapes, LODs, PBR/Prefabs/Cliff_white.prefab
  artifactKey: Guid(c3a476451b1b3ab47a5a22031b8e4d57) Importer(2089858483,192608db42251d675da83286b1cce702)
Start importing Assets/M6 - Packages/Stylized Rock Pack - 8 styles, 3 shapes, LODs, PBR/Prefabs/Cliff_white.prefab using Guid(c3a476451b1b3ab47a5a22031b8e4d57) Importer(2089858483,192608db42251d675da83286b1cce702) (ScriptedImporter) -> (artifact id: 'e815de13bee23ad6141ad0633e802dc3') in 0.0178328 seconds
Number of updated asset objects reloaded before import = 0Number of asset objects unloaded after import = 30

========================================================================
Received Import Request.
  Time since last request: 0.000065 seconds.
  path: Assets/M6 - Packages/Stylized Rock Pack - 8 styles, 3 shapes, LODs, PBR/Textures/plate_textures/tex_fancy/plate_fancy_Roughness.png
  artifactKey: Guid(a83c4e755187d6242a744b08429d8bf8) Importer(2089858483,192608db42251d675da83286b1cce702)
Start importing Assets/M6 - Packages/Stylized Rock Pack - 8 styles, 3 shapes, LODs, PBR/Textures/plate_textures/tex_fancy/plate_fancy_Roughness.png using Guid(a83c4e755187d6242a744b08429d8bf8) Importer(2089858483,192608db42251d675da83286b1cce702) (ScriptedImporter) -> (artifact id: '7e8ec68b91ccdac6c7ec873f789ab274') in 0.0542058 seconds
Number of updated asset objects reloaded before import = 0Number of asset objects unloaded after import = 1

========================================================================
Received Import Request.
  Time since last request: 0.000040 seconds.
  path: Assets/M6 - Packages/StarSparrow/Prefabs/Modular Examples/StarSparrow15.prefab
  artifactKey: Guid(b5ee1f95cafb4d341a83e882509518d6) Importer(2089858483,192608db42251d675da83286b1cce702)
Start importing Assets/M6 - Packages/StarSparrow/Prefabs/Modular Examples/StarSparrow15.prefab using Guid(b5ee1f95cafb4d341a83e882509518d6) Importer(2089858483,192608db42251d675da83286b1cce702) (ScriptedImporter) -> (artifact id: '22f195395f9aee3d8cd4f75c936e0f9e') in 0.0186389 seconds
Number of updated asset objects reloaded before import = 0Number of asset objects unloaded after import = 138

========================================================================
Received Import Request.
  Time since last request: 0.000049 seconds.
  path: Assets/M6 - Packages/StarSparrow/Materials/Colorize
  artifactKey: Guid(e79137a41d2813e44a8392333ad982b8) Importer(2089858483,192608db42251d675da83286b1cce702)
Start importing Assets/M6 - Packages/StarSparrow/Materials/Colorize using Guid(e79137a41d2813e44a8392333ad982b8) Importer(2089858483,192608db42251d675da83286b1cce702) (ScriptedImporter) -> (artifact id: '423c9e6d0859d02f1fc523600c590007') in 0.0125104 seconds
Number of updated asset objects reloaded before import = 0Number of asset objects unloaded after import = 1

========================================================================
Received Import Request.
  Time since last request: 0.000064 seconds.
  path: Assets/M6 - Packages/StarSparrow/Textures/BonusContent/FlyingInsect
  artifactKey: Guid(6e76820252e9c294f89ab9c786651df8) Importer(2089858483,192608db42251d675da83286b1cce702)
Start importing Assets/M6 - Packages/StarSparrow/Textures/BonusContent/FlyingInsect using Guid(6e76820252e9c294f89ab9c786651df8) Importer(2089858483,192608db42251d675da83286b1cce702) (ScriptedImporter) -> (artifact id: '8ed84cd47a7ab4a704d74ff930d5d6d8') in 0.0118112 seconds
Number of updated asset objects reloaded before import = 0Number of asset objects unloaded after import = 1

========================================================================
Received Import Request.
  Time since last request: 0.000075 seconds.
  path: Assets/M6 - Packages/Stylized Rock Pack - 8 styles, 3 shapes, LODs, PBR/Prefabs/Rock_desert.prefab
  artifactKey: Guid(c0c67266f1845c8498bdf5fa7e7d93c1) Importer(2089858483,192608db42251d675da83286b1cce702)
Start importing Assets/M6 - Packages/Stylized Rock Pack - 8 styles, 3 shapes, LODs, PBR/Prefabs/Rock_desert.prefab using Guid(c0c67266f1845c8498bdf5fa7e7d93c1) Importer(2089858483,192608db42251d675da83286b1cce702) (ScriptedImporter) -> (artifact id: 'bdecf6385dbf824e67a54f9d652b82ab') in 0.0239512 seconds
Number of updated asset objects reloaded before import = 0Number of asset objects unloaded after import = 30

========================================================================
Received Import Request.
  Time since last request: 0.000053 seconds.
  path: Assets/M6 - Packages/Stylized Rock Pack - 8 styles, 3 shapes, LODs, PBR/Meshes/rock_lod2.fbx
  artifactKey: Guid(4da20bd6f2eb00d4084bcf04aa33c908) Importer(2089858483,192608db42251d675da83286b1cce702)
Start importing Assets/M6 - Packages/Stylized Rock Pack - 8 styles, 3 shapes, LODs, PBR/Meshes/rock_lod2.fbx using Guid(4da20bd6f2eb00d4084bcf04aa33c908) Importer(2089858483,192608db42251d675da83286b1cce702) (ScriptedImporter) -> (artifact id: '132f12dbe01790ddffa0583c0769b001') in 0.027571 seconds
Number of updated asset objects reloaded before import = 0Number of asset objects unloaded after import = 7

========================================================================
Received Import Request.
  Time since last request: 0.000073 seconds.
  path: Assets/M6 - Packages/StarSparrow/Textures/BonusContent/Mines/MineSample2_Normal.png
  artifactKey: Guid(69ef4596fd4f3034f91923605a279538) Importer(2089858483,192608db42251d675da83286b1cce702)
Start importing Assets/M6 - Packages/StarSparrow/Textures/BonusContent/Mines/MineSample2_Normal.png using Guid(69ef4596fd4f3034f91923605a279538) Importer(2089858483,192608db42251d675da83286b1cce702) (ScriptedImporter) -> (artifact id: 'aa57330652c2c499e7b04e9fcfc162de') in 0.0294882 seconds
Number of updated asset objects reloaded before import = 0Number of asset objects unloaded after import = 1

========================================================================
Received Import Request.
  Time since last request: 0.000047 seconds.
  path: Assets/M6 - Packages/StarSparrow/Meshes/StarSparrow2.fbx
  artifactKey: Guid(4ef7ba07d9e53204ca8f201db5c71a6d) Importer(2089858483,192608db42251d675da83286b1cce702)
Start importing Assets/M6 - Packages/StarSparrow/Meshes/StarSparrow2.fbx using Guid(4ef7ba07d9e53204ca8f201db5c71a6d) Importer(2089858483,192608db42251d675da83286b1cce702) (ScriptedImporter) -> (artifact id: 'e491e337b517cc59441a3751e1aa979d') in 0.0246129 seconds
Number of updated asset objects reloaded before import = 0Number of asset objects unloaded after import = 7

========================================================================
Received Import Request.
  Time since last request: 0.000061 seconds.
  path: Assets/M6 - Packages/StarSparrow/Textures/StarSparrow_MetallicSmoothness.png
  artifactKey: Guid(4958f0571d0641a42a5ff58b6ad33a3e) Importer(2089858483,192608db42251d675da83286b1cce702)
Start importing Assets/M6 - Packages/StarSparrow/Textures/StarSparrow_MetallicSmoothness.png using Guid(4958f0571d0641a42a5ff58b6ad33a3e) Importer(2089858483,192608db42251d675da83286b1cce702) (ScriptedImporter) -> (artifact id: '38b66c6937f0c113f7efe687cb9938a6') in 0.0344242 seconds
Number of updated asset objects reloaded before import = 0Number of asset objects unloaded after import = 1

========================================================================
Received Import Request.
  Time since last request: 0.000070 seconds.
  path: Assets/M6 - Packages/StarSparrow/Prefabs/Modular Examples/StarSparrow28.prefab
  artifactKey: Guid(1ec10f8758081fa4da4be623ea8793a1) Importer(2089858483,192608db42251d675da83286b1cce702)
Start importing Assets/M6 - Packages/StarSparrow/Prefabs/Modular Examples/StarSparrow28.prefab using Guid(1ec10f8758081fa4da4be623ea8793a1) Importer(2089858483,192608db42251d675da83286b1cce702) (ScriptedImporter) -> (artifact id: '26155879273407947728e7cec25e1734') in 0.0555443 seconds
Number of updated asset objects reloaded before import = 0Number of asset objects unloaded after import = 121

========================================================================
Received Import Request.
  Time since last request: 0.000046 seconds.
  path: Assets/M6 - Packages/StarSparrow/Prefabs/Modular Examples
  artifactKey: Guid(33e82b7c8602ddc42b2887c9ebae74ec) Importer(2089858483,192608db42251d675da83286b1cce702)
Start importing Assets/M6 - Packages/StarSparrow/Prefabs/Modular Examples using Guid(33e82b7c8602ddc42b2887c9ebae74ec) Importer(2089858483,192608db42251d675da83286b1cce702) (ScriptedImporter) -> (artifact id: '40fd3b49e1f5328a46900889680678a3') in 0.0713276 seconds
Number of updated asset objects reloaded before import = 0Number of asset objects unloaded after import = 1

========================================================================
Received Import Request.
  Time since last request: 0.000055 seconds.
  path: Assets/M6 - Packages/Stylized Rock Pack - 8 styles, 3 shapes, LODs, PBR/Textures/plate_textures/tex_snow/plate_snow_Roughness.png
  artifactKey: Guid(9bad0b086ce2a2d4c9aa81e1ed26d932) Importer(2089858483,192608db42251d675da83286b1cce702)
Start importing Assets/M6 - Packages/Stylized Rock Pack - 8 styles, 3 shapes, LODs, PBR/Textures/plate_textures/tex_snow/plate_snow_Roughness.png using Guid(9bad0b086ce2a2d4c9aa81e1ed26d932) Importer(2089858483,192608db42251d675da83286b1cce702) (ScriptedImporter) -> (artifact id: '82a9fd13167bb21b2b964b39469def6a') in 0.0947132 seconds
Number of updated asset objects reloaded before import = 0Number of asset objects unloaded after import = 1

========================================================================
Received Import Request.
  Time since last request: 0.000063 seconds.
  path: Assets/M6 - Packages/Stylized Rock Pack - 8 styles, 3 shapes, LODs, PBR/Prefabs/Cliff_forest.prefab
  artifactKey: Guid(9e9485183b122f74099fd34478e7c9d6) Importer(2089858483,192608db42251d675da83286b1cce702)
Start importing Assets/M6 - Packages/Stylized Rock Pack - 8 styles, 3 shapes, LODs, PBR/Prefabs/Cliff_forest.prefab using Guid(9e9485183b122f74099fd34478e7c9d6) Importer(2089858483,192608db42251d675da83286b1cce702) (ScriptedImporter) -> (artifact id: 'd296e35ff01db534e035b931691baff9') in 0.0331586 seconds
Number of updated asset objects reloaded before import = 0Number of asset objects unloaded after import = 30

========================================================================
Received Import Request.
  Time since last request: 0.000052 seconds.
  path: Assets/M6 - Packages/Stylized Rock Pack - 8 styles, 3 shapes, LODs, PBR/Textures/plate_textures/tex_blank/plate_blank_BaseColor.png
  artifactKey: Guid(4659d154087df9846ba64a8053fd1c9d) Importer(2089858483,192608db42251d675da83286b1cce702)
Start importing Assets/M6 - Packages/Stylized Rock Pack - 8 styles, 3 shapes, LODs, PBR/Textures/plate_textures/tex_blank/plate_blank_BaseColor.png using Guid(4659d154087df9846ba64a8053fd1c9d) Importer(2089858483,192608db42251d675da83286b1cce702) (ScriptedImporter) -> (artifact id: 'b514927701310000f98c940da44c804e') in 0.0662053 seconds
Number of updated asset objects reloaded before import = 0Number of asset objects unloaded after import = 1

========================================================================
Received Import Request.
  Time since last request: 0.000061 seconds.
  path: Assets/M6 - Packages/Stylized Rock Pack - 8 styles, 3 shapes, LODs, PBR/Textures/cliff_textures/tex_blank/cliff_blank_BaseColor.png
  artifactKey: Guid(1fbe1f8820a3e8a479df82ce8577c127) Importer(2089858483,192608db42251d675da83286b1cce702)
Start importing Assets/M6 - Packages/Stylized Rock Pack - 8 styles, 3 shapes, LODs, PBR/Textures/cliff_textures/tex_blank/cliff_blank_BaseColor.png using Guid(1fbe1f8820a3e8a479df82ce8577c127) Importer(2089858483,192608db42251d675da83286b1cce702) (ScriptedImporter) -> (artifact id: '1013a803d72c4b6daea7415cfd05e536') in 0.0663057 seconds
Number of updated asset objects reloaded before import = 0Number of asset objects unloaded after import = 1

========================================================================
Received Import Request.
  Time since last request: 0.000145 seconds.
  path: Assets/M6 - Packages/Stylized Rock Pack - 8 styles, 3 shapes, LODs, PBR/Textures/plate_textures/tex_forest/plate_forest_Normal.png
  artifactKey: Guid(4fe322e8c7d867f45be219c00100e889) Importer(2089858483,192608db42251d675da83286b1cce702)
Start importing Assets/M6 - Packages/Stylized Rock Pack - 8 styles, 3 shapes, LODs, PBR/Textures/plate_textures/tex_forest/plate_forest_Normal.png using Guid(4fe322e8c7d867f45be219c00100e889) Importer(2089858483,192608db42251d675da83286b1cce702) (ScriptedImporter) -> (artifact id: '4ee724ee4a48cd83a303efd6d5c849b8') in 0.6788496 seconds
Number of updated asset objects reloaded before import = 0Number of asset objects unloaded after import = 1

========================================================================
Received Import Request.
  Time since last request: 0.000049 seconds.
  path: Assets/M6 - Packages/StarSparrow/Textures/BonusContent/Planet/Clouds.png
  artifactKey: Guid(478a6b3965fdb3749a9bbce2e0036b1d) Importer(2089858483,192608db42251d675da83286b1cce702)
Start importing Assets/M6 - Packages/StarSparrow/Textures/BonusContent/Planet/Clouds.png using Guid(478a6b3965fdb3749a9bbce2e0036b1d) Importer(2089858483,192608db42251d675da83286b1cce702) (ScriptedImporter) -> (artifact id: 'e69356cc87355d9482fe10d0c925e26e') in 0.0314812 seconds
Number of updated asset objects reloaded before import = 0Number of asset objects unloaded after import = 1

========================================================================
Received Import Request.
  Time since last request: 0.000065 seconds.
  path: Assets/M6 - Packages/Stylized Rock Pack - 8 styles, 3 shapes, LODs, PBR/Textures/cliff_textures/tex_infernal
  artifactKey: Guid(97fe4c990534513489dd9b50c7f25525) Importer(2089858483,192608db42251d675da83286b1cce702)
Start importing Assets/M6 - Packages/Stylized Rock Pack - 8 styles, 3 shapes, LODs, PBR/Textures/cliff_textures/tex_infernal using Guid(97fe4c990534513489dd9b50c7f25525) Importer(2089858483,192608db42251d675da83286b1cce702) (ScriptedImporter) -> (artifact id: 'fdc0e77c62e5191408d942a929d8be5b') in 0.0090294 seconds
Number of updated asset objects reloaded before import = 0Number of asset objects unloaded after import = 1

========================================================================
Received Import Request.
  Time since last request: 0.000040 seconds.
  path: Assets/M6 - Packages/Stylized Rock Pack - 8 styles, 3 shapes, LODs, PBR/Textures/plate_textures/tex_basic
  artifactKey: Guid(76dc8bbb8d2fcb24fa70e1ca66e97c65) Importer(2089858483,192608db42251d675da83286b1cce702)
Start importing Assets/M6 - Packages/Stylized Rock Pack - 8 styles, 3 shapes, LODs, PBR/Textures/plate_textures/tex_basic using Guid(76dc8bbb8d2fcb24fa70e1ca66e97c65) Importer(2089858483,192608db42251d675da83286b1cce702) (ScriptedImporter) -> (artifact id: '491af92e1f2f14bbe948d13daba0355f') in 0.0098392 seconds
Number of updated asset objects reloaded before import = 0Number of asset objects unloaded after import = 1

========================================================================
Received Import Request.
  Time since last request: 0.000045 seconds.
  path: Assets/M6 - Packages/Stylized Rock Pack - 8 styles, 3 shapes, LODs, PBR/Textures/rock_textures/tex_infernal
  artifactKey: Guid(14c4d5ac3258d954c8497debedaef149) Importer(2089858483,192608db42251d675da83286b1cce702)
Start importing Assets/M6 - Packages/Stylized Rock Pack - 8 styles, 3 shapes, LODs, PBR/Textures/rock_textures/tex_infernal using Guid(14c4d5ac3258d954c8497debedaef149) Importer(2089858483,192608db42251d675da83286b1cce702) (ScriptedImporter) -> (artifact id: 'c8e0f5e06fb50dc05bedf46731a04a90') in 0.010608 seconds
Number of updated asset objects reloaded before import = 0Number of asset objects unloaded after import = 1

========================================================================
Received Import Request.
  Time since last request: 0.000069 seconds.
  path: Assets/M6 - Packages/Stylized Rock Pack - 8 styles, 3 shapes, LODs, PBR/Meshes/plate_lod0.fbx
  artifactKey: Guid(ef280c69dddfa034d87f6504dccc42ba) Importer(2089858483,192608db42251d675da83286b1cce702)
Start importing Assets/M6 - Packages/Stylized Rock Pack - 8 styles, 3 shapes, LODs, PBR/Meshes/plate_lod0.fbx using Guid(ef280c69dddfa034d87f6504dccc42ba) Importer(2089858483,192608db42251d675da83286b1cce702) (ScriptedImporter) -> (artifact id: '296c0b700ab1e85cc9a1c69f6baf1553') in 0.0353929 seconds
Number of updated asset objects reloaded before import = 0Number of asset objects unloaded after import = 7

========================================================================
Received Import Request.
  Time since last request: 0.000043 seconds.
  path: Assets/M6 - Packages/Stylized Rock Pack - 8 styles, 3 shapes, LODs, PBR/Textures/cliff_textures/tex_ice/cliff_ice_Roughness.png
  artifactKey: Guid(9300a759501e0a448bfb0d2229399b91) Importer(2089858483,192608db42251d675da83286b1cce702)
Start importing Assets/M6 - Packages/Stylized Rock Pack - 8 styles, 3 shapes, LODs, PBR/Textures/cliff_textures/tex_ice/cliff_ice_Roughness.png using Guid(9300a759501e0a448bfb0d2229399b91) Importer(2089858483,192608db42251d675da83286b1cce702) (ScriptedImporter) -> (artifact id: '93bf78aee034fe437fb59e691cc94e64') in 0.0536002 seconds
Number of updated asset objects reloaded before import = 0Number of asset objects unloaded after import = 1

========================================================================
Received Import Request.
  Time since last request: 0.000051 seconds.
  path: Assets/M6 - Packages/Stylized Rock Pack - 8 styles, 3 shapes, LODs, PBR/Textures/rock_textures/tex_ice/rock_ice_Normal.png
  artifactKey: Guid(b0b1a405992e542418e7d797a78d9055) Importer(2089858483,192608db42251d675da83286b1cce702)
Start importing Assets/M6 - Packages/Stylized Rock Pack - 8 styles, 3 shapes, LODs, PBR/Textures/rock_textures/tex_ice/rock_ice_Normal.png using Guid(b0b1a405992e542418e7d797a78d9055) Importer(2089858483,192608db42251d675da83286b1cce702) (ScriptedImporter) -> (artifact id: '37685e390bc177269d9214761737180b') in 0.0488707 seconds
Number of updated asset objects reloaded before import = 0Number of asset objects unloaded after import = 1

========================================================================
Received Import Request.
  Time since last request: 0.000068 seconds.
  path: Assets/M6 - Packages/StarSparrow/Textures/BonusContent/Mines
  artifactKey: Guid(1b6c2b3e2e46a504e9e04a69a9acc1ce) Importer(2089858483,192608db42251d675da83286b1cce702)
Start importing Assets/M6 - Packages/StarSparrow/Textures/BonusContent/Mines using Guid(1b6c2b3e2e46a504e9e04a69a9acc1ce) Importer(2089858483,192608db42251d675da83286b1cce702) (ScriptedImporter) -> (artifact id: '99f3233eae309b69552e75df017c96e8') in 0.0144108 seconds
Number of updated asset objects reloaded before import = 0Number of asset objects unloaded after import = 1

========================================================================
Received Import Request.
  Time since last request: 0.000045 seconds.
  path: Assets/M6 - Packages/Stylized Rock Pack - 8 styles, 3 shapes, LODs, PBR/Materials/cliff_mats/Cliff_fancy.mat
  artifactKey: Guid(13dd81aa3df9d9d4cbb2251a4cefd08e) Importer(2089858483,192608db42251d675da83286b1cce702)
Start importing Assets/M6 - Packages/Stylized Rock Pack - 8 styles, 3 shapes, LODs, PBR/Materials/cliff_mats/Cliff_fancy.mat using Guid(13dd81aa3df9d9d4cbb2251a4cefd08e) Importer(2089858483,192608db42251d675da83286b1cce702) (ScriptedImporter) -> (artifact id: '7ca317cbb4bdc3cc1347377b91fa254f') in 0.1256948 seconds
Number of updated asset objects reloaded before import = 0Number of asset objects unloaded after import = 5

========================================================================
Received Import Request.
  Time since last request: 0.000119 seconds.
  path: Assets/M6 - Packages/StarSparrow/Textures/BonusContent/MissileBomb/Missile_MetallicSmoothness.png
  artifactKey: Guid(704376da483ef144db57a9c8a2b71253) Importer(2089858483,192608db42251d675da83286b1cce702)
Start importing Assets/M6 - Packages/StarSparrow/Textures/BonusContent/MissileBomb/Missile_MetallicSmoothness.png using Guid(704376da483ef144db57a9c8a2b71253) Importer(2089858483,192608db42251d675da83286b1cce702) (ScriptedImporter) -> (artifact id: '5d7f6b11bad1e3b3ebe8b70e918e3310') in 0.0266367 seconds
Number of updated asset objects reloaded before import = 0Number of asset objects unloaded after import = 1

========================================================================
Received Import Request.
  Time since last request: 0.000067 seconds.
  path: Assets/M6 - Packages/StarSparrow/Materials/Extra
  artifactKey: Guid(fdcd45559453d6a4ca6b4caa05b59dc0) Importer(2089858483,192608db42251d675da83286b1cce702)
Start importing Assets/M6 - Packages/StarSparrow/Materials/Extra using Guid(fdcd45559453d6a4ca6b4caa05b59dc0) Importer(2089858483,192608db42251d675da83286b1cce702) (ScriptedImporter) -> (artifact id: 'e2354bebebf905964617749506e2eebd') in 0.0177616 seconds
Number of updated asset objects reloaded before import = 0Number of asset objects unloaded after import = 1

========================================================================
Received Import Request.
  Time since last request: 0.000046 seconds.
  path: Assets/M6 - Packages/StarSparrow/Meshes/StarSparrow25.fbx
  artifactKey: Guid(2ef4795b33eb0544bb35e08ca33d7ea2) Importer(2089858483,192608db42251d675da83286b1cce702)
Start importing Assets/M6 - Packages/StarSparrow/Meshes/StarSparrow25.fbx using Guid(2ef4795b33eb0544bb35e08ca33d7ea2) Importer(2089858483,192608db42251d675da83286b1cce702) (ScriptedImporter) -> (artifact id: '6752d208e5fcaeea47734324e08a70e2') in 0.040302 seconds
Number of updated asset objects reloaded before import = 0Number of asset objects unloaded after import = 7

========================================================================
Received Import Request.
  Time since last request: 0.000052 seconds.
  path: Assets/M6 - Packages/Stylized Rock Pack - 8 styles, 3 shapes, LODs, PBR/Materials/cliff_mats/Cliff_blank.mat
  artifactKey: Guid(2524848bad1acd74fad3377a91d025c4) Importer(2089858483,192608db42251d675da83286b1cce702)
Start importing Assets/M6 - Packages/Stylized Rock Pack - 8 styles, 3 shapes, LODs, PBR/Materials/cliff_mats/Cliff_blank.mat using Guid(2524848bad1acd74fad3377a91d025c4) Importer(2089858483,192608db42251d675da83286b1cce702) (ScriptedImporter) -> (artifact id: 'f09d25bd66871b3ae43883f700fee19d') in 0.0770766 seconds
Number of updated asset objects reloaded before import = 0Number of asset objects unloaded after import = 3

========================================================================
Received Import Request.
  Time since last request: 0.000091 seconds.
  path: Assets/M6 - Packages/Stylized Rock Pack - 8 styles, 3 shapes, LODs, PBR/Prefabs/Cliff_basic.prefab
  artifactKey: Guid(4e19107b1161e2145bb2b22bc059e9c3) Importer(2089858483,192608db42251d675da83286b1cce702)
Start importing Assets/M6 - Packages/Stylized Rock Pack - 8 styles, 3 shapes, LODs, PBR/Prefabs/Cliff_basic.prefab using Guid(4e19107b1161e2145bb2b22bc059e9c3) Importer(2089858483,192608db42251d675da83286b1cce702) (ScriptedImporter) -> (artifact id: '2f0490d2ec7f4f4c1c822231cf4431ff') in 0.0506193 seconds
Number of updated asset objects reloaded before import = 0Number of asset objects unloaded after import = 30

========================================================================
Received Import Request.
  Time since last request: 0.000053 seconds.
  path: Assets/M6 - Packages/Stylized Rock Pack - 8 styles, 3 shapes, LODs, PBR/Textures/rock_textures/tex_desert/rock_desert_Roughness.png
  artifactKey: Guid(eade6a6c13e94004cbd8e16862cb5fec) Importer(2089858483,192608db42251d675da83286b1cce702)
Start importing Assets/M6 - Packages/Stylized Rock Pack - 8 styles, 3 shapes, LODs, PBR/Textures/rock_textures/tex_desert/rock_desert_Roughness.png using Guid(eade6a6c13e94004cbd8e16862cb5fec) Importer(2089858483,192608db42251d675da83286b1cce702) (ScriptedImporter) -> (artifact id: '9c8de1cb97e3d5e01bc6f213e8b05665') in 0.0639593 seconds
Number of updated asset objects reloaded before import = 0Number of asset objects unloaded after import = 1

========================================================================
Received Import Request.
  Time since last request: 0.000051 seconds.
  path: Assets/M6 - Packages/StarSparrow/Prefabs/Modular Examples/StarSparrow19.prefab
  artifactKey: Guid(fffe62ec194d0944ab13a6eea990288b) Importer(2089858483,192608db42251d675da83286b1cce702)
Start importing Assets/M6 - Packages/StarSparrow/Prefabs/Modular Examples/StarSparrow19.prefab using Guid(fffe62ec194d0944ab13a6eea990288b) Importer(2089858483,192608db42251d675da83286b1cce702) (ScriptedImporter) -> (artifact id: '2df6edcd703f2367e074498fc7e727f3') in 0.0228015 seconds
Number of updated asset objects reloaded before import = 0Number of asset objects unloaded after import = 118

========================================================================
Received Import Request.
  Time since last request: 0.000089 seconds.
  path: Assets/M6 - Packages/StarSparrow/Prefabs/BonusContent/Mine Sample 2.prefab
  artifactKey: Guid(fa8aadfb07ca2034188c69c6f2ab4624) Importer(2089858483,192608db42251d675da83286b1cce702)
Start importing Assets/M6 - Packages/StarSparrow/Prefabs/BonusContent/Mine Sample 2.prefab using Guid(fa8aadfb07ca2034188c69c6f2ab4624) Importer(2089858483,192608db42251d675da83286b1cce702) (ScriptedImporter) -> (artifact id: 'dfcc13f0bf2656a2c87984cd36efb0d6') in 0.084898 seconds
Number of updated asset objects reloaded before import = 0Number of asset objects unloaded after import = 13

========================================================================
Received Import Request.
  Time since last request: 0.000106 seconds.
  path: Assets/M6 - Packages/Stylized Rock Pack - 8 styles, 3 shapes, LODs, PBR/Textures/cliff_textures/tex_infernal/cliff_infernal_Roughness.png
  artifactKey: Guid(8856505d93ec201419622bb2cb6a3c23) Importer(2089858483,192608db42251d675da83286b1cce702)
Start importing Assets/M6 - Packages/Stylized Rock Pack - 8 styles, 3 shapes, LODs, PBR/Textures/cliff_textures/tex_infernal/cliff_infernal_Roughness.png using Guid(8856505d93ec201419622bb2cb6a3c23) Importer(2089858483,192608db42251d675da83286b1cce702) (ScriptedImporter) -> (artifact id: 'a4998d797472295d5711f44b1a4392d9') in 0.0688203 seconds
Number of updated asset objects reloaded before import = 0Number of asset objects unloaded after import = 1

========================================================================
Received Import Request.
  Time since last request: 0.000092 seconds.
  path: Assets/M6 - Packages/StarSparrow/Materials/Colorize/StarSparrow_Colorize.mat
  artifactKey: Guid(3770b71d67e66f44181678f8632913c6) Importer(2089858483,192608db42251d675da83286b1cce702)
Start importing Assets/M6 - Packages/StarSparrow/Materials/Colorize/StarSparrow_Colorize.mat using Guid(3770b71d67e66f44181678f8632913c6) Importer(2089858483,192608db42251d675da83286b1cce702) (ScriptedImporter) -> (artifact id: 'a1ba48b0d896f92c5ca6af5db0b5ebf4') in 0.5230841 seconds
Number of updated asset objects reloaded before import = 0Number of asset objects unloaded after import = 11

========================================================================
Received Import Request.
  Time since last request: 0.000056 seconds.
  path: Assets/M6 - Packages/StarSparrow/Textures/BonusContent/MissileBomb/Bomb_Grey.png
  artifactKey: Guid(79766b9d7d57b854fa14ff073d34a0f6) Importer(2089858483,192608db42251d675da83286b1cce702)
Start importing Assets/M6 - Packages/StarSparrow/Textures/BonusContent/MissileBomb/Bomb_Grey.png using Guid(79766b9d7d57b854fa14ff073d34a0f6) Importer(2089858483,192608db42251d675da83286b1cce702) (ScriptedImporter) -> (artifact id: '78a0efd6784dd714674b4f355c6941a7') in 0.0645243 seconds
Number of updated asset objects reloaded before import = 0Number of asset objects unloaded after import = 1

========================================================================
Received Import Request.
  Time since last request: 0.000062 seconds.
  path: Assets/M6 - Packages/Stylized Rock Pack - 8 styles, 3 shapes, LODs, PBR/Textures/plate_textures/tex_basic/plate_basic_BaseColor.png
  artifactKey: Guid(0a9c0bdd4eb7e624ebeaaf13a20d02fb) Importer(2089858483,192608db42251d675da83286b1cce702)
Start importing Assets/M6 - Packages/Stylized Rock Pack - 8 styles, 3 shapes, LODs, PBR/Textures/plate_textures/tex_basic/plate_basic_BaseColor.png using Guid(0a9c0bdd4eb7e624ebeaaf13a20d02fb) Importer(2089858483,192608db42251d675da83286b1cce702) (ScriptedImporter) -> (artifact id: '8357db618b9540c843c204dd128692d9') in 0.1328572 seconds
Number of updated asset objects reloaded before import = 0Number of asset objects unloaded after import = 1

========================================================================
Received Import Request.
  Time since last request: 0.000048 seconds.
  path: Assets/M6 - Packages/Stylized Rock Pack - 8 styles, 3 shapes, LODs, PBR/Prefabs/Rock_white.prefab
  artifactKey: Guid(0ab7cd3e8bac6ef4b9be472fe5de0e10) Importer(2089858483,192608db42251d675da83286b1cce702)
Start importing Assets/M6 - Packages/Stylized Rock Pack - 8 styles, 3 shapes, LODs, PBR/Prefabs/Rock_white.prefab using Guid(0ab7cd3e8bac6ef4b9be472fe5de0e10) Importer(2089858483,192608db42251d675da83286b1cce702) (ScriptedImporter) -> (artifact id: '610237800e89b866ab5b77a70a44d27b') in 0.0258197 seconds
Number of updated asset objects reloaded before import = 0Number of asset objects unloaded after import = 30

========================================================================
Received Import Request.
  Time since last request: 0.000114 seconds.
  path: Assets/M6 - Packages/StarSparrow/Meshes/StarSparrow18.fbx
  artifactKey: Guid(d2da5c2e05457aa458d3c8c124ead304) Importer(2089858483,192608db42251d675da83286b1cce702)
Start importing Assets/M6 - Packages/StarSparrow/Meshes/StarSparrow18.fbx using Guid(d2da5c2e05457aa458d3c8c124ead304) Importer(2089858483,192608db42251d675da83286b1cce702) (ScriptedImporter) -> (artifact id: 'bcff2db45f5d0f610eaad249acbf6473') in 0.0269825 seconds
Number of updated asset objects reloaded before import = 0Number of asset objects unloaded after import = 7

========================================================================
Received Import Request.
  Time since last request: 0.000045 seconds.
  path: Assets/M6 - Packages/StarSparrow/Prefabs/Examples/StarSparrow13.prefab
  artifactKey: Guid(21b471887873bf04aa486f9dd5f0cd62) Importer(2089858483,192608db42251d675da83286b1cce702)
Start importing Assets/M6 - Packages/StarSparrow/Prefabs/Examples/StarSparrow13.prefab using Guid(21b471887873bf04aa486f9dd5f0cd62) Importer(2089858483,192608db42251d675da83286b1cce702) (ScriptedImporter) -> (artifact id: '27ed62543828df45428dd05b05c29a87') in 0.0455588 seconds
Number of updated asset objects reloaded before import = 0Number of asset objects unloaded after import = 73

========================================================================
Received Import Request.
  Time since last request: 0.000113 seconds.
  path: Assets/M6 - Packages/Stylized Rock Pack - 8 styles, 3 shapes, LODs, PBR/Materials/rock_mats/Rock_forest.mat
  artifactKey: Guid(72a8cb4ebc4feed448e16b8441976de2) Importer(2089858483,192608db42251d675da83286b1cce702)
Start importing Assets/M6 - Packages/Stylized Rock Pack - 8 styles, 3 shapes, LODs, PBR/Materials/rock_mats/Rock_forest.mat using Guid(72a8cb4ebc4feed448e16b8441976de2) Importer(2089858483,192608db42251d675da83286b1cce702) (ScriptedImporter) -> (artifact id: 'b92ba1c1f2faced01ce9caa5e1dbb864') in 0.1197155 seconds
Number of updated asset objects reloaded before import = 0Number of asset objects unloaded after import = 4

========================================================================
Received Import Request.
  Time since last request: 0.000085 seconds.
  path: Assets/M6 - Packages/Stylized Rock Pack - 8 styles, 3 shapes, LODs, PBR/Textures/rock_textures/tex_infernal/rock_infernal_Roughness.png
  artifactKey: Guid(41fd9e9ef19e99041bffce2de7677a73) Importer(2089858483,192608db42251d675da83286b1cce702)
Start importing Assets/M6 - Packages/Stylized Rock Pack - 8 styles, 3 shapes, LODs, PBR/Textures/rock_textures/tex_infernal/rock_infernal_Roughness.png using Guid(41fd9e9ef19e99041bffce2de7677a73) Importer(2089858483,192608db42251d675da83286b1cce702) (ScriptedImporter) -> (artifact id: '0a1a741f6269cfea496b4fc444572c8b') in 0.0651138 seconds
Number of updated asset objects reloaded before import = 0Number of asset objects unloaded after import = 1

========================================================================
Received Import Request.
  Time since last request: 0.000052 seconds.
  path: Assets/M6 - Packages/StarSparrow/Prefabs/Examples/StarSparrow7.prefab
  artifactKey: Guid(876a8abf851065f47b92622ae857db27) Importer(2089858483,192608db42251d675da83286b1cce702)
Start importing Assets/M6 - Packages/StarSparrow/Prefabs/Examples/StarSparrow7.prefab using Guid(876a8abf851065f47b92622ae857db27) Importer(2089858483,192608db42251d675da83286b1cce702) (ScriptedImporter) -> (artifact id: '4a488739e1b5d78cb97bb1e7af5d6788') in 0.0623789 seconds
Number of updated asset objects reloaded before import = 0Number of asset objects unloaded after import = 85

========================================================================
Received Import Request.
  Time since last request: 0.000056 seconds.
  path: Assets/M6 - Packages/Stylized Rock Pack - 8 styles, 3 shapes, LODs, PBR/Textures/plate_textures/tex_white/plate_white_Normal.png
  artifactKey: Guid(778de3af1bb69474b87f37feab879398) Importer(2089858483,192608db42251d675da83286b1cce702)
Start importing Assets/M6 - Packages/Stylized Rock Pack - 8 styles, 3 shapes, LODs, PBR/Textures/plate_textures/tex_white/plate_white_Normal.png using Guid(778de3af1bb69474b87f37feab879398) Importer(2089858483,192608db42251d675da83286b1cce702) (ScriptedImporter) -> (artifact id: 'd1311766018ca62f2e685315d9b1c277') in 0.0672514 seconds
Number of updated asset objects reloaded before import = 0Number of asset objects unloaded after import = 1

========================================================================
Received Import Request.
  Time since last request: 0.000080 seconds.
  path: Assets/M6 - Packages/Stylized Rock Pack - 8 styles, 3 shapes, LODs, PBR/Textures/rock_textures/tex_basic/rock_basic_Roughness.png
  artifactKey: Guid(376c0adef8f114245a0997cebd090c45) Importer(2089858483,192608db42251d675da83286b1cce702)
Start importing Assets/M6 - Packages/Stylized Rock Pack - 8 styles, 3 shapes, LODs, PBR/Textures/rock_textures/tex_basic/rock_basic_Roughness.png using Guid(376c0adef8f114245a0997cebd090c45) Importer(2089858483,192608db42251d675da83286b1cce702) (ScriptedImporter) -> (artifact id: '204c3d98db94908b744d18f4d7aa2a50') in 0.1211594 seconds
Number of updated asset objects reloaded before import = 0Number of asset objects unloaded after import = 1

========================================================================
Received Import Request.
  Time since last request: 0.000050 seconds.
  path: Assets/M6 - Packages/Stylized Rock Pack - 8 styles, 3 shapes, LODs, PBR/Prefabs/Cliff_fancy.prefab
  artifactKey: Guid(bec839f885376304c9a7862bd01f8cbb) Importer(2089858483,192608db42251d675da83286b1cce702)
Start importing Assets/M6 - Packages/Stylized Rock Pack - 8 styles, 3 shapes, LODs, PBR/Prefabs/Cliff_fancy.prefab using Guid(bec839f885376304c9a7862bd01f8cbb) Importer(2089858483,192608db42251d675da83286b1cce702) (ScriptedImporter) -> (artifact id: '523e7567e4243c9e7712df07a0a60f99') in 0.0333584 seconds
Number of updated asset objects reloaded before import = 0Number of asset objects unloaded after import = 30

========================================================================
Received Import Request.
  Time since last request: 0.000072 seconds.
  path: Assets/M6 - Packages/Stylized Rock Pack - 8 styles, 3 shapes, LODs, PBR/Textures/rock_textures/tex_snow/rock_snow_BaseColor.png
  artifactKey: Guid(1463762870825c74a8186bc2b2830c83) Importer(2089858483,192608db42251d675da83286b1cce702)
Start importing Assets/M6 - Packages/Stylized Rock Pack - 8 styles, 3 shapes, LODs, PBR/Textures/rock_textures/tex_snow/rock_snow_BaseColor.png using Guid(1463762870825c74a8186bc2b2830c83) Importer(2089858483,192608db42251d675da83286b1cce702) (ScriptedImporter) -> (artifact id: '47451611de09be0da7474e884420172b') in 0.081009 seconds
Number of updated asset objects reloaded before import = 0Number of asset objects unloaded after import = 1

========================================================================
Received Import Request.
  Time since last request: 0.000048 seconds.
  path: Assets/M6 - Packages/StarSparrow/Materials/BonusContent/FlyingInsect_Purple.mat
  artifactKey: Guid(cb69702e662a4114aa3a332d2da74996) Importer(2089858483,192608db42251d675da83286b1cce702)
Start importing Assets/M6 - Packages/StarSparrow/Materials/BonusContent/FlyingInsect_Purple.mat using Guid(cb69702e662a4114aa3a332d2da74996) Importer(2089858483,192608db42251d675da83286b1cce702) (ScriptedImporter) -> (artifact id: 'd7b66e5432f89a0d13aa05e17a727377') in 0.0514168 seconds
Number of updated asset objects reloaded before import = 0Number of asset objects unloaded after import = 4

========================================================================
Received Import Request.
  Time since last request: 0.000056 seconds.
  path: Assets/M6 - Packages/Stylized Rock Pack - 8 styles, 3 shapes, LODs, PBR/Textures/plate_textures
  artifactKey: Guid(d8c6867039feb194a9d9604650f29b2e) Importer(2089858483,192608db42251d675da83286b1cce702)
Start importing Assets/M6 - Packages/Stylized Rock Pack - 8 styles, 3 shapes, LODs, PBR/Textures/plate_textures using Guid(d8c6867039feb194a9d9604650f29b2e) Importer(2089858483,192608db42251d675da83286b1cce702) (ScriptedImporter) -> (artifact id: '5dbe7467659b02fdd353afc685a332e5') in 0.0169969 seconds
Number of updated asset objects reloaded before import = 0Number of asset objects unloaded after import = 1

========================================================================
Received Import Request.
  Time since last request: 0.000072 seconds.
  path: Assets/M6 - Packages/Stylized Rock Pack - 8 styles, 3 shapes, LODs, PBR/Textures/plate_textures/tex_snow/plate_snow_BaseColor.png
  artifactKey: Guid(3f93a9ee9d5da8b429b16f2dadc18733) Importer(2089858483,192608db42251d675da83286b1cce702)
Start importing Assets/M6 - Packages/Stylized Rock Pack - 8 styles, 3 shapes, LODs, PBR/Textures/plate_textures/tex_snow/plate_snow_BaseColor.png using Guid(3f93a9ee9d5da8b429b16f2dadc18733) Importer(2089858483,192608db42251d675da83286b1cce702) (ScriptedImporter) -> (artifact id: 'b4f2df5f849392d1ddca26b8a20937b2') in 0.0525605 seconds
Number of updated asset objects reloaded before import = 0Number of asset objects unloaded after import = 1

========================================================================
Received Import Request.
  Time since last request: 0.000046 seconds.
  path: Assets/M6 - Packages/StarSparrow/Meshes/BonusContent/FlyingInsects3_Wing1.FBX
  artifactKey: Guid(c121b1640d073a14382ea0f68499c85e) Importer(2089858483,192608db42251d675da83286b1cce702)
Start importing Assets/M6 - Packages/StarSparrow/Meshes/BonusContent/FlyingInsects3_Wing1.FBX using Guid(c121b1640d073a14382ea0f68499c85e) Importer(2089858483,192608db42251d675da83286b1cce702) (ScriptedImporter) -> (artifact id: 'e964c354a7b04bb5c46b0905b8507410') in 0.0367467 seconds
Number of updated asset objects reloaded before import = 0Number of asset objects unloaded after import = 7

========================================================================
Received Import Request.
  Time since last request: 0.000053 seconds.
  path: Assets/M6 - Packages/StarSparrow/Scenes/BonusContent.unity
  artifactKey: Guid(ad424019336bdbe41bd98becc7971008) Importer(2089858483,192608db42251d675da83286b1cce702)
Start importing Assets/M6 - Packages/StarSparrow/Scenes/BonusContent.unity using Guid(ad424019336bdbe41bd98becc7971008) Importer(2089858483,192608db42251d675da83286b1cce702) (ScriptedImporter) -> (artifact id: 'd9af9fc7c6df2a20386b6ad6123eb79e') in 0.0422114 seconds
Number of updated asset objects reloaded before import = 0Number of asset objects unloaded after import = 1

========================================================================
Received Import Request.
  Time since last request: 0.000075 seconds.
  path: Assets/M6 - Packages/StarSparrow/Prefabs/BonusContent/PolygonSpaceship/StarSparrow_Weapon_LP_Red.prefab
  artifactKey: Guid(bb0dcfc33256099499beab1781b0d40a) Importer(2089858483,192608db42251d675da83286b1cce702)
Start importing Assets/M6 - Packages/StarSparrow/Prefabs/BonusContent/PolygonSpaceship/StarSparrow_Weapon_LP_Red.prefab using Guid(bb0dcfc33256099499beab1781b0d40a) Importer(2089858483,192608db42251d675da83286b1cce702) (ScriptedImporter) -> (artifact id: '37b4e5fc173824960103c4a52b30a079') in 0.0255668 seconds
Number of updated asset objects reloaded before import = 0Number of asset objects unloaded after import = 11

========================================================================
Received Import Request.
  Time since last request: 0.000047 seconds.
  path: Assets/M6 - Packages/StarSparrow/Textures/StarSparrow_Purple.png
  artifactKey: Guid(640f8c474d13c194ab55e398b2b76cc4) Importer(2089858483,192608db42251d675da83286b1cce702)
Start importing Assets/M6 - Packages/StarSparrow/Textures/StarSparrow_Purple.png using Guid(640f8c474d13c194ab55e398b2b76cc4) Importer(2089858483,192608db42251d675da83286b1cce702) (ScriptedImporter) -> (artifact id: '1d54fb8c6de9570637af5590a9b894bc') in 0.046417 seconds
Number of updated asset objects reloaded before import = 0Number of asset objects unloaded after import = 1

========================================================================
Received Import Request.
  Time since last request: 0.000054 seconds.
  path: Assets/M6 - Packages/Stylized Rock Pack - 8 styles, 3 shapes, LODs, PBR/Textures/plate_textures/tex_snow/plate_snow_Normal.png
  artifactKey: Guid(d3f0b0dc5fd95b549b95785faec1d27d) Importer(2089858483,192608db42251d675da83286b1cce702)
Start importing Assets/M6 - Packages/Stylized Rock Pack - 8 styles, 3 shapes, LODs, PBR/Textures/plate_textures/tex_snow/plate_snow_Normal.png using Guid(d3f0b0dc5fd95b549b95785faec1d27d) Importer(2089858483,192608db42251d675da83286b1cce702) (ScriptedImporter) -> (artifact id: '835bd1afbc351c7c2b8d1e9319b94081') in 0.0788072 seconds
Number of updated asset objects reloaded before import = 0Number of asset objects unloaded after import = 1

========================================================================
Received Import Request.
  Time since last request: 0.000071 seconds.
  path: Assets/M6 - Packages/StarSparrow/Prefabs/BonusContent/PolygonSpaceship/StarSparrow_Plasma_LP_Red.prefab
  artifactKey: Guid(76fb7025f7e56934580f6fcb647b40b5) Importer(2089858483,192608db42251d675da83286b1cce702)
Start importing Assets/M6 - Packages/StarSparrow/Prefabs/BonusContent/PolygonSpaceship/StarSparrow_Plasma_LP_Red.prefab using Guid(76fb7025f7e56934580f6fcb647b40b5) Importer(2089858483,192608db42251d675da83286b1cce702) (ScriptedImporter) -> (artifact id: '3434bac08514c20634dcf5e5127fd977') in 0.0190418 seconds
Number of updated asset objects reloaded before import = 0Number of asset objects unloaded after import = 11

========================================================================
Received Import Request.
  Time since last request: 0.000047 seconds.
  path: Assets/M6 - Packages/StarSparrow/Textures/StarSparrow_White.png
  artifactKey: Guid(11713f926c779554face7d8072f12492) Importer(2089858483,192608db42251d675da83286b1cce702)
Start importing Assets/M6 - Packages/StarSparrow/Textures/StarSparrow_White.png using Guid(11713f926c779554face7d8072f12492) Importer(2089858483,192608db42251d675da83286b1cce702) (ScriptedImporter) -> (artifact id: '96e48aca070063fc0e793fce70221f07') in 0.0274689 seconds
Number of updated asset objects reloaded before import = 0Number of asset objects unloaded after import = 1

========================================================================
Received Import Request.
  Time since last request: 0.000053 seconds.
  path: Assets/M6 - Packages/Stylized Rock Pack - 8 styles, 3 shapes, LODs, PBR/Textures/rock_textures/tex_basic/rock_basic_Normal.png
  artifactKey: Guid(e1fe92d9a03be7940a2b8133b844cf93) Importer(2089858483,192608db42251d675da83286b1cce702)
Start importing Assets/M6 - Packages/Stylized Rock Pack - 8 styles, 3 shapes, LODs, PBR/Textures/rock_textures/tex_basic/rock_basic_Normal.png using Guid(e1fe92d9a03be7940a2b8133b844cf93) Importer(2089858483,192608db42251d675da83286b1cce702) (ScriptedImporter) -> (artifact id: 'e2ef343a34c3e32173bfd151994cc076') in 0.067103 seconds
Number of updated asset objects reloaded before import = 0Number of asset objects unloaded after import = 1

========================================================================
Received Import Request.
  Time since last request: 0.000081 seconds.
  path: Assets/M6 - Packages/StarSparrow/Meshes/StarSparrow11.fbx
  artifactKey: Guid(f7af603aac7d7734dafa2b05c8b7fa60) Importer(2089858483,192608db42251d675da83286b1cce702)
Start importing Assets/M6 - Packages/StarSparrow/Meshes/StarSparrow11.fbx using Guid(f7af603aac7d7734dafa2b05c8b7fa60) Importer(2089858483,192608db42251d675da83286b1cce702) (ScriptedImporter) -> (artifact id: '286404f89161e46043aaf64d094054a4') in 0.0745565 seconds
Number of updated asset objects reloaded before import = 0Number of asset objects unloaded after import = 7

========================================================================
Received Import Request.
  Time since last request: 0.000047 seconds.
  path: Assets/M6 - Packages/Stylized Rock Pack - 8 styles, 3 shapes, LODs, PBR/Textures/plate_textures/tex_fancy/plate_fancy_BaseColor.png
  artifactKey: Guid(5539bd87d5257b142a451cf6c6cfe46e) Importer(2089858483,192608db42251d675da83286b1cce702)
Start importing Assets/M6 - Packages/Stylized Rock Pack - 8 styles, 3 shapes, LODs, PBR/Textures/plate_textures/tex_fancy/plate_fancy_BaseColor.png using Guid(5539bd87d5257b142a451cf6c6cfe46e) Importer(2089858483,192608db42251d675da83286b1cce702) (ScriptedImporter) -> (artifact id: '46cda956d5b0e91a55dfb72b82e1aba6') in 0.0683219 seconds
Number of updated asset objects reloaded before import = 0Number of asset objects unloaded after import = 1

========================================================================
Received Import Request.
  Time since last request: 0.000083 seconds.
  path: Assets/M6 - Packages/StarSparrow/Meshes/StarSparrow10.fbx
  artifactKey: Guid(e84db841a9a98e444bd4466e423506d2) Importer(2089858483,192608db42251d675da83286b1cce702)
Start importing Assets/M6 - Packages/StarSparrow/Meshes/StarSparrow10.fbx using Guid(e84db841a9a98e444bd4466e423506d2) Importer(2089858483,192608db42251d675da83286b1cce702) (ScriptedImporter) -> (artifact id: 'a5c58f0872fe811cd25006d43eac0148') in 0.054702 seconds
Number of updated asset objects reloaded before import = 0Number of asset objects unloaded after import = 7

========================================================================
Received Import Request.
  Time since last request: 0.000065 seconds.
  path: Assets/M6 - Packages/StarSparrow/Meshes/StarSparrow26.fbx
  artifactKey: Guid(51b04fcd6b990404aadbc2b14d0c2cf1) Importer(2089858483,192608db42251d675da83286b1cce702)
Start importing Assets/M6 - Packages/StarSparrow/Meshes/StarSparrow26.fbx using Guid(51b04fcd6b990404aadbc2b14d0c2cf1) Importer(2089858483,192608db42251d675da83286b1cce702) (ScriptedImporter) -> (artifact id: '4592a67217df39cb2de68b5e630e422c') in 0.023001 seconds
Number of updated asset objects reloaded before import = 0Number of asset objects unloaded after import = 7

========================================================================
Received Import Request.
  Time since last request: 0.000044 seconds.
  path: Assets/M6 - Packages/StarSparrow/Textures/Masks/StarSparrow_Masks_BC.png
  artifactKey: Guid(e253cb425932cf44ba226319b1cd1152) Importer(2089858483,192608db42251d675da83286b1cce702)
Start importing Assets/M6 - Packages/StarSparrow/Textures/Masks/StarSparrow_Masks_BC.png using Guid(e253cb425932cf44ba226319b1cd1152) Importer(2089858483,192608db42251d675da83286b1cce702) (ScriptedImporter) -> (artifact id: '93bafcd1da05692df4f0e8a6e3af6708') in 0.0249181 seconds
Number of updated asset objects reloaded before import = 0Number of asset objects unloaded after import = 1

========================================================================
Received Prepare
Assembly reference Packages/com.unity.cinemachine/Editor/Samples/ExposeHDRPInternals/HDRP-Editor-ref.asmref has no target assembly definition
Assembly reference Packages/com.unity.cinemachine/Editor/Samples/ExposeHDRPInternals/HDRP-Editor-ref.asmref has no target assembly definition
Begin MonoManager ReloadAssembly
- Loaded All Assemblies, in  0.922 seconds
Assembly reference Packages/com.unity.cinemachine/Editor/Samples/ExposeHDRPInternals/HDRP-Editor-ref.asmref has no target assembly definition
'Packages/com.unity.cinemachine/Editor/Obsolete/CinemachineVirtualCameraBaseEditor.cs' contains partial class of Unity.Object, exactly 1 of the partial classes needs to be in a file with the same filename. This is to know the one that can be referenced from ie. GameObjects
'Packages/com.unity.cinemachine/Editor/Editors/CinemachineVirtualCameraBaseEditor.cs' contains partial class of Unity.Object, exactly 1 of the partial classes needs to be in a file with the same filename. This is to know the one that can be referenced from ie. GameObjects
Refreshing native plugins compatible for Editor in 0.00 ms, found 0 plugins.
Native extension for Android target not found
Native extension for WindowsStandalone target not found
Native extension for WebGL target not found
Assembly reference Packages/com.unity.cinemachine/Editor/Samples/ExposeHDRPInternals/HDRP-Editor-ref.asmref has no target assembly definition
[Package Manager] Failed to launch server process. Reason: Unity was launched with the -noUpm command-line argument
[Package Manager] Unable to send message (not connected to server process).
[Package Manager] Cannot connect to Unity Package Manager local server
Mono: successfully reloaded assembly
- Finished resetting the current domain, in  1.242 seconds
Domain Reload Profiling: 2164ms
	BeginReloadAssembly (315ms)
		ExecutionOrderSort (0ms)
		DisableScriptedObjects (30ms)
		BackupInstance (0ms)
		ReleaseScriptingObjects (0ms)
		CreateAndSetChildDomain (72ms)
	RebuildCommonClasses (45ms)
	RebuildNativeTypeToScriptingClass (16ms)
	initialDomainReloadingComplete (38ms)
	LoadAllAssembliesAndSetupDomain (508ms)
		LoadAssemblies (464ms)
		RebuildTransferFunctionScriptingTraits (0ms)
		AnalyzeDomain (181ms)
			TypeCache.Refresh (8ms)
				TypeCache.ScanAssembly (0ms)
			BuildScriptInfoCaches (145ms)
			ResolveRequiredComponents (20ms)
	FinalizeReload (1243ms)
		ReleaseScriptCaches (0ms)
		RebuildScriptCaches (0ms)
		SetupLoadedEditorAssemblies (918ms)
			LogAssemblyErrors (0ms)
			InitializePlatformSupportModulesInManaged (24ms)
			SetLoadedEditorAssemblies (6ms)
			BeforeProcessingInitializeOnLoad (263ms)
			ProcessInitializeOnLoadAttributes (475ms)
			ProcessInitializeOnLoadMethodAttributes (133ms)
			AfterProcessingInitializeOnLoad (14ms)
			EditorAssembliesLoaded (1ms)
		ExecutionOrderSort2 (0ms)
		AwakeInstancesAfterBackupRestoration (38ms)
Refreshing native plugins compatible for Editor in 0.00 ms, found 0 plugins.
Preloading 0 native plugins for Editor in 0.00 ms.
Unloading 14 Unused Serialized files (Serialized files now loaded: 0)
Unloading 3580 unused Assets / (3.2 MB). Loaded Objects now: 4366.
Memory consumption went from 130.9 MB to 127.7 MB.
Total: 9.168600 ms (FindLiveObjects: 0.445200 ms CreateObjectMapping: 0.211500 ms MarkObjects: 6.745600 ms  DeleteObjects: 1.764300 ms)

Prepare: number of updated asset objects reloaded= 0
========================================================================
Received Import Request.
  Time since last request: 22.259394 seconds.
  path: Assets/Tree_Textures/shadow.png
  artifactKey: Guid(9c10eca8410cb074c90b2d28a8c773e9) Importer(815301076,1909f56bfc062723c751e8b465ee728b)
Start importing Assets/Tree_Textures/shadow.png using Guid(9c10eca8410cb074c90b2d28a8c773e9) Importer(815301076,1909f56bfc062723c751e8b465ee728b) (PreviewImporter) -> (artifact id: 'cec9880e4f937566355be749d8c7346f') in 0.0934718 seconds
Number of updated asset objects reloaded before import = 0Number of asset objects unloaded after import = 2

Editor requested this worker to shutdown with reason: Scaling down because of idle timeout
AssetImportWorker is now disconnected from the server
Process exiting
Exiting without the bug reporter. Application will terminate with return code 0