Using pre-set license
Built from '6000.0/respin/6000.0.60f1-f02d6f9f9009' branch; Version is '6000.0.60f1 (61dfb374e36f) revision 6414259'; Using compiler version '193933523'; Build Type 'Release'
OS: 'Windows 11  (10.0.26200) 64bit Core' Language: 'en' Physical Memory: 32117 MB
BatchMode: 1, IsHumanControllingUs: 0, StartBugReporterOnCrash: 0, Is64bit: 1
Date: 2026-06-17T15:11:57Z

COMMAND LINE ARGUMENTS:
C:\Program Files\Unity\Hub\Editor\6000.0.60f1\Editor\Unity.exe
-adb2
-batchMode
-noUpm
-name
AssetImportWorker17
-projectPath
C:/Users/joell/OneDrive/Documenten/J3Dez +/9 Devs/3 Games/AirParkour
-logFile
Logs/AssetImportWorker17.log
-srvPort
51811
-job-worker-count
10
-background-job-worker-count
8
-gc-helper-count
1
-name
AssetImport
Successfully changed project path to: C:/Users/joell/OneDrive/Documenten/J3Dez +/9 Devs/3 Games/AirParkour
C:/Users/joell/OneDrive/Documenten/J3Dez +/9 Devs/3 Games/AirParkour
[UnityMemory] Configuration Parameters - Can be set up in boot.config
    "memorysetup-bucket-allocator-granularity=16"
    "memorysetup-bucket-allocator-bucket-count=8"
    "memorysetup-bucket-allocator-block-size=33554432"
    "memorysetup-bucket-allocator-block-count=8"
    "memorysetup-main-allocator-block-size=16777216"
    "memorysetup-thread-allocator-block-size=16777216"
    "memorysetup-gfx-main-allocator-block-size=16777216"
    "memorysetup-gfx-thread-allocator-block-size=16777216"
    "memorysetup-cache-allocator-block-size=4194304"
    "memorysetup-typetree-allocator-block-size=2097152"
    "memorysetup-profiler-bucket-allocator-granularity=16"
    "memorysetup-profiler-bucket-allocator-bucket-count=8"
    "memorysetup-profiler-bucket-allocator-block-size=33554432"
    "memorysetup-profiler-bucket-allocator-block-count=8"
    "memorysetup-profiler-allocator-block-size=16777216"
    "memorysetup-profiler-editor-allocator-block-size=1048576"
    "memorysetup-temp-allocator-size-main=16777216"
    "memorysetup-job-temp-allocator-block-size=2097152"
    "memorysetup-job-temp-allocator-block-size-background=1048576"
    "memorysetup-job-temp-allocator-reduction-small-platforms=262144"
    "memorysetup-allocator-temp-initial-block-size-main=262144"
    "memorysetup-allocator-temp-initial-block-size-worker=262144"
    "memorysetup-temp-allocator-size-background-worker=32768"
    "memorysetup-temp-allocator-size-job-worker=262144"
    "memorysetup-temp-allocator-size-preload-manager=33554432"
    "memorysetup-temp-allocator-size-nav-mesh-worker=65536"
    "memorysetup-temp-allocator-size-audio-worker=65536"
    "memorysetup-temp-allocator-size-cloud-worker=32768"
    "memorysetup-temp-allocator-size-gi-baking-worker=262144"
    "memorysetup-temp-allocator-size-gi-baking-worker=262144"
    "memorysetup-temp-allocator-size-gi-baking-worker=262144"
    "memorysetup-temp-allocator-size-gi-baking-worker=262144"
    "memorysetup-temp-allocator-size-gi-baking-worker=262144"
    "memorysetup-temp-allocator-size-gfx=262144"
Player connection [33908]  Target information:

Player connection [33908]  * "[IP] 192.168.1.4 [Port] 0 [Flags] 2 [Guid] 1177150470 [EditorId] 1177150470 [Version] 1048832 [Id] WindowsEditor(7,J3Dez) [Debug] 1 [PackageName] WindowsEditor [ProjectName] Editor" 

Player connection [33908] Host joined multi-casting on [225.0.0.222:54997]...
Player connection [33908] Host joined alternative multi-casting on [225.0.0.222:34997]...
JobSystem: Creating JobQueue using job-worker-count value 10
Input System module state changed to: Initialized.
[Physics::Module] Initialized fallback backend.
[Physics::Module] Id: 0xdecafbad
Library Redirect Path: Library/
[Physics::Module] Selected backend.
[Physics::Module] Name: PhysX
[Physics::Module] Id: 0xf2b8ea05
[Physics::Module] SDK Version: 4.1.2
[Physics::Module] Integration Version: 1.0.0
[Physics::Module] Threading Mode: Multi-Threaded
Refreshing native plugins compatible for Editor in 0.00 ms, found 0 plugins.
Preloading 0 native plugins for Editor in 0.00 ms.
Initialize engine version: 6000.0.60f1 (61dfb374e36f)
[Subsystems] Discovering subsystems at path C:/Program Files/Unity/Hub/Editor/6000.0.60f1/Editor/Data/Resources/UnitySubsystems
[Subsystems] Discovering subsystems at path C:/Users/joell/OneDrive/Documenten/J3Dez +/9 Devs/3 Games/AirParkour/Assets
GfxDevice: creating device client; kGfxThreadingModeNonThreaded
Direct3D:
    Version:  Direct3D 11.0 [level 11.1]
    Renderer: Intel(R) Arc(TM) Graphics (ID=0x7d55)
    Vendor:   Intel
    VRAM:     18307 MB
    Driver:   32.0.101.6127
Initialize mono
Mono path[0] = 'C:/Program Files/Unity/Hub/Editor/6000.0.60f1/Editor/Data/Managed'
Mono path[1] = 'C:/Program Files/Unity/Hub/Editor/6000.0.60f1/Editor/Data/MonoBleedingEdge/lib/mono/unityjit-win32'
Mono config path = 'C:/Program Files/Unity/Hub/Editor/6000.0.60f1/Editor/Data/MonoBleedingEdge/etc'
Using monoOptions --debugger-agent=transport=dt_socket,embedding=1,server=y,suspend=n,address=127.0.0.1:56472
Begin MonoManager ReloadAssembly
Registering precompiled unity dll's ...
Register platform support module: C:/Program Files/Unity/Hub/Editor/6000.0.60f1/Editor/Data/PlaybackEngines/WebGLSupport/UnityEditor.WebGL.Extensions.dll
Register platform support module: C:/Program Files/Unity/Hub/Editor/6000.0.60f1/Editor/Data/PlaybackEngines/WindowsStandaloneSupport/UnityEditor.WindowsStandalone.Extensions.dll
Register platform support module: C:/Program Files/Unity/Hub/Editor/6000.0.60f1/Editor/Data/PlaybackEngines/AndroidPlayer/UnityEditor.Android.Extensions.dll
Registered in 0.015797 seconds.
- Loaded All Assemblies, in  1.770 seconds
Native extension for Android target not found
Android Extension - Scanning For ADB Devices 1617 ms
Native extension for WindowsStandalone target not found
Native extension for WebGL target not found
Mono: successfully reloaded assembly
- Finished resetting the current domain, in  3.328 seconds
Domain Reload Profiling: 5088ms
	BeginReloadAssembly (495ms)
		ExecutionOrderSort (0ms)
		DisableScriptedObjects (0ms)
		BackupInstance (0ms)
		ReleaseScriptingObjects (0ms)
		CreateAndSetChildDomain (2ms)
	RebuildCommonClasses (116ms)
	RebuildNativeTypeToScriptingClass (37ms)
	initialDomainReloadingComplete (243ms)
	LoadAllAssembliesAndSetupDomain (867ms)
		LoadAssemblies (499ms)
		RebuildTransferFunctionScriptingTraits (0ms)
		AnalyzeDomain (843ms)
			TypeCache.Refresh (839ms)
				TypeCache.ScanAssembly (802ms)
			BuildScriptInfoCaches (0ms)
			ResolveRequiredComponents (1ms)
	FinalizeReload (3329ms)
		ReleaseScriptCaches (0ms)
		RebuildScriptCaches (0ms)
		SetupLoadedEditorAssemblies (3152ms)
			LogAssemblyErrors (0ms)
			InitializePlatformSupportModulesInManaged (2009ms)
			SetLoadedEditorAssemblies (11ms)
			BeforeProcessingInitializeOnLoad (267ms)
			ProcessInitializeOnLoadAttributes (641ms)
			ProcessInitializeOnLoadMethodAttributes (223ms)
			AfterProcessingInitializeOnLoad (0ms)
			EditorAssembliesLoaded (0ms)
		ExecutionOrderSort2 (0ms)
		AwakeInstancesAfterBackupRestoration (0ms)
Assembly reference Packages/com.unity.cinemachine/Editor/Samples/ExposeHDRPInternals/HDRP-Editor-ref.asmref has no target assembly definition
========================================================================
Worker process is ready to serve import requests
Import Worker Mode flag is 0x00
Assembly reference Packages/com.unity.cinemachine/Editor/Samples/ExposeHDRPInternals/HDRP-Editor-ref.asmref has no target assembly definition
Assembly reference Packages/com.unity.cinemachine/Editor/Samples/ExposeHDRPInternals/HDRP-Editor-ref.asmref has no target assembly definition
Begin MonoManager ReloadAssembly
- Loaded All Assemblies, in  3.263 seconds
Assembly reference Packages/com.unity.cinemachine/Editor/Samples/ExposeHDRPInternals/HDRP-Editor-ref.asmref has no target assembly definition
'Packages/com.unity.cinemachine/Editor/Obsolete/CinemachineVirtualCameraBaseEditor.cs' contains partial class of Unity.Object, exactly 1 of the partial classes needs to be in a file with the same filename. This is to know the one that can be referenced from ie. GameObjects
'Packages/com.unity.cinemachine/Editor/Editors/CinemachineVirtualCameraBaseEditor.cs' contains partial class of Unity.Object, exactly 1 of the partial classes needs to be in a file with the same filename. This is to know the one that can be referenced from ie. GameObjects
Refreshing native plugins compatible for Editor in 0.00 ms, found 0 plugins.
Native extension for Android target not found
Native extension for WindowsStandalone target not found
Native extension for WebGL target not found
Assembly reference Packages/com.unity.cinemachine/Editor/Samples/ExposeHDRPInternals/HDRP-Editor-ref.asmref has no target assembly definition
Package Manager log level set to [2]
[Package Manager] Failed to launch server process. Reason: Unity was launched with the -noUpm command-line argument
[Package Manager] Unable to send message (not connected to server process).
[Package Manager] Cannot connect to Unity Package Manager local server
Mono: successfully reloaded assembly
- Finished resetting the current domain, in  3.778 seconds
Domain Reload Profiling: 7028ms
	BeginReloadAssembly (907ms)
		ExecutionOrderSort (0ms)
		DisableScriptedObjects (26ms)
		BackupInstance (0ms)
		ReleaseScriptingObjects (0ms)
		CreateAndSetChildDomain (98ms)
	RebuildCommonClasses (168ms)
	RebuildNativeTypeToScriptingClass (54ms)
	initialDomainReloadingComplete (187ms)
	LoadAllAssembliesAndSetupDomain (1933ms)
		LoadAssemblies (1863ms)
		RebuildTransferFunctionScriptingTraits (0ms)
		AnalyzeDomain (699ms)
			TypeCache.Refresh (511ms)
				TypeCache.ScanAssembly (450ms)
			BuildScriptInfoCaches (131ms)
			ResolveRequiredComponents (46ms)
	FinalizeReload (3779ms)
		ReleaseScriptCaches (0ms)
		RebuildScriptCaches (0ms)
		SetupLoadedEditorAssemblies (2269ms)
			LogAssemblyErrors (0ms)
			InitializePlatformSupportModulesInManaged (68ms)
			SetLoadedEditorAssemblies (20ms)
			BeforeProcessingInitializeOnLoad (1038ms)
			ProcessInitializeOnLoadAttributes (857ms)
			ProcessInitializeOnLoadMethodAttributes (253ms)
			AfterProcessingInitializeOnLoad (31ms)
			EditorAssembliesLoaded (3ms)
		ExecutionOrderSort2 (0ms)
		AwakeInstancesAfterBackupRestoration (48ms)
Launched and connected shader compiler UnityShaderCompiler.exe after 0.29 seconds
Refreshing native plugins compatible for Editor in 0.00 ms, found 0 plugins.
Preloading 0 native plugins for Editor in 0.00 ms.
Unloading 14 Unused Serialized files (Serialized files now loaded: 0)
Unloading 3580 unused Assets / (2.0 MB). Loaded Objects now: 4283.
Memory consumption went from 107.2 MB to 105.2 MB.
Total: 93.749500 ms (FindLiveObjects: 1.311500 ms CreateObjectMapping: 1.314400 ms MarkObjects: 88.115600 ms  DeleteObjects: 3.004600 ms)

========================================================================
Received Import Request.
  Time since last request: 9513.938115 seconds.
  path: Assets/Stylized Rock Pack - 8 styles, 3 shapes, LODs, PBR/Materials/plate_mats/Plate_blank.mat
  artifactKey: Guid(613d2df3aa7abc9428fd270f9a3998cf) Importer(2089858483,192608db42251d675da83286b1cce702)
Start importing Assets/Stylized Rock Pack - 8 styles, 3 shapes, LODs, PBR/Materials/plate_mats/Plate_blank.mat using Guid(613d2df3aa7abc9428fd270f9a3998cf) Importer(2089858483,192608db42251d675da83286b1cce702) (ScriptedImporter) -> (artifact id: '47cce7b55e85895001022cf194fa4c1b') in 1.4633883 seconds
Number of updated asset objects reloaded before import = 0Number of asset objects unloaded after import = 3

========================================================================
Received Import Request.
  Time since last request: 0.000076 seconds.
  path: Assets/Stylized Rock Pack - 8 styles, 3 shapes, LODs, PBR/Prefabs/Cliff_snow.prefab
  artifactKey: Guid(46c07862f6b7ede49a66f8f51e4fe078) Importer(2089858483,3d70f49cd1c2eb9ae422958d1c652c6b)
Start importing Assets/Stylized Rock Pack - 8 styles, 3 shapes, LODs, PBR/Prefabs/Cliff_snow.prefab using Guid(46c07862f6b7ede49a66f8f51e4fe078) Importer(2089858483,3d70f49cd1c2eb9ae422958d1c652c6b) (ScriptedImporter) -> (artifact id: 'be030c5e6e8167ac717ae780ae4dcbca') in 0.3792874 seconds
Number of updated asset objects reloaded before import = 0Number of asset objects unloaded after import = 31

========================================================================
Received Import Request.
  Time since last request: 0.000086 seconds.
  path: Assets/StarSparrow/Prefabs/Modules/StarSparrow_Thruster.prefab
  artifactKey: Guid(4d8da171407a87a49b7bb5b3b0918e36) Importer(2089858483,3d70f49cd1c2eb9ae422958d1c652c6b)
Start importing Assets/StarSparrow/Prefabs/Modules/StarSparrow_Thruster.prefab using Guid(4d8da171407a87a49b7bb5b3b0918e36) Importer(2089858483,3d70f49cd1c2eb9ae422958d1c652c6b) (ScriptedImporter) -> (artifact id: '22cd29307ab62125ed594c39fecb3928') in 0.0711277 seconds
Number of updated asset objects reloaded before import = 0Number of asset objects unloaded after import = 11

========================================================================
Received Import Request.
  Time since last request: 0.000058 seconds.
  path: Assets/3D_Sci-fi_asteroid_belt_group_01/Textures/asteroid_field/asteroid_field_group_AlbedoTransparency_03.png
  artifactKey: Guid(b1ef1b50d2dd51a4c9454be6780dd41f) Importer(2089858483,192608db42251d675da83286b1cce702)
Start importing Assets/3D_Sci-fi_asteroid_belt_group_01/Textures/asteroid_field/asteroid_field_group_AlbedoTransparency_03.png using Guid(b1ef1b50d2dd51a4c9454be6780dd41f) Importer(2089858483,192608db42251d675da83286b1cce702) (ScriptedImporter) -> (artifact id: '851e2381f11e5aa1ffce016d018ea661') in 0.2374313 seconds
Number of updated asset objects reloaded before import = 0Number of asset objects unloaded after import = 1

========================================================================
Received Import Request.
  Time since last request: 0.000094 seconds.
  path: Assets/StarSparrow/Prefabs/Modular Examples/StarSparrow11.prefab
  artifactKey: Guid(44679d6f1b5be9449bc770e7f6c03970) Importer(2089858483,3d70f49cd1c2eb9ae422958d1c652c6b)
Start importing Assets/StarSparrow/Prefabs/Modular Examples/StarSparrow11.prefab using Guid(44679d6f1b5be9449bc770e7f6c03970) Importer(2089858483,3d70f49cd1c2eb9ae422958d1c652c6b) (ScriptedImporter) -> (artifact id: 'd49ca24b708e7da8b3c8a4ac1b94be26') in 0.0920103 seconds
Number of updated asset objects reloaded before import = 0Number of asset objects unloaded after import = 226

========================================================================
Received Import Request.
  Time since last request: 0.000051 seconds.
  path: Assets/Stylized Rock Pack - 8 styles, 3 shapes, LODs, PBR/Prefabs/Cliff_fancy.prefab
  artifactKey: Guid(bec839f885376304c9a7862bd01f8cbb) Importer(2089858483,192608db42251d675da83286b1cce702)
Start importing Assets/Stylized Rock Pack - 8 styles, 3 shapes, LODs, PBR/Prefabs/Cliff_fancy.prefab using Guid(bec839f885376304c9a7862bd01f8cbb) Importer(2089858483,192608db42251d675da83286b1cce702) (ScriptedImporter) -> (artifact id: '3d44efde6f9382928045b0e41416695d') in 0.0804054 seconds
Number of updated asset objects reloaded before import = 0Number of asset objects unloaded after import = 30

========================================================================
Received Import Request.
  Time since last request: 0.000099 seconds.
  path: Assets/Stylized Rock Pack - 8 styles, 3 shapes, LODs, PBR/Textures/rock_textures/tex_ice/rock_ice_Roughness.png
  artifactKey: Guid(5ad08effbb018524f87c2061a221256f) Importer(2089858483,192608db42251d675da83286b1cce702)
Start importing Assets/Stylized Rock Pack - 8 styles, 3 shapes, LODs, PBR/Textures/rock_textures/tex_ice/rock_ice_Roughness.png using Guid(5ad08effbb018524f87c2061a221256f) Importer(2089858483,192608db42251d675da83286b1cce702) (ScriptedImporter) -> (artifact id: 'ea543f26cad540d6268d7a72965954e9') in 0.3948079 seconds
Number of updated asset objects reloaded before import = 0Number of asset objects unloaded after import = 1

========================================================================
Received Import Request.
  Time since last request: 0.000048 seconds.
  path: Assets/StarSparrow/Prefabs/Examples/StarSparrow17.prefab
  artifactKey: Guid(3322c842c425b864ea8eb933bff766ca) Importer(2089858483,3d70f49cd1c2eb9ae422958d1c652c6b)
Start importing Assets/StarSparrow/Prefabs/Examples/StarSparrow17.prefab using Guid(3322c842c425b864ea8eb933bff766ca) Importer(2089858483,3d70f49cd1c2eb9ae422958d1c652c6b) (ScriptedImporter) -> (artifact id: 'cc8b0f863ff288369b546c8367a33e56') in 0.0892013 seconds
Number of updated asset objects reloaded before import = 0Number of asset objects unloaded after import = 73

========================================================================
Received Import Request.
  Time since last request: 0.000071 seconds.
  path: Assets/Samples/Cinemachine/3.1.7/3D Samples/Portals.unity
  artifactKey: Guid(e644003c5c5f8024ca8c80df9b37e28f) Importer(2089858483,3d70f49cd1c2eb9ae422958d1c652c6b)
Start importing Assets/Samples/Cinemachine/3.1.7/3D Samples/Portals.unity using Guid(e644003c5c5f8024ca8c80df9b37e28f) Importer(2089858483,3d70f49cd1c2eb9ae422958d1c652c6b) (ScriptedImporter)Opening scene 'Assets/Samples/Cinemachine/3.1.7/3D Samples/Portals.unity additively'
Loaded scene 'Assets/Samples/Cinemachine/3.1.7/3D Samples/Portals.unity'
	Deserialize:            26.265 ms
	Integration:            889.584 ms
	Integration of assets:  0.059 ms
	Thread Wait Time:       1.458 ms
	Total Operation Time:   917.367 ms
 -> (artifact id: 'fd9c6112d434c305d620851dcb881c38') in 1.2213134 seconds
Number of updated asset objects reloaded before import = 0Number of asset objects unloaded after import = 219

========================================================================
Received Prepare
Refreshing native plugins compatible for Editor in 0.00 ms, found 0 plugins.
Preloading 0 native plugins for Editor in 0.00 ms.
Unloading 16 Unused Serialized files (Serialized files now loaded: 0)
Unloading 16 unused Assets / (1.9 MB). Loaded Objects now: 4291.
Memory consumption went from 181.6 MB to 179.8 MB.
Total: 20.284200 ms (FindLiveObjects: 0.479400 ms CreateObjectMapping: 0.231600 ms MarkObjects: 17.447100 ms  DeleteObjects: 2.123600 ms)

Prepare: number of updated asset objects reloaded= 0
Editor requested this worker to shutdown with reason: balancing worker count downwards
AssetImportWorker is now disconnected from the server
Process exiting
Exiting without the bug reporter. Application will terminate with return code 0