Using pre-set license
Built from '6000.0/respin/6000.0.60f1-f02d6f9f9009' branch; Version is '6000.0.60f1 (61dfb374e36f) revision 6414259'; Using compiler version '193933523'; Build Type 'Release'
OS: 'Windows 11  (10.0.26200) 64bit Core' Language: 'en' Physical Memory: 32117 MB
BatchMode: 1, IsHumanControllingUs: 0, StartBugReporterOnCrash: 0, Is64bit: 1
Date: 2026-06-20T13:24:32Z

COMMAND LINE ARGUMENTS:
C:\Program Files\Unity\Hub\Editor\6000.0.60f1\Editor\Unity.exe
-adb2
-batchMode
-noUpm
-name
AssetImportWorker9
-projectPath
C:/Users/joell/OneDrive/Documenten/J3Dez +/9 Devs/3 Games/AirParkour
-logFile
Logs/AssetImportWorker9.log
-srvPort
60376
-job-worker-count
10
-background-job-worker-count
8
-gc-helper-count
1
-name
AssetImport
Successfully changed project path to: C:/Users/joell/OneDrive/Documenten/J3Dez +/9 Devs/3 Games/AirParkour
C:/Users/joell/OneDrive/Documenten/J3Dez +/9 Devs/3 Games/AirParkour
[UnityMemory] Configuration Parameters - Can be set up in boot.config
    "memorysetup-bucket-allocator-granularity=16"
    "memorysetup-bucket-allocator-bucket-count=8"
    "memorysetup-bucket-allocator-block-size=33554432"
    "memorysetup-bucket-allocator-block-count=8"
    "memorysetup-main-allocator-block-size=16777216"
    "memorysetup-thread-allocator-block-size=16777216"
    "memorysetup-gfx-main-allocator-block-size=16777216"
    "memorysetup-gfx-thread-allocator-block-size=16777216"
    "memorysetup-cache-allocator-block-size=4194304"
    "memorysetup-typetree-allocator-block-size=2097152"
    "memorysetup-profiler-bucket-allocator-granularity=16"
    "memorysetup-profiler-bucket-allocator-bucket-count=8"
    "memorysetup-profiler-bucket-allocator-block-size=33554432"
    "memorysetup-profiler-bucket-allocator-block-count=8"
    "memorysetup-profiler-allocator-block-size=16777216"
    "memorysetup-profiler-editor-allocator-block-size=1048576"
    "memorysetup-temp-allocator-size-main=16777216"
    "memorysetup-job-temp-allocator-block-size=2097152"
    "memorysetup-job-temp-allocator-block-size-background=1048576"
    "memorysetup-job-temp-allocator-reduction-small-platforms=262144"
    "memorysetup-allocator-temp-initial-block-size-main=262144"
    "memorysetup-allocator-temp-initial-block-size-worker=262144"
    "memorysetup-temp-allocator-size-background-worker=32768"
    "memorysetup-temp-allocator-size-job-worker=262144"
    "memorysetup-temp-allocator-size-preload-manager=33554432"
    "memorysetup-temp-allocator-size-nav-mesh-worker=65536"
    "memorysetup-temp-allocator-size-audio-worker=65536"
    "memorysetup-temp-allocator-size-cloud-worker=32768"
    "memorysetup-temp-allocator-size-gi-baking-worker=262144"
    "memorysetup-temp-allocator-size-gi-baking-worker=262144"
    "memorysetup-temp-allocator-size-gi-baking-worker=262144"
    "memorysetup-temp-allocator-size-gi-baking-worker=262144"
    "memorysetup-temp-allocator-size-gi-baking-worker=262144"
    "memorysetup-temp-allocator-size-gfx=262144"
Player connection [36332]  Target information:

Player connection [36332]  * "[IP] 192.168.1.4 [Port] 0 [Flags] 2 [Guid] 185254690 [EditorId] 185254690 [Version] 1048832 [Id] WindowsEditor(7,J3Dez) [Debug] 1 [PackageName] WindowsEditor [ProjectName] Editor" 

Player connection [36332] Host joined multi-casting on [225.0.0.222:54997]...
Player connection [36332] Host joined alternative multi-casting on [225.0.0.222:34997]...
JobSystem: Creating JobQueue using job-worker-count value 10
Input System module state changed to: Initialized.
[Physics::Module] Initialized fallback backend.
[Physics::Module] Id: 0xdecafbad
Library Redirect Path: Library/
[Physics::Module] Selected backend.
[Physics::Module] Name: PhysX
[Physics::Module] Id: 0xf2b8ea05
[Physics::Module] SDK Version: 4.1.2
[Physics::Module] Integration Version: 1.0.0
[Physics::Module] Threading Mode: Multi-Threaded
Refreshing native plugins compatible for Editor in 0.01 ms, found 0 plugins.
Preloading 0 native plugins for Editor in 0.00 ms.
Initialize engine version: 6000.0.60f1 (61dfb374e36f)
[Subsystems] Discovering subsystems at path C:/Program Files/Unity/Hub/Editor/6000.0.60f1/Editor/Data/Resources/UnitySubsystems
[Subsystems] Discovering subsystems at path C:/Users/joell/OneDrive/Documenten/J3Dez +/9 Devs/3 Games/AirParkour/Assets
GfxDevice: creating device client; kGfxThreadingModeNonThreaded
Direct3D:
    Version:  Direct3D 11.0 [level 11.1]
    Renderer: Intel(R) Arc(TM) Graphics (ID=0x7d55)
    Vendor:   Intel
    VRAM:     18307 MB
    Driver:   32.0.101.6127
Initialize mono
Mono path[0] = 'C:/Program Files/Unity/Hub/Editor/6000.0.60f1/Editor/Data/Managed'
Mono path[1] = 'C:/Program Files/Unity/Hub/Editor/6000.0.60f1/Editor/Data/MonoBleedingEdge/lib/mono/unityjit-win32'
Mono config path = 'C:/Program Files/Unity/Hub/Editor/6000.0.60f1/Editor/Data/MonoBleedingEdge/etc'
Using monoOptions --debugger-agent=transport=dt_socket,embedding=1,server=y,suspend=n,address=127.0.0.1:56900
Begin MonoManager ReloadAssembly
Registering precompiled unity dll's ...
Register platform support module: C:/Program Files/Unity/Hub/Editor/6000.0.60f1/Editor/Data/PlaybackEngines/WebGLSupport/UnityEditor.WebGL.Extensions.dll
Register platform support module: C:/Program Files/Unity/Hub/Editor/6000.0.60f1/Editor/Data/PlaybackEngines/WindowsStandaloneSupport/UnityEditor.WindowsStandalone.Extensions.dll
Register platform support module: C:/Program Files/Unity/Hub/Editor/6000.0.60f1/Editor/Data/PlaybackEngines/AndroidPlayer/UnityEditor.Android.Extensions.dll
Registered in 0.007100 seconds.
- Loaded All Assemblies, in  0.652 seconds
Native extension for Android target not found
Android Extension - Scanning For ADB Devices 494 ms
Native extension for WindowsStandalone target not found
Native extension for WebGL target not found
Mono: successfully reloaded assembly
- Finished resetting the current domain, in  1.152 seconds
Domain Reload Profiling: 1801ms
	BeginReloadAssembly (207ms)
		ExecutionOrderSort (0ms)
		DisableScriptedObjects (0ms)
		BackupInstance (0ms)
		ReleaseScriptingObjects (0ms)
		CreateAndSetChildDomain (1ms)
	RebuildCommonClasses (61ms)
	RebuildNativeTypeToScriptingClass (18ms)
	initialDomainReloadingComplete (83ms)
	LoadAllAssembliesAndSetupDomain (280ms)
		LoadAssemblies (206ms)
		RebuildTransferFunctionScriptingTraits (0ms)
		AnalyzeDomain (273ms)
			TypeCache.Refresh (270ms)
				TypeCache.ScanAssembly (246ms)
			BuildScriptInfoCaches (0ms)
			ResolveRequiredComponents (1ms)
	FinalizeReload (1153ms)
		ReleaseScriptCaches (0ms)
		RebuildScriptCaches (0ms)
		SetupLoadedEditorAssemblies (1087ms)
			LogAssemblyErrors (0ms)
			InitializePlatformSupportModulesInManaged (667ms)
			SetLoadedEditorAssemblies (6ms)
			BeforeProcessingInitializeOnLoad (108ms)
			ProcessInitializeOnLoadAttributes (217ms)
			ProcessInitializeOnLoadMethodAttributes (89ms)
			AfterProcessingInitializeOnLoad (0ms)
			EditorAssembliesLoaded (0ms)
		ExecutionOrderSort2 (0ms)
		AwakeInstancesAfterBackupRestoration (0ms)
Assembly reference Packages/com.unity.cinemachine/Editor/Samples/ExposeHDRPInternals/HDRP-Editor-ref.asmref has no target assembly definition
========================================================================
Worker process is ready to serve import requests
Import Worker Mode flag is 0x00
Assembly reference Packages/com.unity.cinemachine/Editor/Samples/ExposeHDRPInternals/HDRP-Editor-ref.asmref has no target assembly definition
Assembly reference Packages/com.unity.cinemachine/Editor/Samples/ExposeHDRPInternals/HDRP-Editor-ref.asmref has no target assembly definition
Begin MonoManager ReloadAssembly
- Loaded All Assemblies, in  1.037 seconds
Assembly reference Packages/com.unity.cinemachine/Editor/Samples/ExposeHDRPInternals/HDRP-Editor-ref.asmref has no target assembly definition
'Packages/com.unity.cinemachine/Editor/Obsolete/CinemachineVirtualCameraBaseEditor.cs' contains partial class of Unity.Object, exactly 1 of the partial classes needs to be in a file with the same filename. This is to know the one that can be referenced from ie. GameObjects
'Packages/com.unity.cinemachine/Editor/Editors/CinemachineVirtualCameraBaseEditor.cs' contains partial class of Unity.Object, exactly 1 of the partial classes needs to be in a file with the same filename. This is to know the one that can be referenced from ie. GameObjects
Refreshing native plugins compatible for Editor in 0.00 ms, found 0 plugins.
Native extension for Android target not found
Native extension for WindowsStandalone target not found
Native extension for WebGL target not found
Assembly reference Packages/com.unity.cinemachine/Editor/Samples/ExposeHDRPInternals/HDRP-Editor-ref.asmref has no target assembly definition
Package Manager log level set to [2]
[Package Manager] Failed to launch server process. Reason: Unity was launched with the -noUpm command-line argument
[Package Manager] Unable to send message (not connected to server process).
[Package Manager] Cannot connect to Unity Package Manager local server
Mono: successfully reloaded assembly
- Finished resetting the current domain, in  1.053 seconds
Domain Reload Profiling: 2085ms
	BeginReloadAssembly (291ms)
		ExecutionOrderSort (0ms)
		DisableScriptedObjects (8ms)
		BackupInstance (0ms)
		ReleaseScriptingObjects (0ms)
		CreateAndSetChildDomain (49ms)
	RebuildCommonClasses (58ms)
	RebuildNativeTypeToScriptingClass (17ms)
	initialDomainReloadingComplete (75ms)
	LoadAllAssembliesAndSetupDomain (589ms)
		LoadAssemblies (509ms)
		RebuildTransferFunctionScriptingTraits (0ms)
		AnalyzeDomain (243ms)
			TypeCache.Refresh (170ms)
				TypeCache.ScanAssembly (147ms)
			BuildScriptInfoCaches (51ms)
			ResolveRequiredComponents (17ms)
	FinalizeReload (1054ms)
		ReleaseScriptCaches (0ms)
		RebuildScriptCaches (0ms)
		SetupLoadedEditorAssemblies (693ms)
			LogAssemblyErrors (0ms)
			InitializePlatformSupportModulesInManaged (25ms)
			SetLoadedEditorAssemblies (5ms)
			BeforeProcessingInitializeOnLoad (206ms)
			ProcessInitializeOnLoadAttributes (355ms)
			ProcessInitializeOnLoadMethodAttributes (92ms)
			AfterProcessingInitializeOnLoad (10ms)
			EditorAssembliesLoaded (1ms)
		ExecutionOrderSort2 (0ms)
		AwakeInstancesAfterBackupRestoration (13ms)
Launched and connected shader compiler UnityShaderCompiler.exe after 0.03 seconds
Refreshing native plugins compatible for Editor in 0.00 ms, found 0 plugins.
Preloading 0 native plugins for Editor in 0.00 ms.
Unloading 14 Unused Serialized files (Serialized files now loaded: 0)
Unloading 3581 unused Assets / (3.2 MB). Loaded Objects now: 4284.
Memory consumption went from 110.8 MB to 107.6 MB.
Total: 9.791900 ms (FindLiveObjects: 0.585400 ms CreateObjectMapping: 0.243500 ms MarkObjects: 6.805800 ms  DeleteObjects: 2.154500 ms)

========================================================================
Received Import Request.
  Time since last request: 262479.029595 seconds.
  path: Assets/M4 - Prefabs/obstacles/Cliff_basic.prefab
  artifactKey: Guid(79f74a4fc59f91641a027a31dd014619) Importer(815301076,1909f56bfc062723c751e8b465ee728b)
Start importing Assets/M4 - Prefabs/obstacles/Cliff_basic.prefab using Guid(79f74a4fc59f91641a027a31dd014619) Importer(815301076,1909f56bfc062723c751e8b465ee728b) (PreviewImporter) -> (artifact id: '2b70e4733bad1969f16cee2df5d19703') in 1.1496621 seconds
Number of updated asset objects reloaded before import = 0Number of asset objects unloaded after import = 65

========================================================================
Received Import Request.
  Time since last request: 0.000058 seconds.
  path: Assets/M4 - Prefabs/obstacles/Rock_basic.prefab
  artifactKey: Guid(88314310cf3432d46947174996739fae) Importer(2089858483,192608db42251d675da83286b1cce702)
Start importing Assets/M4 - Prefabs/obstacles/Rock_basic.prefab using Guid(88314310cf3432d46947174996739fae) Importer(2089858483,192608db42251d675da83286b1cce702) (ScriptedImporter) -> (artifact id: '86f2c68155637dd38a781f813bc5c8f6') in 0.3438604 seconds
Number of updated asset objects reloaded before import = 0Number of asset objects unloaded after import = 30

========================================================================
Received Import Request.
  Time since last request: 0.000094 seconds.
  path: Assets/M4 - Prefabs/obstacles/Plate_infernal.prefab
  artifactKey: Guid(5e1e4ef2a551f984ea91e1ed3f2d80a2) Importer(2089858483,192608db42251d675da83286b1cce702)
Start importing Assets/M4 - Prefabs/obstacles/Plate_infernal.prefab using Guid(5e1e4ef2a551f984ea91e1ed3f2d80a2) Importer(2089858483,192608db42251d675da83286b1cce702) (ScriptedImporter) -> (artifact id: '66555d04d2a5e06e5d2de0bf3b97f449') in 0.0139017 seconds
Number of updated asset objects reloaded before import = 0Number of asset objects unloaded after import = 30

========================================================================
Received Import Request.
  Time since last request: 0.000036 seconds.
  path: Assets/M4 - Prefabs/obstacles/Rock_forest.prefab
  artifactKey: Guid(82d4d9101b940b74db7a373078efb762) Importer(2089858483,192608db42251d675da83286b1cce702)
Start importing Assets/M4 - Prefabs/obstacles/Rock_forest.prefab using Guid(82d4d9101b940b74db7a373078efb762) Importer(2089858483,192608db42251d675da83286b1cce702) (ScriptedImporter) -> (artifact id: '2fcbeb1516cd6905941f0ca963638799') in 0.0148865 seconds
Number of updated asset objects reloaded before import = 0Number of asset objects unloaded after import = 30

========================================================================
Received Import Request.
  Time since last request: 0.000040 seconds.
  path: Assets/M4 - Prefabs/obstacles/Rock_desert.prefab
  artifactKey: Guid(c90814276e8c5c044907b90fbebf899d) Importer(815301076,1909f56bfc062723c751e8b465ee728b)
Start importing Assets/M4 - Prefabs/obstacles/Rock_desert.prefab using Guid(c90814276e8c5c044907b90fbebf899d) Importer(815301076,1909f56bfc062723c751e8b465ee728b) (PreviewImporter) -> (artifact id: 'b7df64bc6801c4253646677921d8566b') in 0.0922446 seconds
Number of updated asset objects reloaded before import = 0Number of asset objects unloaded after import = 64

========================================================================
Received Import Request.
  Time since last request: 0.000052 seconds.
  path: Assets/M4 - Prefabs/obstacles/Plate_basic.prefab
  artifactKey: Guid(a4caa0a7c91bed8488961b68f19de160) Importer(2089858483,192608db42251d675da83286b1cce702)
Start importing Assets/M4 - Prefabs/obstacles/Plate_basic.prefab using Guid(a4caa0a7c91bed8488961b68f19de160) Importer(2089858483,192608db42251d675da83286b1cce702) (ScriptedImporter) -> (artifact id: 'ec53c74eda0996ec5f1012688cc967e3') in 0.0202655 seconds
Number of updated asset objects reloaded before import = 0Number of asset objects unloaded after import = 30

========================================================================
Received Import Request.
  Time since last request: 0.000065 seconds.
  path: Assets/M4 - Prefabs/obstacles/Rock_basic.prefab
  artifactKey: Guid(88314310cf3432d46947174996739fae) Importer(815301076,1909f56bfc062723c751e8b465ee728b)
Start importing Assets/M4 - Prefabs/obstacles/Rock_basic.prefab using Guid(88314310cf3432d46947174996739fae) Importer(815301076,1909f56bfc062723c751e8b465ee728b) (PreviewImporter) -> (artifact id: '1c04b837f1909fdb6d63fe8a04fa1e11') in 0.0889532 seconds
Number of updated asset objects reloaded before import = 0Number of asset objects unloaded after import = 64

========================================================================
Received Import Request.
  Time since last request: 0.000045 seconds.
  path: Assets/M4 - Prefabs/obstacles/Plate_basic.prefab
  artifactKey: Guid(a4caa0a7c91bed8488961b68f19de160) Importer(815301076,1909f56bfc062723c751e8b465ee728b)
Start importing Assets/M4 - Prefabs/obstacles/Plate_basic.prefab using Guid(a4caa0a7c91bed8488961b68f19de160) Importer(815301076,1909f56bfc062723c751e8b465ee728b) (PreviewImporter) -> (artifact id: '992e5c98371f7d8cc163ca49557d1c6d') in 0.1607525 seconds
Number of updated asset objects reloaded before import = 0Number of asset objects unloaded after import = 64

========================================================================
Received Import Request.
  Time since last request: 0.000066 seconds.
  path: Assets/M4 - Prefabs/obstacles/Plate_infernal.prefab
  artifactKey: Guid(5e1e4ef2a551f984ea91e1ed3f2d80a2) Importer(815301076,1909f56bfc062723c751e8b465ee728b)
Start importing Assets/M4 - Prefabs/obstacles/Plate_infernal.prefab using Guid(5e1e4ef2a551f984ea91e1ed3f2d80a2) Importer(815301076,1909f56bfc062723c751e8b465ee728b) (PreviewImporter) -> (artifact id: '00dab4d746457e965694e9529d15bae6') in 0.8251151 seconds
Number of updated asset objects reloaded before import = 0Number of asset objects unloaded after import = 65

========================================================================
Received Import Request.
  Time since last request: 0.000068 seconds.
  path: Assets/M4 - Prefabs/obstacles/Cliff_desert.prefab
  artifactKey: Guid(d823cce0782486d4da3300a29b7cfc9c) Importer(815301076,1909f56bfc062723c751e8b465ee728b)
Start importing Assets/M4 - Prefabs/obstacles/Cliff_desert.prefab using Guid(d823cce0782486d4da3300a29b7cfc9c) Importer(815301076,1909f56bfc062723c751e8b465ee728b) (PreviewImporter) -> (artifact id: '2685b5eec50858f5f61e246b519ad8e2') in 0.1082211 seconds
Number of updated asset objects reloaded before import = 0Number of asset objects unloaded after import = 64

========================================================================
Received Import Request.
  Time since last request: 0.000063 seconds.
  path: Assets/M4 - Prefabs/obstacles/Rock_forest.prefab
  artifactKey: Guid(82d4d9101b940b74db7a373078efb762) Importer(815301076,1909f56bfc062723c751e8b465ee728b)
Start importing Assets/M4 - Prefabs/obstacles/Rock_forest.prefab using Guid(82d4d9101b940b74db7a373078efb762) Importer(815301076,1909f56bfc062723c751e8b465ee728b) (PreviewImporter) -> (artifact id: 'd919ea14cfe937c1c08a076581a152dc') in 0.0978759 seconds
Number of updated asset objects reloaded before import = 0Number of asset objects unloaded after import = 64

========================================================================
Received Import Request.
  Time since last request: 0.000058 seconds.
  path: Assets/M4 - Prefabs/obstacles/Cliff_forest.prefab
  artifactKey: Guid(dbcdb4802e6efe644a89e54a06c2202d) Importer(815301076,1909f56bfc062723c751e8b465ee728b)
Start importing Assets/M4 - Prefabs/obstacles/Cliff_forest.prefab using Guid(dbcdb4802e6efe644a89e54a06c2202d) Importer(815301076,1909f56bfc062723c751e8b465ee728b) (PreviewImporter) -> (artifact id: 'ff519605ba5e79c7976505aa62f220dc') in 0.0942559 seconds
Number of updated asset objects reloaded before import = 0Number of asset objects unloaded after import = 64

========================================================================
Received Import Request.
  Time since last request: 0.000076 seconds.
  path: Assets/M4 - Prefabs/obstacles/Plate_forest.prefab
  artifactKey: Guid(e54b27245b00e104491078581794535a) Importer(2089858483,192608db42251d675da83286b1cce702)
Start importing Assets/M4 - Prefabs/obstacles/Plate_forest.prefab using Guid(e54b27245b00e104491078581794535a) Importer(2089858483,192608db42251d675da83286b1cce702) (ScriptedImporter) -> (artifact id: '9f95b017169c7db228379b9722afcd42') in 0.0598023 seconds
Number of updated asset objects reloaded before import = 0Number of asset objects unloaded after import = 30

========================================================================
Received Prepare
Assembly reference Packages/com.unity.cinemachine/Editor/Samples/ExposeHDRPInternals/HDRP-Editor-ref.asmref has no target assembly definition
Assembly reference Packages/com.unity.cinemachine/Editor/Samples/ExposeHDRPInternals/HDRP-Editor-ref.asmref has no target assembly definition
Begin MonoManager ReloadAssembly
- Loaded All Assemblies, in  0.962 seconds
Assembly reference Packages/com.unity.cinemachine/Editor/Samples/ExposeHDRPInternals/HDRP-Editor-ref.asmref has no target assembly definition
'Packages/com.unity.cinemachine/Editor/Obsolete/CinemachineVirtualCameraBaseEditor.cs' contains partial class of Unity.Object, exactly 1 of the partial classes needs to be in a file with the same filename. This is to know the one that can be referenced from ie. GameObjects
'Packages/com.unity.cinemachine/Editor/Editors/CinemachineVirtualCameraBaseEditor.cs' contains partial class of Unity.Object, exactly 1 of the partial classes needs to be in a file with the same filename. This is to know the one that can be referenced from ie. GameObjects
Refreshing native plugins compatible for Editor in 0.00 ms, found 0 plugins.
Native extension for Android target not found
Native extension for WindowsStandalone target not found
Native extension for WebGL target not found
Assembly reference Packages/com.unity.cinemachine/Editor/Samples/ExposeHDRPInternals/HDRP-Editor-ref.asmref has no target assembly definition
[Package Manager] Failed to launch server process. Reason: Unity was launched with the -noUpm command-line argument
[Package Manager] Unable to send message (not connected to server process).
[Package Manager] Cannot connect to Unity Package Manager local server
Mono: successfully reloaded assembly
- Finished resetting the current domain, in  0.989 seconds
Domain Reload Profiling: 1949ms
	BeginReloadAssembly (367ms)
		ExecutionOrderSort (0ms)
		DisableScriptedObjects (35ms)
		BackupInstance (0ms)
		ReleaseScriptingObjects (0ms)
		CreateAndSetChildDomain (82ms)
	RebuildCommonClasses (53ms)
	RebuildNativeTypeToScriptingClass (20ms)
	initialDomainReloadingComplete (43ms)
	LoadAllAssembliesAndSetupDomain (476ms)
		LoadAssemblies (490ms)
		RebuildTransferFunctionScriptingTraits (0ms)
		AnalyzeDomain (158ms)
			TypeCache.Refresh (7ms)
				TypeCache.ScanAssembly (0ms)
			BuildScriptInfoCaches (129ms)
			ResolveRequiredComponents (15ms)
	FinalizeReload (990ms)
		ReleaseScriptCaches (0ms)
		RebuildScriptCaches (0ms)
		SetupLoadedEditorAssemblies (687ms)
			LogAssemblyErrors (0ms)
			InitializePlatformSupportModulesInManaged (25ms)
			SetLoadedEditorAssemblies (7ms)
			BeforeProcessingInitializeOnLoad (179ms)
			ProcessInitializeOnLoadAttributes (349ms)
			ProcessInitializeOnLoadMethodAttributes (116ms)
			AfterProcessingInitializeOnLoad (12ms)
			EditorAssembliesLoaded (1ms)
		ExecutionOrderSort2 (0ms)
		AwakeInstancesAfterBackupRestoration (29ms)
Refreshing native plugins compatible for Editor in 0.00 ms, found 0 plugins.
Preloading 0 native plugins for Editor in 0.00 ms.
Unloading 14 Unused Serialized files (Serialized files now loaded: 0)
Unloading 3581 unused Assets / (3.5 MB). Loaded Objects now: 4331.
Memory consumption went from 128.0 MB to 124.5 MB.
Total: 13.228800 ms (FindLiveObjects: 0.926000 ms CreateObjectMapping: 1.048600 ms MarkObjects: 8.851300 ms  DeleteObjects: 2.398100 ms)

Prepare: number of updated asset objects reloaded= 0
========================================================================
Received Prepare
'Packages/com.unity.cinemachine/Editor/Obsolete/CinemachineVirtualCameraBaseEditor.cs' contains partial class of Unity.Object, exactly 1 of the partial classes needs to be in a file with the same filename. This is to know the one that can be referenced from ie. GameObjects
'Packages/com.unity.cinemachine/Editor/Editors/CinemachineVirtualCameraBaseEditor.cs' contains partial class of Unity.Object, exactly 1 of the partial classes needs to be in a file with the same filename. This is to know the one that can be referenced from ie. GameObjects
Refreshing native plugins compatible for Editor in 0.00 ms, found 0 plugins.
Preloading 0 native plugins for Editor in 0.00 ms.
Unloading 14 Unused Serialized files (Serialized files now loaded: 0)
Unloading 3579 unused Assets / (3.4 MB). Loaded Objects now: 4331.
Memory consumption went from 128.1 MB to 124.7 MB.
Total: 21.786700 ms (FindLiveObjects: 0.988100 ms CreateObjectMapping: 0.468400 ms MarkObjects: 15.374400 ms  DeleteObjects: 4.951600 ms)

Prepare: number of updated asset objects reloaded= 0
========================================================================
Received Import Request.
  Time since last request: 1202.991368 seconds.
  path: Assets/M2 - Scripts/ObstacleSpawner.cs
  artifactKey: Guid(5c95b348568e22047a91f08d6a51e71a) Importer(815301076,1909f56bfc062723c751e8b465ee728b)
Start importing Assets/M2 - Scripts/ObstacleSpawner.cs using Guid(5c95b348568e22047a91f08d6a51e71a) Importer(815301076,1909f56bfc062723c751e8b465ee728b) (PreviewImporter) -> (artifact id: '95a93586ed3773a486d15e0a0b2e5554') in 0.0090007 seconds
Number of updated asset objects reloaded before import = 0Number of asset objects unloaded after import = 0

========================================================================
Received Import Request.
  Time since last request: 16.359403 seconds.
  path: Assets/M6 - Packages/Stylized Rock Pack - 8 styles, 3 shapes, LODs, PBR/Materials/plate_mats/Plate_forest.mat
  artifactKey: Guid(bdbb695718b6e69488b28c79adc5de2e) Importer(2089858483,192608db42251d675da83286b1cce702)
Start importing Assets/M6 - Packages/Stylized Rock Pack - 8 styles, 3 shapes, LODs, PBR/Materials/plate_mats/Plate_forest.mat using Guid(bdbb695718b6e69488b28c79adc5de2e) Importer(2089858483,192608db42251d675da83286b1cce702) (ScriptedImporter) -> (artifact id: 'dcd0212d7914fb9ad305da4199b8b574') in 0.615349 seconds
Number of updated asset objects reloaded before import = 0Number of asset objects unloaded after import = 4

========================================================================
Received Import Request.
  Time since last request: 0.000042 seconds.
  path: Assets/M6 - Packages/Stylized Rock Pack - 8 styles, 3 shapes, LODs, PBR/Materials/rock_mats/Rock_snow.mat
  artifactKey: Guid(54bed071290bb2d4baebbbead1c9e101) Importer(2089858483,192608db42251d675da83286b1cce702)
Start importing Assets/M6 - Packages/Stylized Rock Pack - 8 styles, 3 shapes, LODs, PBR/Materials/rock_mats/Rock_snow.mat using Guid(54bed071290bb2d4baebbbead1c9e101) Importer(2089858483,192608db42251d675da83286b1cce702) (ScriptedImporter) -> (artifact id: '859adf6d8e252b56ca2cc5d73ccdd60a') in 0.2516879 seconds
Number of updated asset objects reloaded before import = 0Number of asset objects unloaded after import = 4

========================================================================
Received Import Request.
  Time since last request: 0.000102 seconds.
  path: Assets/M6 - Packages/Stylized Rock Pack - 8 styles, 3 shapes, LODs, PBR/Materials/cliff_mats/Cliff_white.mat
  artifactKey: Guid(3dde938afed7d6f428a43d2983f7313f) Importer(2089858483,192608db42251d675da83286b1cce702)
Start importing Assets/M6 - Packages/Stylized Rock Pack - 8 styles, 3 shapes, LODs, PBR/Materials/cliff_mats/Cliff_white.mat using Guid(3dde938afed7d6f428a43d2983f7313f) Importer(2089858483,192608db42251d675da83286b1cce702) (ScriptedImporter) -> (artifact id: 'b7f052e1a75cb7fea1209e3f1bd803bf') in 0.1079979 seconds
Number of updated asset objects reloaded before import = 0Number of asset objects unloaded after import = 4

========================================================================
Received Import Request.
  Time since last request: 0.000037 seconds.
  path: Assets/M6 - Packages/Stylized Rock Pack - 8 styles, 3 shapes, LODs, PBR/Materials/cliff_mats/Cliff_ice.mat
  artifactKey: Guid(fcd1fc49397d3aa47aa2d5ee5ee2c257) Importer(2089858483,192608db42251d675da83286b1cce702)
Start importing Assets/M6 - Packages/Stylized Rock Pack - 8 styles, 3 shapes, LODs, PBR/Materials/cliff_mats/Cliff_ice.mat using Guid(fcd1fc49397d3aa47aa2d5ee5ee2c257) Importer(2089858483,192608db42251d675da83286b1cce702) (ScriptedImporter) -> (artifact id: '423c73d58423e8d46bf7a822fb575bce') in 0.1818361 seconds
Number of updated asset objects reloaded before import = 0Number of asset objects unloaded after import = 5

========================================================================
Received Import Request.
  Time since last request: 0.000039 seconds.
  path: Assets/M6 - Packages/Stylized Rock Pack - 8 styles, 3 shapes, LODs, PBR/Materials/rock_mats/Rock_white.mat
  artifactKey: Guid(b3f816b7797e1d440957862d22fdee38) Importer(2089858483,192608db42251d675da83286b1cce702)
Start importing Assets/M6 - Packages/Stylized Rock Pack - 8 styles, 3 shapes, LODs, PBR/Materials/rock_mats/Rock_white.mat using Guid(b3f816b7797e1d440957862d22fdee38) Importer(2089858483,192608db42251d675da83286b1cce702) (ScriptedImporter) -> (artifact id: '4325cf03ca47ae0c9d1d24f4fe91aee6') in 0.0762431 seconds
Number of updated asset objects reloaded before import = 0Number of asset objects unloaded after import = 4

========================================================================
Received Prepare
'Packages/com.unity.cinemachine/Editor/Obsolete/CinemachineVirtualCameraBaseEditor.cs' contains partial class of Unity.Object, exactly 1 of the partial classes needs to be in a file with the same filename. This is to know the one that can be referenced from ie. GameObjects
'Packages/com.unity.cinemachine/Editor/Editors/CinemachineVirtualCameraBaseEditor.cs' contains partial class of Unity.Object, exactly 1 of the partial classes needs to be in a file with the same filename. This is to know the one that can be referenced from ie. GameObjects
Refreshing native plugins compatible for Editor in 0.00 ms, found 0 plugins.
Preloading 0 native plugins for Editor in 0.00 ms.
Unloading 14 Unused Serialized files (Serialized files now loaded: 0)
Unloading 3581 unused Assets / (2.9 MB). Loaded Objects now: 4332.
Memory consumption went from 128.2 MB to 125.3 MB.
Total: 13.431900 ms (FindLiveObjects: 1.137200 ms CreateObjectMapping: 1.029600 ms MarkObjects: 9.007900 ms  DeleteObjects: 2.254100 ms)

Prepare: number of updated asset objects reloaded= 0
========================================================================
Received Import Request.
  Time since last request: 0.458952 seconds.
  path: Assets/M2 - Scripts/DestroyOnExit.cs
  artifactKey: Guid(7a3398c993e892341a2e03e2f34b6ad3) Importer(815301076,1909f56bfc062723c751e8b465ee728b)
Start importing Assets/M2 - Scripts/DestroyOnExit.cs using Guid(7a3398c993e892341a2e03e2f34b6ad3) Importer(815301076,1909f56bfc062723c751e8b465ee728b) (PreviewImporter) -> (artifact id: 'cb12e126fb65f1e12e0947f8c2a828b3') in 0.0048111 seconds
Number of updated asset objects reloaded before import = 0Number of asset objects unloaded after import = 0

========================================================================
Received Prepare
Assembly reference Packages/com.unity.cinemachine/Editor/Samples/ExposeHDRPInternals/HDRP-Editor-ref.asmref has no target assembly definition
Assembly reference Packages/com.unity.cinemachine/Editor/Samples/ExposeHDRPInternals/HDRP-Editor-ref.asmref has no target assembly definition
Begin MonoManager ReloadAssembly
- Loaded All Assemblies, in  1.787 seconds
Assembly reference Packages/com.unity.cinemachine/Editor/Samples/ExposeHDRPInternals/HDRP-Editor-ref.asmref has no target assembly definition
'Packages/com.unity.cinemachine/Editor/Obsolete/CinemachineVirtualCameraBaseEditor.cs' contains partial class of Unity.Object, exactly 1 of the partial classes needs to be in a file with the same filename. This is to know the one that can be referenced from ie. GameObjects
'Packages/com.unity.cinemachine/Editor/Editors/CinemachineVirtualCameraBaseEditor.cs' contains partial class of Unity.Object, exactly 1 of the partial classes needs to be in a file with the same filename. This is to know the one that can be referenced from ie. GameObjects
Refreshing native plugins compatible for Editor in 0.00 ms, found 0 plugins.
Native extension for Android target not found
Native extension for WindowsStandalone target not found
Native extension for WebGL target not found
Assembly reference Packages/com.unity.cinemachine/Editor/Samples/ExposeHDRPInternals/HDRP-Editor-ref.asmref has no target assembly definition
[Package Manager] Failed to launch server process. Reason: Unity was launched with the -noUpm command-line argument
[Package Manager] Unable to send message (not connected to server process).
[Package Manager] Cannot connect to Unity Package Manager local server
Mono: successfully reloaded assembly
- Finished resetting the current domain, in  1.446 seconds
Domain Reload Profiling: 3229ms
	BeginReloadAssembly (593ms)
		ExecutionOrderSort (0ms)
		DisableScriptedObjects (17ms)
		BackupInstance (0ms)
		ReleaseScriptingObjects (0ms)
		CreateAndSetChildDomain (142ms)
	RebuildCommonClasses (111ms)
	RebuildNativeTypeToScriptingClass (36ms)
	initialDomainReloadingComplete (88ms)
	LoadAllAssembliesAndSetupDomain (954ms)
		LoadAssemblies (803ms)
		RebuildTransferFunctionScriptingTraits (0ms)
		AnalyzeDomain (446ms)
			TypeCache.Refresh (17ms)
				TypeCache.ScanAssembly (2ms)
			BuildScriptInfoCaches (392ms)
			ResolveRequiredComponents (29ms)
	FinalizeReload (1447ms)
		ReleaseScriptCaches (0ms)
		RebuildScriptCaches (0ms)
		SetupLoadedEditorAssemblies (982ms)
			LogAssemblyErrors (0ms)
			InitializePlatformSupportModulesInManaged (36ms)
			SetLoadedEditorAssemblies (8ms)
			BeforeProcessingInitializeOnLoad (247ms)
			ProcessInitializeOnLoadAttributes (515ms)
			ProcessInitializeOnLoadMethodAttributes (154ms)
			AfterProcessingInitializeOnLoad (22ms)
			EditorAssembliesLoaded (1ms)
		ExecutionOrderSort2 (0ms)
		AwakeInstancesAfterBackupRestoration (45ms)
Refreshing native plugins compatible for Editor in 0.00 ms, found 0 plugins.
Preloading 0 native plugins for Editor in 0.00 ms.
Unloading 14 Unused Serialized files (Serialized files now loaded: 0)
Unloading 3580 unused Assets / (3.6 MB). Loaded Objects now: 4334.
Memory consumption went from 127.9 MB to 124.3 MB.
Total: 16.968200 ms (FindLiveObjects: 1.130000 ms CreateObjectMapping: 1.113400 ms MarkObjects: 10.162200 ms  DeleteObjects: 4.559600 ms)

Prepare: number of updated asset objects reloaded= 0
Editor requested this worker to shutdown with reason: Scaling down because of idle timeout
AssetImportWorker is now disconnected from the server
Process exiting
Exiting without the bug reporter. Application will terminate with return code 0