Using pre-set license
Built from '6000.0/respin/6000.0.60f1-f02d6f9f9009' branch; Version is '6000.0.60f1 (61dfb374e36f) revision 6414259'; Using compiler version '193933523'; Build Type 'Release'
OS: 'Windows 11  (10.0.26200) 64bit Core' Language: 'en' Physical Memory: 32117 MB
BatchMode: 1, IsHumanControllingUs: 0, StartBugReporterOnCrash: 0, Is64bit: 1
Date: 2026-06-17T15:11:57Z

COMMAND LINE ARGUMENTS:
C:\Program Files\Unity\Hub\Editor\6000.0.60f1\Editor\Unity.exe
-adb2
-batchMode
-noUpm
-name
AssetImportWorker16
-projectPath
C:/Users/joell/OneDrive/Documenten/J3Dez +/9 Devs/3 Games/AirParkour
-logFile
Logs/AssetImportWorker16.log
-srvPort
51811
-job-worker-count
10
-background-job-worker-count
8
-gc-helper-count
1
-name
AssetImport
Successfully changed project path to: C:/Users/joell/OneDrive/Documenten/J3Dez +/9 Devs/3 Games/AirParkour
C:/Users/joell/OneDrive/Documenten/J3Dez +/9 Devs/3 Games/AirParkour
[UnityMemory] Configuration Parameters - Can be set up in boot.config
    "memorysetup-bucket-allocator-granularity=16"
    "memorysetup-bucket-allocator-bucket-count=8"
    "memorysetup-bucket-allocator-block-size=33554432"
    "memorysetup-bucket-allocator-block-count=8"
    "memorysetup-main-allocator-block-size=16777216"
    "memorysetup-thread-allocator-block-size=16777216"
    "memorysetup-gfx-main-allocator-block-size=16777216"
    "memorysetup-gfx-thread-allocator-block-size=16777216"
    "memorysetup-cache-allocator-block-size=4194304"
    "memorysetup-typetree-allocator-block-size=2097152"
    "memorysetup-profiler-bucket-allocator-granularity=16"
    "memorysetup-profiler-bucket-allocator-bucket-count=8"
    "memorysetup-profiler-bucket-allocator-block-size=33554432"
    "memorysetup-profiler-bucket-allocator-block-count=8"
    "memorysetup-profiler-allocator-block-size=16777216"
    "memorysetup-profiler-editor-allocator-block-size=1048576"
    "memorysetup-temp-allocator-size-main=16777216"
    "memorysetup-job-temp-allocator-block-size=2097152"
    "memorysetup-job-temp-allocator-block-size-background=1048576"
    "memorysetup-job-temp-allocator-reduction-small-platforms=262144"
    "memorysetup-allocator-temp-initial-block-size-main=262144"
    "memorysetup-allocator-temp-initial-block-size-worker=262144"
    "memorysetup-temp-allocator-size-background-worker=32768"
    "memorysetup-temp-allocator-size-job-worker=262144"
    "memorysetup-temp-allocator-size-preload-manager=33554432"
    "memorysetup-temp-allocator-size-nav-mesh-worker=65536"
    "memorysetup-temp-allocator-size-audio-worker=65536"
    "memorysetup-temp-allocator-size-cloud-worker=32768"
    "memorysetup-temp-allocator-size-gi-baking-worker=262144"
    "memorysetup-temp-allocator-size-gi-baking-worker=262144"
    "memorysetup-temp-allocator-size-gi-baking-worker=262144"
    "memorysetup-temp-allocator-size-gi-baking-worker=262144"
    "memorysetup-temp-allocator-size-gi-baking-worker=262144"
    "memorysetup-temp-allocator-size-gfx=262144"
Player connection [1708]  Target information:

Player connection [1708]  * "[IP] 192.168.1.4 [Port] 0 [Flags] 2 [Guid] 201601341 [EditorId] 201601341 [Version] 1048832 [Id] WindowsEditor(7,J3Dez) [Debug] 1 [PackageName] WindowsEditor [ProjectName] Editor" 

Player connection [1708] Host joined multi-casting on [225.0.0.222:54997]...
Player connection [1708] Host joined alternative multi-casting on [225.0.0.222:34997]...
JobSystem: Creating JobQueue using job-worker-count value 10
Input System module state changed to: Initialized.
[Physics::Module] Initialized fallback backend.
[Physics::Module] Id: 0xdecafbad
Library Redirect Path: Library/
[Physics::Module] Selected backend.
[Physics::Module] Name: PhysX
[Physics::Module] Id: 0xf2b8ea05
[Physics::Module] SDK Version: 4.1.2
[Physics::Module] Integration Version: 1.0.0
[Physics::Module] Threading Mode: Multi-Threaded
Refreshing native plugins compatible for Editor in 0.00 ms, found 0 plugins.
Preloading 0 native plugins for Editor in 0.00 ms.
Initialize engine version: 6000.0.60f1 (61dfb374e36f)
[Subsystems] Discovering subsystems at path C:/Program Files/Unity/Hub/Editor/6000.0.60f1/Editor/Data/Resources/UnitySubsystems
[Subsystems] Discovering subsystems at path C:/Users/joell/OneDrive/Documenten/J3Dez +/9 Devs/3 Games/AirParkour/Assets
GfxDevice: creating device client; kGfxThreadingModeNonThreaded
Direct3D:
    Version:  Direct3D 11.0 [level 11.1]
    Renderer: Intel(R) Arc(TM) Graphics (ID=0x7d55)
    Vendor:   Intel
    VRAM:     18307 MB
    Driver:   32.0.101.6127
Initialize mono
Mono path[0] = 'C:/Program Files/Unity/Hub/Editor/6000.0.60f1/Editor/Data/Managed'
Mono path[1] = 'C:/Program Files/Unity/Hub/Editor/6000.0.60f1/Editor/Data/MonoBleedingEdge/lib/mono/unityjit-win32'
Mono config path = 'C:/Program Files/Unity/Hub/Editor/6000.0.60f1/Editor/Data/MonoBleedingEdge/etc'
Using monoOptions --debugger-agent=transport=dt_socket,embedding=1,server=y,suspend=n,address=127.0.0.1:56476
Begin MonoManager ReloadAssembly
Registering precompiled unity dll's ...
Register platform support module: C:/Program Files/Unity/Hub/Editor/6000.0.60f1/Editor/Data/PlaybackEngines/WebGLSupport/UnityEditor.WebGL.Extensions.dll
Register platform support module: C:/Program Files/Unity/Hub/Editor/6000.0.60f1/Editor/Data/PlaybackEngines/WindowsStandaloneSupport/UnityEditor.WindowsStandalone.Extensions.dll
Register platform support module: C:/Program Files/Unity/Hub/Editor/6000.0.60f1/Editor/Data/PlaybackEngines/AndroidPlayer/UnityEditor.Android.Extensions.dll
Registered in 0.025771 seconds.
- Loaded All Assemblies, in  1.732 seconds
Native extension for Android target not found
Android Extension - Scanning For ADB Devices 2166 ms
Native extension for WindowsStandalone target not found
Native extension for WebGL target not found
Mono: successfully reloaded assembly
- Finished resetting the current domain, in  4.283 seconds
Domain Reload Profiling: 6010ms
	BeginReloadAssembly (738ms)
		ExecutionOrderSort (0ms)
		DisableScriptedObjects (0ms)
		BackupInstance (0ms)
		ReleaseScriptingObjects (0ms)
		CreateAndSetChildDomain (2ms)
	RebuildCommonClasses (147ms)
	RebuildNativeTypeToScriptingClass (36ms)
	initialDomainReloadingComplete (194ms)
	LoadAllAssembliesAndSetupDomain (610ms)
		LoadAssemblies (731ms)
		RebuildTransferFunctionScriptingTraits (0ms)
		AnalyzeDomain (597ms)
			TypeCache.Refresh (592ms)
				TypeCache.ScanAssembly (551ms)
			BuildScriptInfoCaches (0ms)
			ResolveRequiredComponents (1ms)
	FinalizeReload (4285ms)
		ReleaseScriptCaches (0ms)
		RebuildScriptCaches (0ms)
		SetupLoadedEditorAssemblies (4133ms)
			LogAssemblyErrors (0ms)
			InitializePlatformSupportModulesInManaged (2875ms)
			SetLoadedEditorAssemblies (13ms)
			BeforeProcessingInitializeOnLoad (209ms)
			ProcessInitializeOnLoadAttributes (779ms)
			ProcessInitializeOnLoadMethodAttributes (256ms)
			AfterProcessingInitializeOnLoad (0ms)
			EditorAssembliesLoaded (0ms)
		ExecutionOrderSort2 (0ms)
		AwakeInstancesAfterBackupRestoration (0ms)
Assembly reference Packages/com.unity.cinemachine/Editor/Samples/ExposeHDRPInternals/HDRP-Editor-ref.asmref has no target assembly definition
========================================================================
Worker process is ready to serve import requests
Import Worker Mode flag is 0x00
Assembly reference Packages/com.unity.cinemachine/Editor/Samples/ExposeHDRPInternals/HDRP-Editor-ref.asmref has no target assembly definition
Assembly reference Packages/com.unity.cinemachine/Editor/Samples/ExposeHDRPInternals/HDRP-Editor-ref.asmref has no target assembly definition
Begin MonoManager ReloadAssembly
- Loaded All Assemblies, in  4.140 seconds
Assembly reference Packages/com.unity.cinemachine/Editor/Samples/ExposeHDRPInternals/HDRP-Editor-ref.asmref has no target assembly definition
'Packages/com.unity.cinemachine/Editor/Obsolete/CinemachineVirtualCameraBaseEditor.cs' contains partial class of Unity.Object, exactly 1 of the partial classes needs to be in a file with the same filename. This is to know the one that can be referenced from ie. GameObjects
'Packages/com.unity.cinemachine/Editor/Editors/CinemachineVirtualCameraBaseEditor.cs' contains partial class of Unity.Object, exactly 1 of the partial classes needs to be in a file with the same filename. This is to know the one that can be referenced from ie. GameObjects
Refreshing native plugins compatible for Editor in 0.00 ms, found 0 plugins.
Native extension for Android target not found
Native extension for WindowsStandalone target not found
Native extension for WebGL target not found
Assembly reference Packages/com.unity.cinemachine/Editor/Samples/ExposeHDRPInternals/HDRP-Editor-ref.asmref has no target assembly definition
Package Manager log level set to [2]
[Package Manager] Failed to launch server process. Reason: Unity was launched with the -noUpm command-line argument
[Package Manager] Unable to send message (not connected to server process).
[Package Manager] Cannot connect to Unity Package Manager local server
Mono: successfully reloaded assembly
- Finished resetting the current domain, in  3.329 seconds
Domain Reload Profiling: 7455ms
	BeginReloadAssembly (899ms)
		ExecutionOrderSort (0ms)
		DisableScriptedObjects (29ms)
		BackupInstance (0ms)
		ReleaseScriptingObjects (0ms)
		CreateAndSetChildDomain (109ms)
	RebuildCommonClasses (172ms)
	RebuildNativeTypeToScriptingClass (51ms)
	initialDomainReloadingComplete (347ms)
	LoadAllAssembliesAndSetupDomain (2655ms)
		LoadAssemblies (2275ms)
		RebuildTransferFunctionScriptingTraits (0ms)
		AnalyzeDomain (920ms)
			TypeCache.Refresh (728ms)
				TypeCache.ScanAssembly (652ms)
			BuildScriptInfoCaches (141ms)
			ResolveRequiredComponents (42ms)
	FinalizeReload (3331ms)
		ReleaseScriptCaches (0ms)
		RebuildScriptCaches (0ms)
		SetupLoadedEditorAssemblies (2198ms)
			LogAssemblyErrors (0ms)
			InitializePlatformSupportModulesInManaged (55ms)
			SetLoadedEditorAssemblies (40ms)
			BeforeProcessingInitializeOnLoad (997ms)
			ProcessInitializeOnLoadAttributes (815ms)
			ProcessInitializeOnLoadMethodAttributes (226ms)
			AfterProcessingInitializeOnLoad (62ms)
			EditorAssembliesLoaded (4ms)
		ExecutionOrderSort2 (0ms)
		AwakeInstancesAfterBackupRestoration (43ms)
Launched and connected shader compiler UnityShaderCompiler.exe after 0.21 seconds
Refreshing native plugins compatible for Editor in 0.00 ms, found 0 plugins.
Preloading 0 native plugins for Editor in 0.00 ms.
Unloading 14 Unused Serialized files (Serialized files now loaded: 0)
Unloading 3580 unused Assets / (2.5 MB). Loaded Objects now: 4283.
Memory consumption went from 107.0 MB to 104.5 MB.
Total: 25.301000 ms (FindLiveObjects: 0.788900 ms CreateObjectMapping: 2.106700 ms MarkObjects: 17.971500 ms  DeleteObjects: 4.429300 ms)

========================================================================
Received Import Request.
  Time since last request: 9515.610921 seconds.
  path: Assets/Stylized Rock Pack - 8 styles, 3 shapes, LODs, PBR/Textures/rock_textures/tex_infernal/rock_infernal_Roughness.png
  artifactKey: Guid(41fd9e9ef19e99041bffce2de7677a73) Importer(2089858483,192608db42251d675da83286b1cce702)
Start importing Assets/Stylized Rock Pack - 8 styles, 3 shapes, LODs, PBR/Textures/rock_textures/tex_infernal/rock_infernal_Roughness.png using Guid(41fd9e9ef19e99041bffce2de7677a73) Importer(2089858483,192608db42251d675da83286b1cce702) (ScriptedImporter) -> (artifact id: 'b16f25929ec8a882e2453e4eb6a1121c') in 1.3024534 seconds
Number of updated asset objects reloaded before import = 0Number of asset objects unloaded after import = 1

========================================================================
Received Import Request.
  Time since last request: 0.000059 seconds.
  path: Assets/Samples/Cinemachine/3.1.7/Shared Assets/Prefabs/Bullet.prefab
  artifactKey: Guid(31d678dfd458ff84d95d644dd3730cca) Importer(2089858483,3d70f49cd1c2eb9ae422958d1c652c6b)
Start importing Assets/Samples/Cinemachine/3.1.7/Shared Assets/Prefabs/Bullet.prefab using Guid(31d678dfd458ff84d95d644dd3730cca) Importer(2089858483,3d70f49cd1c2eb9ae422958d1c652c6b) (ScriptedImporter) -> (artifact id: 'db529412039ad5f2cb48b9931eb1f9ad') in 0.1330136 seconds
Number of updated asset objects reloaded before import = 0Number of asset objects unloaded after import = 10

========================================================================
Received Import Request.
  Time since last request: 0.000200 seconds.
  path: Assets/Stylized Rock Pack - 8 styles, 3 shapes, LODs, PBR/Textures/cliff_textures/tex_fancy/cliff_fancy_BaseColor.png
  artifactKey: Guid(1c7b4e0a380f4784aaf0040116af689f) Importer(2089858483,192608db42251d675da83286b1cce702)
Start importing Assets/Stylized Rock Pack - 8 styles, 3 shapes, LODs, PBR/Textures/cliff_textures/tex_fancy/cliff_fancy_BaseColor.png using Guid(1c7b4e0a380f4784aaf0040116af689f) Importer(2089858483,192608db42251d675da83286b1cce702) (ScriptedImporter) -> (artifact id: '6ccea0739ac11f3a9acfad5d13a77aeb') in 0.5259487 seconds
Number of updated asset objects reloaded before import = 0Number of asset objects unloaded after import = 1

========================================================================
Received Import Request.
  Time since last request: 0.000054 seconds.
  path: Assets/Stylized Rock Pack - 8 styles, 3 shapes, LODs, PBR/Materials/rock_mats
  artifactKey: Guid(4303980a3b0b25a44bc556f41ab033fe) Importer(2089858483,192608db42251d675da83286b1cce702)
Start importing Assets/Stylized Rock Pack - 8 styles, 3 shapes, LODs, PBR/Materials/rock_mats using Guid(4303980a3b0b25a44bc556f41ab033fe) Importer(2089858483,192608db42251d675da83286b1cce702) (ScriptedImporter) -> (artifact id: '44dcf54f30f256880cad06137442b374') in 0.0508224 seconds
Number of updated asset objects reloaded before import = 0Number of asset objects unloaded after import = 1

========================================================================
Received Import Request.
  Time since last request: 0.000071 seconds.
  path: Assets/3D_Sci-fi_asteroid_belt_group_01/demo_scene
  artifactKey: Guid(82a9cc8e770eb8747be0a50dc5df3ccb) Importer(2089858483,192608db42251d675da83286b1cce702)
Start importing Assets/3D_Sci-fi_asteroid_belt_group_01/demo_scene using Guid(82a9cc8e770eb8747be0a50dc5df3ccb) Importer(2089858483,192608db42251d675da83286b1cce702) (ScriptedImporter) -> (artifact id: '738887af5af09d21b8b28c94b133b80d') in 0.0308741 seconds
Number of updated asset objects reloaded before import = 0Number of asset objects unloaded after import = 1

========================================================================
Received Import Request.
  Time since last request: 0.000047 seconds.
  path: Assets/Stylized Rock Pack - 8 styles, 3 shapes, LODs, PBR/Textures/plate_textures/tex_desert
  artifactKey: Guid(78722e2f44672b34ab4a8fa20e169da4) Importer(2089858483,192608db42251d675da83286b1cce702)
Start importing Assets/Stylized Rock Pack - 8 styles, 3 shapes, LODs, PBR/Textures/plate_textures/tex_desert using Guid(78722e2f44672b34ab4a8fa20e169da4) Importer(2089858483,192608db42251d675da83286b1cce702) (ScriptedImporter) -> (artifact id: 'f33aedcf9ab10ac6d673856843b8fad3') in 0.0332886 seconds
Number of updated asset objects reloaded before import = 0Number of asset objects unloaded after import = 1

========================================================================
Received Import Request.
  Time since last request: 0.000080 seconds.
  path: Assets/Stylized Rock Pack - 8 styles, 3 shapes, LODs, PBR/Textures/cliff_textures/tex_ice
  artifactKey: Guid(a82306b11258fe849b6f4818ebfc82ce) Importer(2089858483,192608db42251d675da83286b1cce702)
Start importing Assets/Stylized Rock Pack - 8 styles, 3 shapes, LODs, PBR/Textures/cliff_textures/tex_ice using Guid(a82306b11258fe849b6f4818ebfc82ce) Importer(2089858483,192608db42251d675da83286b1cce702) (ScriptedImporter) -> (artifact id: '793a50856c4af2bbade9b24a6da0f20e') in 0.0490676 seconds
Number of updated asset objects reloaded before import = 0Number of asset objects unloaded after import = 1

========================================================================
Received Import Request.
  Time since last request: 0.000090 seconds.
  path: Assets/Stylized Rock Pack - 8 styles, 3 shapes, LODs, PBR/Textures/rock_textures/tex_infernal/rock_infernal_BaseColor.png
  artifactKey: Guid(02076dc39f6771644aad6ae44877d9a1) Importer(2089858483,192608db42251d675da83286b1cce702)
Start importing Assets/Stylized Rock Pack - 8 styles, 3 shapes, LODs, PBR/Textures/rock_textures/tex_infernal/rock_infernal_BaseColor.png using Guid(02076dc39f6771644aad6ae44877d9a1) Importer(2089858483,192608db42251d675da83286b1cce702) (ScriptedImporter) -> (artifact id: '8434ffe6d697c85c115908d44bd8b7f1') in 0.1690555 seconds
Number of updated asset objects reloaded before import = 0Number of asset objects unloaded after import = 1

========================================================================
Received Import Request.
  Time since last request: 0.000107 seconds.
  path: Assets/DinV
  artifactKey: Guid(579cd43e55d7a184fa660fc322d5e62e) Importer(2089858483,192608db42251d675da83286b1cce702)
Start importing Assets/DinV using Guid(579cd43e55d7a184fa660fc322d5e62e) Importer(2089858483,192608db42251d675da83286b1cce702) (ScriptedImporter) -> (artifact id: 'd4bac7f8a10dbf980c7a5667bbfb0839') in 0.0455025 seconds
Number of updated asset objects reloaded before import = 0Number of asset objects unloaded after import = 1

========================================================================
Received Prepare
Refreshing native plugins compatible for Editor in 0.00 ms, found 0 plugins.
Preloading 0 native plugins for Editor in 0.00 ms.
Unloading 16 Unused Serialized files (Serialized files now loaded: 0)
Unloading 16 unused Assets / (1.9 MB). Loaded Objects now: 4286.
Memory consumption went from 104.2 MB to 102.3 MB.
Total: 12.329200 ms (FindLiveObjects: 0.353500 ms CreateObjectMapping: 0.125400 ms MarkObjects: 9.452000 ms  DeleteObjects: 2.395400 ms)

Prepare: number of updated asset objects reloaded= 0
========================================================================
Received Import Request.
  Time since last request: 13.934905 seconds.
  path: Assets/Stylized Rock Pack - 8 styles, 3 shapes, LODs, PBR/Prefabs/Cliff_fancy.prefab
  artifactKey: Guid(bec839f885376304c9a7862bd01f8cbb) Importer(815301076,1909f56bfc062723c751e8b465ee728b)
Start importing Assets/Stylized Rock Pack - 8 styles, 3 shapes, LODs, PBR/Prefabs/Cliff_fancy.prefab using Guid(bec839f885376304c9a7862bd01f8cbb) Importer(815301076,1909f56bfc062723c751e8b465ee728b) (PreviewImporter) -> (artifact id: '8498de89b810a1497a6a6318d415851f') in 7.750044 seconds
Number of updated asset objects reloaded before import = 0Number of asset objects unloaded after import = 66

========================================================================
Received Import Request.
  Time since last request: 0.545775 seconds.
  path: Assets/Stylized Rock Pack - 8 styles, 3 shapes, LODs, PBR/Prefabs/Cliff_white.prefab
  artifactKey: Guid(c3a476451b1b3ab47a5a22031b8e4d57) Importer(815301076,1909f56bfc062723c751e8b465ee728b)
Start importing Assets/Stylized Rock Pack - 8 styles, 3 shapes, LODs, PBR/Prefabs/Cliff_white.prefab using Guid(c3a476451b1b3ab47a5a22031b8e4d57) Importer(815301076,1909f56bfc062723c751e8b465ee728b) (PreviewImporter) -> (artifact id: '4b9e888945290f8d6847c5b39f801a5d') in 1.6251186 seconds
Number of updated asset objects reloaded before import = 0Number of asset objects unloaded after import = 64

========================================================================
Received Import Request.
  Time since last request: 0.000078 seconds.
  path: Assets/Stylized Rock Pack - 8 styles, 3 shapes, LODs, PBR/Prefabs/Plate_snow.prefab
  artifactKey: Guid(7328c50005cb1114e9fdd622f5e2acff) Importer(815301076,1909f56bfc062723c751e8b465ee728b)
Start importing Assets/Stylized Rock Pack - 8 styles, 3 shapes, LODs, PBR/Prefabs/Plate_snow.prefab using Guid(7328c50005cb1114e9fdd622f5e2acff) Importer(815301076,1909f56bfc062723c751e8b465ee728b) (PreviewImporter) -> (artifact id: '07bf96099b14ec79d4a5ffe6a01f15ac') in 0.1962199 seconds
Number of updated asset objects reloaded before import = 0Number of asset objects unloaded after import = 64

========================================================================
Received Import Request.
  Time since last request: 0.000080 seconds.
  path: Assets/Settings/Medium_PipelineAsset.asset
  artifactKey: Guid(eeb7c15234ebefd498d64d109efc2f92) Importer(2089858483,192608db42251d675da83286b1cce702)
Start importing Assets/Settings/Medium_PipelineAsset.asset using Guid(eeb7c15234ebefd498d64d109efc2f92) Importer(2089858483,192608db42251d675da83286b1cce702) (ScriptedImporter) -> (artifact id: 'c1ba1d48578760d97ba168b545798a92') in 0.2370842 seconds
Number of updated asset objects reloaded before import = 0Number of asset objects unloaded after import = 2

========================================================================
Received Import Request.
  Time since last request: 0.000130 seconds.
  path: Assets/Stylized Rock Pack - 8 styles, 3 shapes, LODs, PBR/Materials/cliff_mats/Cliff_fancy.mat
  artifactKey: Guid(13dd81aa3df9d9d4cbb2251a4cefd08e) Importer(2089858483,192608db42251d675da83286b1cce702)
Start importing Assets/Stylized Rock Pack - 8 styles, 3 shapes, LODs, PBR/Materials/cliff_mats/Cliff_fancy.mat using Guid(13dd81aa3df9d9d4cbb2251a4cefd08e) Importer(2089858483,192608db42251d675da83286b1cce702) (ScriptedImporter) -> (artifact id: 'b35ca5663dc869a2b3f5582cc987f289') in 0.1680411 seconds
Number of updated asset objects reloaded before import = 0Number of asset objects unloaded after import = 5

========================================================================
Received Import Request.
  Time since last request: 0.000077 seconds.
  path: Assets/Samples/Cinemachine/3.1.7/3D Samples/ThirdPersonWithRoadieRun.unity
  artifactKey: Guid(5c0817c13dcee9a489ef55dc4912493c) Importer(2089858483,192608db42251d675da83286b1cce702)
Start importing Assets/Samples/Cinemachine/3.1.7/3D Samples/ThirdPersonWithRoadieRun.unity using Guid(5c0817c13dcee9a489ef55dc4912493c) Importer(2089858483,192608db42251d675da83286b1cce702) (ScriptedImporter) -> (artifact id: '01a60c931dcaa1bc2877cbe55b95fa34') in 0.0355643 seconds
Number of updated asset objects reloaded before import = 0Number of asset objects unloaded after import = 1

========================================================================
Received Import Request.
  Time since last request: 0.000047 seconds.
  path: Assets/Stylized Rock Pack - 8 styles, 3 shapes, LODs, PBR/Materials/plate_mats/Plate_infernal.mat
  artifactKey: Guid(2b1375e9338a1b447bda0c3fabf6d2e8) Importer(2089858483,192608db42251d675da83286b1cce702)
Start importing Assets/Stylized Rock Pack - 8 styles, 3 shapes, LODs, PBR/Materials/plate_mats/Plate_infernal.mat using Guid(2b1375e9338a1b447bda0c3fabf6d2e8) Importer(2089858483,192608db42251d675da83286b1cce702) (ScriptedImporter) -> (artifact id: 'cc3616bd4951bee6bbe546754837bed5') in 0.1387412 seconds
Number of updated asset objects reloaded before import = 0Number of asset objects unloaded after import = 5

========================================================================
Received Import Request.
  Time since last request: 0.000075 seconds.
  path: Assets/Stylized Rock Pack - 8 styles, 3 shapes, LODs, PBR/Materials/rock_mats/Rock_fancy.mat
  artifactKey: Guid(351a82a6bcbbab84cb08bda09821e684) Importer(2089858483,192608db42251d675da83286b1cce702)
Start importing Assets/Stylized Rock Pack - 8 styles, 3 shapes, LODs, PBR/Materials/rock_mats/Rock_fancy.mat using Guid(351a82a6bcbbab84cb08bda09821e684) Importer(2089858483,192608db42251d675da83286b1cce702) (ScriptedImporter) -> (artifact id: 'b79202ba70e56c68581d6a5e768937bf') in 0.1887499 seconds
Number of updated asset objects reloaded before import = 0Number of asset objects unloaded after import = 5

========================================================================
Received Import Request.
  Time since last request: 0.000116 seconds.
  path: Assets/Stylized Rock Pack - 8 styles, 3 shapes, LODs, PBR/Materials/cliff_mats/Cliff_blank.mat
  artifactKey: Guid(2524848bad1acd74fad3377a91d025c4) Importer(2089858483,192608db42251d675da83286b1cce702)
Start importing Assets/Stylized Rock Pack - 8 styles, 3 shapes, LODs, PBR/Materials/cliff_mats/Cliff_blank.mat using Guid(2524848bad1acd74fad3377a91d025c4) Importer(2089858483,192608db42251d675da83286b1cce702) (ScriptedImporter) -> (artifact id: 'e692aa7a739efc8f36d6322e7abc0527') in 0.1250239 seconds
Number of updated asset objects reloaded before import = 0Number of asset objects unloaded after import = 3

========================================================================
Received Import Request.
  Time since last request: 0.000059 seconds.
  path: Assets/Settings/Medium_PipelineAsset_ForwardRenderer.asset
  artifactKey: Guid(44ca9ce473871ea46a68f31c70b96db5) Importer(2089858483,192608db42251d675da83286b1cce702)
Start importing Assets/Settings/Medium_PipelineAsset_ForwardRenderer.asset using Guid(44ca9ce473871ea46a68f31c70b96db5) Importer(2089858483,192608db42251d675da83286b1cce702) (ScriptedImporter) -> (artifact id: '9749b94c61842b9f193535bb8d28d7dd') in 0.0646166 seconds
Number of updated asset objects reloaded before import = 0Number of asset objects unloaded after import = 1

========================================================================
Received Import Request.
  Time since last request: 0.000069 seconds.
  path: Assets/Stylized Rock Pack - 8 styles, 3 shapes, LODs, PBR/Prefabs/Plate_ice.prefab
  artifactKey: Guid(b1fefbed5a6b6ad49b2c0bb57bc0ba62) Importer(815301076,1909f56bfc062723c751e8b465ee728b)
Start importing Assets/Stylized Rock Pack - 8 styles, 3 shapes, LODs, PBR/Prefabs/Plate_ice.prefab using Guid(b1fefbed5a6b6ad49b2c0bb57bc0ba62) Importer(815301076,1909f56bfc062723c751e8b465ee728b) (PreviewImporter) -> (artifact id: 'c817db66f41e4c6a69d4903235197fbd') in 0.9277406 seconds
Number of updated asset objects reloaded before import = 0Number of asset objects unloaded after import = 65

========================================================================
Received Import Request.
  Time since last request: 0.000062 seconds.
  path: Assets/Settings/Very Low_PipelineAsset.asset
  artifactKey: Guid(165aa6faed7e51a4cb8b31fe38aa974e) Importer(2089858483,192608db42251d675da83286b1cce702)
Start importing Assets/Settings/Very Low_PipelineAsset.asset using Guid(165aa6faed7e51a4cb8b31fe38aa974e) Importer(2089858483,192608db42251d675da83286b1cce702) (ScriptedImporter) -> (artifact id: '467ff6cd04377e7ef681d5d601a2202a') in 0.1009272 seconds
Number of updated asset objects reloaded before import = 0Number of asset objects unloaded after import = 2

========================================================================
Received Import Request.
  Time since last request: 0.000108 seconds.
  path: Assets/Stylized Rock Pack - 8 styles, 3 shapes, LODs, PBR/Prefabs/Plate_desert.prefab
  artifactKey: Guid(d53d2809fb340fa4885cd8e34cb08f4e) Importer(815301076,1909f56bfc062723c751e8b465ee728b)
Start importing Assets/Stylized Rock Pack - 8 styles, 3 shapes, LODs, PBR/Prefabs/Plate_desert.prefab using Guid(d53d2809fb340fa4885cd8e34cb08f4e) Importer(815301076,1909f56bfc062723c751e8b465ee728b) (PreviewImporter) -> (artifact id: '6929b3c6c783f49da854adcaf99484ed') in 2.1041094 seconds
Number of updated asset objects reloaded before import = 0Number of asset objects unloaded after import = 64

Editor requested this worker to shutdown with reason: Scaling down because of idle timeout
AssetImportWorkerClient::OnTransportError - code=2 error=End of file
AssetImportWorker is now disconnected from the server
Process exiting
Exiting without the bug reporter. Application will terminate with return code 0