Using pre-set license
Built from '6000.0/respin/6000.0.60f1-f02d6f9f9009' branch; Version is '6000.0.60f1 (61dfb374e36f) revision 6414259'; Using compiler version '193933523'; Build Type 'Release'
OS: 'Windows 11  (10.0.26200) 64bit Core' Language: 'en' Physical Memory: 32117 MB
BatchMode: 1, IsHumanControllingUs: 0, StartBugReporterOnCrash: 0, Is64bit: 1
Date: 2026-06-20T13:24:32Z

COMMAND LINE ARGUMENTS:
C:\Program Files\Unity\Hub\Editor\6000.0.60f1\Editor\Unity.exe
-adb2
-batchMode
-noUpm
-name
AssetImportWorker11
-projectPath
C:/Users/joell/OneDrive/Documenten/J3Dez +/9 Devs/3 Games/AirParkour
-logFile
Logs/AssetImportWorker11.log
-srvPort
60376
-job-worker-count
10
-background-job-worker-count
8
-gc-helper-count
1
-name
AssetImport
Successfully changed project path to: C:/Users/joell/OneDrive/Documenten/J3Dez +/9 Devs/3 Games/AirParkour
C:/Users/joell/OneDrive/Documenten/J3Dez +/9 Devs/3 Games/AirParkour
[UnityMemory] Configuration Parameters - Can be set up in boot.config
    "memorysetup-bucket-allocator-granularity=16"
    "memorysetup-bucket-allocator-bucket-count=8"
    "memorysetup-bucket-allocator-block-size=33554432"
    "memorysetup-bucket-allocator-block-count=8"
    "memorysetup-main-allocator-block-size=16777216"
    "memorysetup-thread-allocator-block-size=16777216"
    "memorysetup-gfx-main-allocator-block-size=16777216"
    "memorysetup-gfx-thread-allocator-block-size=16777216"
    "memorysetup-cache-allocator-block-size=4194304"
    "memorysetup-typetree-allocator-block-size=2097152"
    "memorysetup-profiler-bucket-allocator-granularity=16"
    "memorysetup-profiler-bucket-allocator-bucket-count=8"
    "memorysetup-profiler-bucket-allocator-block-size=33554432"
    "memorysetup-profiler-bucket-allocator-block-count=8"
    "memorysetup-profiler-allocator-block-size=16777216"
    "memorysetup-profiler-editor-allocator-block-size=1048576"
    "memorysetup-temp-allocator-size-main=16777216"
    "memorysetup-job-temp-allocator-block-size=2097152"
    "memorysetup-job-temp-allocator-block-size-background=1048576"
    "memorysetup-job-temp-allocator-reduction-small-platforms=262144"
    "memorysetup-allocator-temp-initial-block-size-main=262144"
    "memorysetup-allocator-temp-initial-block-size-worker=262144"
    "memorysetup-temp-allocator-size-background-worker=32768"
    "memorysetup-temp-allocator-size-job-worker=262144"
    "memorysetup-temp-allocator-size-preload-manager=33554432"
    "memorysetup-temp-allocator-size-nav-mesh-worker=65536"
    "memorysetup-temp-allocator-size-audio-worker=65536"
    "memorysetup-temp-allocator-size-cloud-worker=32768"
    "memorysetup-temp-allocator-size-gi-baking-worker=262144"
    "memorysetup-temp-allocator-size-gi-baking-worker=262144"
    "memorysetup-temp-allocator-size-gi-baking-worker=262144"
    "memorysetup-temp-allocator-size-gi-baking-worker=262144"
    "memorysetup-temp-allocator-size-gi-baking-worker=262144"
    "memorysetup-temp-allocator-size-gfx=262144"
Player connection [5464]  Target information:

Player connection [5464]  * "[IP] 192.168.1.4 [Port] 0 [Flags] 2 [Guid] 3758636746 [EditorId] 3758636746 [Version] 1048832 [Id] WindowsEditor(7,J3Dez) [Debug] 1 [PackageName] WindowsEditor [ProjectName] Editor" 

Player connection [5464] Host joined multi-casting on [225.0.0.222:54997]...
Player connection [5464] Host joined alternative multi-casting on [225.0.0.222:34997]...
JobSystem: Creating JobQueue using job-worker-count value 10
Input System module state changed to: Initialized.
[Physics::Module] Initialized fallback backend.
[Physics::Module] Id: 0xdecafbad
Library Redirect Path: Library/
[Physics::Module] Selected backend.
[Physics::Module] Name: PhysX
[Physics::Module] Id: 0xf2b8ea05
[Physics::Module] SDK Version: 4.1.2
[Physics::Module] Integration Version: 1.0.0
[Physics::Module] Threading Mode: Multi-Threaded
Refreshing native plugins compatible for Editor in 0.00 ms, found 0 plugins.
Preloading 0 native plugins for Editor in 0.00 ms.
Initialize engine version: 6000.0.60f1 (61dfb374e36f)
[Subsystems] Discovering subsystems at path C:/Program Files/Unity/Hub/Editor/6000.0.60f1/Editor/Data/Resources/UnitySubsystems
[Subsystems] Discovering subsystems at path C:/Users/joell/OneDrive/Documenten/J3Dez +/9 Devs/3 Games/AirParkour/Assets
GfxDevice: creating device client; kGfxThreadingModeNonThreaded
Direct3D:
    Version:  Direct3D 11.0 [level 11.1]
    Renderer: Intel(R) Arc(TM) Graphics (ID=0x7d55)
    Vendor:   Intel
    VRAM:     18307 MB
    Driver:   32.0.101.6127
Initialize mono
Mono path[0] = 'C:/Program Files/Unity/Hub/Editor/6000.0.60f1/Editor/Data/Managed'
Mono path[1] = 'C:/Program Files/Unity/Hub/Editor/6000.0.60f1/Editor/Data/MonoBleedingEdge/lib/mono/unityjit-win32'
Mono config path = 'C:/Program Files/Unity/Hub/Editor/6000.0.60f1/Editor/Data/MonoBleedingEdge/etc'
Using monoOptions --debugger-agent=transport=dt_socket,embedding=1,server=y,suspend=n,address=127.0.0.1:56016
Begin MonoManager ReloadAssembly
Registering precompiled unity dll's ...
Register platform support module: C:/Program Files/Unity/Hub/Editor/6000.0.60f1/Editor/Data/PlaybackEngines/WebGLSupport/UnityEditor.WebGL.Extensions.dll
Register platform support module: C:/Program Files/Unity/Hub/Editor/6000.0.60f1/Editor/Data/PlaybackEngines/WindowsStandaloneSupport/UnityEditor.WindowsStandalone.Extensions.dll
Register platform support module: C:/Program Files/Unity/Hub/Editor/6000.0.60f1/Editor/Data/PlaybackEngines/AndroidPlayer/UnityEditor.Android.Extensions.dll
Registered in 0.006463 seconds.
- Loaded All Assemblies, in  0.647 seconds
Native extension for Android target not found
Android Extension - Scanning For ADB Devices 537 ms
Native extension for WindowsStandalone target not found
Native extension for WebGL target not found
Mono: successfully reloaded assembly
- Finished resetting the current domain, in  1.191 seconds
Domain Reload Profiling: 1836ms
	BeginReloadAssembly (207ms)
		ExecutionOrderSort (0ms)
		DisableScriptedObjects (0ms)
		BackupInstance (0ms)
		ReleaseScriptingObjects (0ms)
		CreateAndSetChildDomain (1ms)
	RebuildCommonClasses (56ms)
	RebuildNativeTypeToScriptingClass (16ms)
	initialDomainReloadingComplete (78ms)
	LoadAllAssembliesAndSetupDomain (287ms)
		LoadAssemblies (205ms)
		RebuildTransferFunctionScriptingTraits (0ms)
		AnalyzeDomain (278ms)
			TypeCache.Refresh (275ms)
				TypeCache.ScanAssembly (249ms)
			BuildScriptInfoCaches (0ms)
			ResolveRequiredComponents (1ms)
	FinalizeReload (1192ms)
		ReleaseScriptCaches (0ms)
		RebuildScriptCaches (0ms)
		SetupLoadedEditorAssemblies (1125ms)
			LogAssemblyErrors (0ms)
			InitializePlatformSupportModulesInManaged (706ms)
			SetLoadedEditorAssemblies (6ms)
			BeforeProcessingInitializeOnLoad (100ms)
			ProcessInitializeOnLoadAttributes (220ms)
			ProcessInitializeOnLoadMethodAttributes (93ms)
			AfterProcessingInitializeOnLoad (0ms)
			EditorAssembliesLoaded (0ms)
		ExecutionOrderSort2 (0ms)
		AwakeInstancesAfterBackupRestoration (0ms)
Assembly reference Packages/com.unity.cinemachine/Editor/Samples/ExposeHDRPInternals/HDRP-Editor-ref.asmref has no target assembly definition
========================================================================
Worker process is ready to serve import requests
Import Worker Mode flag is 0x00
Assembly reference Packages/com.unity.cinemachine/Editor/Samples/ExposeHDRPInternals/HDRP-Editor-ref.asmref has no target assembly definition
Assembly reference Packages/com.unity.cinemachine/Editor/Samples/ExposeHDRPInternals/HDRP-Editor-ref.asmref has no target assembly definition
Begin MonoManager ReloadAssembly
- Loaded All Assemblies, in  1.000 seconds
Assembly reference Packages/com.unity.cinemachine/Editor/Samples/ExposeHDRPInternals/HDRP-Editor-ref.asmref has no target assembly definition
'Packages/com.unity.cinemachine/Editor/Obsolete/CinemachineVirtualCameraBaseEditor.cs' contains partial class of Unity.Object, exactly 1 of the partial classes needs to be in a file with the same filename. This is to know the one that can be referenced from ie. GameObjects
'Packages/com.unity.cinemachine/Editor/Editors/CinemachineVirtualCameraBaseEditor.cs' contains partial class of Unity.Object, exactly 1 of the partial classes needs to be in a file with the same filename. This is to know the one that can be referenced from ie. GameObjects
Refreshing native plugins compatible for Editor in 0.00 ms, found 0 plugins.
Native extension for Android target not found
Native extension for WindowsStandalone target not found
Native extension for WebGL target not found
Assembly reference Packages/com.unity.cinemachine/Editor/Samples/ExposeHDRPInternals/HDRP-Editor-ref.asmref has no target assembly definition
Package Manager log level set to [2]
[Package Manager] Failed to launch server process. Reason: Unity was launched with the -noUpm command-line argument
[Package Manager] Unable to send message (not connected to server process).
[Package Manager] Cannot connect to Unity Package Manager local server
Mono: successfully reloaded assembly
- Finished resetting the current domain, in  1.014 seconds
Domain Reload Profiling: 2009ms
	BeginReloadAssembly (283ms)
		ExecutionOrderSort (0ms)
		DisableScriptedObjects (10ms)
		BackupInstance (0ms)
		ReleaseScriptingObjects (0ms)
		CreateAndSetChildDomain (43ms)
	RebuildCommonClasses (53ms)
	RebuildNativeTypeToScriptingClass (19ms)
	initialDomainReloadingComplete (66ms)
	LoadAllAssembliesAndSetupDomain (573ms)
		LoadAssemblies (497ms)
		RebuildTransferFunctionScriptingTraits (0ms)
		AnalyzeDomain (234ms)
			TypeCache.Refresh (165ms)
				TypeCache.ScanAssembly (145ms)
			BuildScriptInfoCaches (48ms)
			ResolveRequiredComponents (16ms)
	FinalizeReload (1015ms)
		ReleaseScriptCaches (0ms)
		RebuildScriptCaches (0ms)
		SetupLoadedEditorAssemblies (683ms)
			LogAssemblyErrors (0ms)
			InitializePlatformSupportModulesInManaged (22ms)
			SetLoadedEditorAssemblies (5ms)
			BeforeProcessingInitializeOnLoad (164ms)
			ProcessInitializeOnLoadAttributes (385ms)
			ProcessInitializeOnLoadMethodAttributes (99ms)
			AfterProcessingInitializeOnLoad (7ms)
			EditorAssembliesLoaded (0ms)
		ExecutionOrderSort2 (0ms)
		AwakeInstancesAfterBackupRestoration (11ms)
Launched and connected shader compiler UnityShaderCompiler.exe after 0.03 seconds
Refreshing native plugins compatible for Editor in 0.00 ms, found 0 plugins.
Preloading 0 native plugins for Editor in 0.00 ms.
Unloading 14 Unused Serialized files (Serialized files now loaded: 0)
Unloading 3581 unused Assets / (3.1 MB). Loaded Objects now: 4284.
Memory consumption went from 108.8 MB to 105.7 MB.
Total: 8.585700 ms (FindLiveObjects: 0.834100 ms CreateObjectMapping: 0.248100 ms MarkObjects: 5.555300 ms  DeleteObjects: 1.945800 ms)

========================================================================
Received Import Request.
  Time since last request: 262478.971829 seconds.
  path: Assets/M4 - Prefabs/obstacles/Cliff_infernal.prefab
  artifactKey: Guid(7d57791e18c1fbd4cbc17232078eae70) Importer(815301076,1909f56bfc062723c751e8b465ee728b)
Start importing Assets/M4 - Prefabs/obstacles/Cliff_infernal.prefab using Guid(7d57791e18c1fbd4cbc17232078eae70) Importer(815301076,1909f56bfc062723c751e8b465ee728b) (PreviewImporter) -> (artifact id: '28803939b7c7591679e4414c12490213') in 1.1321524 seconds
Number of updated asset objects reloaded before import = 0Number of asset objects unloaded after import = 66

========================================================================
Received Import Request.
  Time since last request: 0.000054 seconds.
  path: Assets/M4 - Prefabs/obstacles/Rock_desert.prefab
  artifactKey: Guid(c90814276e8c5c044907b90fbebf899d) Importer(2089858483,192608db42251d675da83286b1cce702)
Start importing Assets/M4 - Prefabs/obstacles/Rock_desert.prefab using Guid(c90814276e8c5c044907b90fbebf899d) Importer(2089858483,192608db42251d675da83286b1cce702) (ScriptedImporter) -> (artifact id: 'bbcc9ea498ce34d8e6d1be9319677739') in 0.3351892 seconds
Number of updated asset objects reloaded before import = 0Number of asset objects unloaded after import = 30

========================================================================
Received Import Request.
  Time since last request: 0.000084 seconds.
  path: Assets/M4 - Prefabs/obstacles/Rock_white.prefab
  artifactKey: Guid(15c1edc8c1222484d9908d844c3e6fc6) Importer(2089858483,192608db42251d675da83286b1cce702)
Start importing Assets/M4 - Prefabs/obstacles/Rock_white.prefab using Guid(15c1edc8c1222484d9908d844c3e6fc6) Importer(2089858483,192608db42251d675da83286b1cce702) (ScriptedImporter) -> (artifact id: 'a8d6df9e45673deba32033fc2e3ef3b2') in 0.0146491 seconds
Number of updated asset objects reloaded before import = 0Number of asset objects unloaded after import = 30

========================================================================
Received Import Request.
  Time since last request: 0.000049 seconds.
  path: Assets/M4 - Prefabs/obstacles/Plate_desert.prefab
  artifactKey: Guid(73b27b437591eba4fbc591a3503185aa) Importer(815301076,1909f56bfc062723c751e8b465ee728b)
Start importing Assets/M4 - Prefabs/obstacles/Plate_desert.prefab using Guid(73b27b437591eba4fbc591a3503185aa) Importer(815301076,1909f56bfc062723c751e8b465ee728b) (PreviewImporter) -> (artifact id: '2094237db52dd5fc899a98084fa20914') in 0.0983937 seconds
Number of updated asset objects reloaded before import = 0Number of asset objects unloaded after import = 64

========================================================================
Received Import Request.
  Time since last request: 0.000051 seconds.
  path: Assets/M4 - Prefabs/obstacles/Plate_desert.prefab
  artifactKey: Guid(73b27b437591eba4fbc591a3503185aa) Importer(2089858483,192608db42251d675da83286b1cce702)
Start importing Assets/M4 - Prefabs/obstacles/Plate_desert.prefab using Guid(73b27b437591eba4fbc591a3503185aa) Importer(2089858483,192608db42251d675da83286b1cce702) (ScriptedImporter) -> (artifact id: 'a5b3336483df8f74506adf787febed1f') in 0.0202465 seconds
Number of updated asset objects reloaded before import = 0Number of asset objects unloaded after import = 30

========================================================================
Received Import Request.
  Time since last request: 0.000095 seconds.
  path: Assets/M4 - Prefabs/obstacles/Cliff_forest.prefab
  artifactKey: Guid(dbcdb4802e6efe644a89e54a06c2202d) Importer(2089858483,192608db42251d675da83286b1cce702)
Start importing Assets/M4 - Prefabs/obstacles/Cliff_forest.prefab using Guid(dbcdb4802e6efe644a89e54a06c2202d) Importer(2089858483,192608db42251d675da83286b1cce702) (ScriptedImporter) -> (artifact id: '624df66389a6515a1022d3cf406aa8d5') in 0.0142871 seconds
Number of updated asset objects reloaded before import = 0Number of asset objects unloaded after import = 30

========================================================================
Received Import Request.
  Time since last request: 0.000038 seconds.
  path: Assets/M4 - Prefabs/obstacles/Cliff_desert.prefab
  artifactKey: Guid(d823cce0782486d4da3300a29b7cfc9c) Importer(2089858483,192608db42251d675da83286b1cce702)
Start importing Assets/M4 - Prefabs/obstacles/Cliff_desert.prefab using Guid(d823cce0782486d4da3300a29b7cfc9c) Importer(2089858483,192608db42251d675da83286b1cce702) (ScriptedImporter) -> (artifact id: '9f01fdb56573e87884cdc5633b3e7992') in 0.0177915 seconds
Number of updated asset objects reloaded before import = 0Number of asset objects unloaded after import = 30

========================================================================
Received Import Request.
  Time since last request: 0.000043 seconds.
  path: Assets/M4 - Prefabs/obstacles/Cliff_white.prefab
  artifactKey: Guid(a72366153b4fd654fa8f593d75dc7cba) Importer(2089858483,192608db42251d675da83286b1cce702)
Start importing Assets/M4 - Prefabs/obstacles/Cliff_white.prefab using Guid(a72366153b4fd654fa8f593d75dc7cba) Importer(2089858483,192608db42251d675da83286b1cce702) (ScriptedImporter) -> (artifact id: '8c490efe373fa0a622f7bf9b514d21ce') in 0.0161521 seconds
Number of updated asset objects reloaded before import = 0Number of asset objects unloaded after import = 30

========================================================================
Received Import Request.
  Time since last request: 0.000052 seconds.
  path: Assets/M4 - Prefabs/obstacles/Plate_forest.prefab
  artifactKey: Guid(e54b27245b00e104491078581794535a) Importer(815301076,1909f56bfc062723c751e8b465ee728b)
Start importing Assets/M4 - Prefabs/obstacles/Plate_forest.prefab using Guid(e54b27245b00e104491078581794535a) Importer(815301076,1909f56bfc062723c751e8b465ee728b) (PreviewImporter) -> (artifact id: '2e89c1da7debb6c9b457b1d1fb08e84e') in 0.0949726 seconds
Number of updated asset objects reloaded before import = 0Number of asset objects unloaded after import = 64

========================================================================
Received Import Request.
  Time since last request: 0.000069 seconds.
  path: Assets/M4 - Prefabs/obstacles/Rock_infernal.prefab
  artifactKey: Guid(1e207a59b9493814f8d8683962244779) Importer(815301076,1909f56bfc062723c751e8b465ee728b)
Start importing Assets/M4 - Prefabs/obstacles/Rock_infernal.prefab using Guid(1e207a59b9493814f8d8683962244779) Importer(815301076,1909f56bfc062723c751e8b465ee728b) (PreviewImporter) -> (artifact id: 'c224111d96b5ff030b7a00ca5303cb59') in 0.2980372 seconds
Number of updated asset objects reloaded before import = 0Number of asset objects unloaded after import = 65

========================================================================
Received Import Request.
  Time since last request: 0.000077 seconds.
  path: Assets/M4 - Prefabs/obstacles/Rock_infernal.prefab
  artifactKey: Guid(1e207a59b9493814f8d8683962244779) Importer(2089858483,192608db42251d675da83286b1cce702)
Start importing Assets/M4 - Prefabs/obstacles/Rock_infernal.prefab using Guid(1e207a59b9493814f8d8683962244779) Importer(2089858483,192608db42251d675da83286b1cce702) (ScriptedImporter) -> (artifact id: '78b9838a93dc49950f1212503a0e22f4') in 0.4732193 seconds
Number of updated asset objects reloaded before import = 0Number of asset objects unloaded after import = 30

========================================================================
Received Import Request.
  Time since last request: 0.000141 seconds.
  path: Assets/M4 - Prefabs/obstacles/Cliff_white.prefab
  artifactKey: Guid(a72366153b4fd654fa8f593d75dc7cba) Importer(815301076,1909f56bfc062723c751e8b465ee728b)
Start importing Assets/M4 - Prefabs/obstacles/Cliff_white.prefab using Guid(a72366153b4fd654fa8f593d75dc7cba) Importer(815301076,1909f56bfc062723c751e8b465ee728b) (PreviewImporter) -> (artifact id: '8fc560f15e16aea9e6140bb3a0d5ff78') in 0.1045716 seconds
Number of updated asset objects reloaded before import = 0Number of asset objects unloaded after import = 64

========================================================================
Received Import Request.
  Time since last request: 0.000052 seconds.
  path: Assets/M4 - Prefabs/obstacles/Plate_white.prefab
  artifactKey: Guid(a5ff2ae8042c49844ac14d924817feb3) Importer(2089858483,192608db42251d675da83286b1cce702)
Start importing Assets/M4 - Prefabs/obstacles/Plate_white.prefab using Guid(a5ff2ae8042c49844ac14d924817feb3) Importer(2089858483,192608db42251d675da83286b1cce702) (ScriptedImporter) -> (artifact id: '93e7f0972b688fe1fd9d28aefe8fc2bc') in 0.0296326 seconds
Number of updated asset objects reloaded before import = 0Number of asset objects unloaded after import = 30

========================================================================
Received Import Request.
  Time since last request: 0.000049 seconds.
  path: Assets/M4 - Prefabs/obstacles/Cliff_basic.prefab
  artifactKey: Guid(79f74a4fc59f91641a027a31dd014619) Importer(2089858483,192608db42251d675da83286b1cce702)
Start importing Assets/M4 - Prefabs/obstacles/Cliff_basic.prefab using Guid(79f74a4fc59f91641a027a31dd014619) Importer(2089858483,192608db42251d675da83286b1cce702) (ScriptedImporter) -> (artifact id: '1c75c4695228e90fb1156214d3f45c81') in 0.0154683 seconds
Number of updated asset objects reloaded before import = 0Number of asset objects unloaded after import = 30

========================================================================
Received Import Request.
  Time since last request: 0.000064 seconds.
  path: Assets/M4 - Prefabs/obstacles/Cliff_infernal.prefab
  artifactKey: Guid(7d57791e18c1fbd4cbc17232078eae70) Importer(2089858483,192608db42251d675da83286b1cce702)
Start importing Assets/M4 - Prefabs/obstacles/Cliff_infernal.prefab using Guid(7d57791e18c1fbd4cbc17232078eae70) Importer(2089858483,192608db42251d675da83286b1cce702) (ScriptedImporter) -> (artifact id: '15e2a2ab613f288cbdfdfbf269e5f271') in 0.0168348 seconds
Number of updated asset objects reloaded before import = 0Number of asset objects unloaded after import = 30

========================================================================
Received Import Request.
  Time since last request: 0.000060 seconds.
  path: Assets/M4 - Prefabs/obstacles/Rock_white.prefab
  artifactKey: Guid(15c1edc8c1222484d9908d844c3e6fc6) Importer(815301076,1909f56bfc062723c751e8b465ee728b)
Start importing Assets/M4 - Prefabs/obstacles/Rock_white.prefab using Guid(15c1edc8c1222484d9908d844c3e6fc6) Importer(815301076,1909f56bfc062723c751e8b465ee728b) (PreviewImporter) -> (artifact id: '64b14ddceed8d27957df3404a92b8674') in 0.097126 seconds
Number of updated asset objects reloaded before import = 0Number of asset objects unloaded after import = 64

========================================================================
Received Import Request.
  Time since last request: 0.000051 seconds.
  path: Assets/M4 - Prefabs/obstacles/Plate_white.prefab
  artifactKey: Guid(a5ff2ae8042c49844ac14d924817feb3) Importer(815301076,1909f56bfc062723c751e8b465ee728b)
Start importing Assets/M4 - Prefabs/obstacles/Plate_white.prefab using Guid(a5ff2ae8042c49844ac14d924817feb3) Importer(815301076,1909f56bfc062723c751e8b465ee728b) (PreviewImporter) -> (artifact id: 'ed91ac44283db4114dda79341e0d6852') in 0.1023714 seconds
Number of updated asset objects reloaded before import = 0Number of asset objects unloaded after import = 64

========================================================================
Received Import Request.
  Time since last request: 114.783436 seconds.
  path: Assets/M4 - Prefabs/gems
  artifactKey: Guid(faf25a5af26b4bd4284413f42670eda2) Importer(815301076,1909f56bfc062723c751e8b465ee728b)
Start importing Assets/M4 - Prefabs/gems using Guid(faf25a5af26b4bd4284413f42670eda2) Importer(815301076,1909f56bfc062723c751e8b465ee728b) (PreviewImporter) -> (artifact id: '612640a3aac3ddbcb186fdd4ebb987ae') in 0.0027764 seconds
Number of updated asset objects reloaded before import = 0Number of asset objects unloaded after import = 0

========================================================================
Received Import Request.
  Time since last request: 0.874166 seconds.
  path: Assets/M4 - Prefabs/gems
  artifactKey: Guid(faf25a5af26b4bd4284413f42670eda2) Importer(2089858483,192608db42251d675da83286b1cce702)
Start importing Assets/M4 - Prefabs/gems using Guid(faf25a5af26b4bd4284413f42670eda2) Importer(2089858483,192608db42251d675da83286b1cce702) (ScriptedImporter) -> (artifact id: 'c071e343735c1d0b908885c27055cce0') in 0.1184047 seconds
Number of updated asset objects reloaded before import = 0Number of asset objects unloaded after import = 1

========================================================================
Received Import Request.
  Time since last request: 10.477025 seconds.
  path: Assets/M4 - Prefabs/gems/Cliff_fancy.prefab
  artifactKey: Guid(c02f19e5aae6e6a478be18fe2b9f5872) Importer(2089858483,192608db42251d675da83286b1cce702)
Start importing Assets/M4 - Prefabs/gems/Cliff_fancy.prefab using Guid(c02f19e5aae6e6a478be18fe2b9f5872) Importer(2089858483,192608db42251d675da83286b1cce702) (ScriptedImporter) -> (artifact id: '0fa24528a9166e7a8bd32703e41f4e2b') in 0.0233985 seconds
Number of updated asset objects reloaded before import = 0Number of asset objects unloaded after import = 30

========================================================================
Received Prepare
Assembly reference Packages/com.unity.cinemachine/Editor/Samples/ExposeHDRPInternals/HDRP-Editor-ref.asmref has no target assembly definition
Assembly reference Packages/com.unity.cinemachine/Editor/Samples/ExposeHDRPInternals/HDRP-Editor-ref.asmref has no target assembly definition
Begin MonoManager ReloadAssembly
- Loaded All Assemblies, in  0.958 seconds
Assembly reference Packages/com.unity.cinemachine/Editor/Samples/ExposeHDRPInternals/HDRP-Editor-ref.asmref has no target assembly definition
'Packages/com.unity.cinemachine/Editor/Obsolete/CinemachineVirtualCameraBaseEditor.cs' contains partial class of Unity.Object, exactly 1 of the partial classes needs to be in a file with the same filename. This is to know the one that can be referenced from ie. GameObjects
'Packages/com.unity.cinemachine/Editor/Editors/CinemachineVirtualCameraBaseEditor.cs' contains partial class of Unity.Object, exactly 1 of the partial classes needs to be in a file with the same filename. This is to know the one that can be referenced from ie. GameObjects
Refreshing native plugins compatible for Editor in 0.00 ms, found 0 plugins.
Native extension for Android target not found
Native extension for WindowsStandalone target not found
Native extension for WebGL target not found
Assembly reference Packages/com.unity.cinemachine/Editor/Samples/ExposeHDRPInternals/HDRP-Editor-ref.asmref has no target assembly definition
[Package Manager] Failed to launch server process. Reason: Unity was launched with the -noUpm command-line argument
[Package Manager] Unable to send message (not connected to server process).
[Package Manager] Cannot connect to Unity Package Manager local server
Mono: successfully reloaded assembly
- Finished resetting the current domain, in  1.004 seconds
Domain Reload Profiling: 1961ms
	BeginReloadAssembly (357ms)
		ExecutionOrderSort (0ms)
		DisableScriptedObjects (33ms)
		BackupInstance (0ms)
		ReleaseScriptingObjects (0ms)
		CreateAndSetChildDomain (88ms)
	RebuildCommonClasses (62ms)
	RebuildNativeTypeToScriptingClass (21ms)
	initialDomainReloadingComplete (44ms)
	LoadAllAssembliesAndSetupDomain (473ms)
		LoadAssemblies (473ms)
		RebuildTransferFunctionScriptingTraits (0ms)
		AnalyzeDomain (157ms)
			TypeCache.Refresh (7ms)
				TypeCache.ScanAssembly (0ms)
			BuildScriptInfoCaches (129ms)
			ResolveRequiredComponents (16ms)
	FinalizeReload (1005ms)
		ReleaseScriptCaches (0ms)
		RebuildScriptCaches (0ms)
		SetupLoadedEditorAssemblies (688ms)
			LogAssemblyErrors (0ms)
			InitializePlatformSupportModulesInManaged (26ms)
			SetLoadedEditorAssemblies (6ms)
			BeforeProcessingInitializeOnLoad (179ms)
			ProcessInitializeOnLoadAttributes (348ms)
			ProcessInitializeOnLoadMethodAttributes (118ms)
			AfterProcessingInitializeOnLoad (10ms)
			EditorAssembliesLoaded (0ms)
		ExecutionOrderSort2 (0ms)
		AwakeInstancesAfterBackupRestoration (29ms)
Refreshing native plugins compatible for Editor in 0.00 ms, found 0 plugins.
Preloading 0 native plugins for Editor in 0.00 ms.
Unloading 14 Unused Serialized files (Serialized files now loaded: 0)
Unloading 3581 unused Assets / (3.2 MB). Loaded Objects now: 4331.
Memory consumption went from 126.0 MB to 122.9 MB.
Total: 14.126300 ms (FindLiveObjects: 1.356300 ms CreateObjectMapping: 1.857700 ms MarkObjects: 8.363000 ms  DeleteObjects: 2.547400 ms)

Prepare: number of updated asset objects reloaded= 0
========================================================================
Received Import Request.
  Time since last request: 184.691613 seconds.
  path: Assets/M2 - Scripts/ObstacleSpawner.cs
  artifactKey: Guid(5c95b348568e22047a91f08d6a51e71a) Importer(815301076,1909f56bfc062723c751e8b465ee728b)
Start importing Assets/M2 - Scripts/ObstacleSpawner.cs using Guid(5c95b348568e22047a91f08d6a51e71a) Importer(815301076,1909f56bfc062723c751e8b465ee728b) (PreviewImporter) -> (artifact id: '42c2d324d039fc4ec2077c561e0cefa0') in 0.0051873 seconds
Number of updated asset objects reloaded before import = 0Number of asset objects unloaded after import = 0

========================================================================
Received Prepare
'Packages/com.unity.cinemachine/Editor/Obsolete/CinemachineVirtualCameraBaseEditor.cs' contains partial class of Unity.Object, exactly 1 of the partial classes needs to be in a file with the same filename. This is to know the one that can be referenced from ie. GameObjects
'Packages/com.unity.cinemachine/Editor/Editors/CinemachineVirtualCameraBaseEditor.cs' contains partial class of Unity.Object, exactly 1 of the partial classes needs to be in a file with the same filename. This is to know the one that can be referenced from ie. GameObjects
Refreshing native plugins compatible for Editor in 0.00 ms, found 0 plugins.
Preloading 0 native plugins for Editor in 0.00 ms.
Unloading 14 Unused Serialized files (Serialized files now loaded: 0)
Unloading 3579 unused Assets / (3.4 MB). Loaded Objects now: 4331.
Memory consumption went from 126.1 MB to 122.7 MB.
Total: 20.883400 ms (FindLiveObjects: 1.527600 ms CreateObjectMapping: 1.964600 ms MarkObjects: 12.600500 ms  DeleteObjects: 4.783900 ms)

Prepare: number of updated asset objects reloaded= 0
========================================================================
Received Import Request.
  Time since last request: 908.005036 seconds.
  path: Assets/M6 - Packages/Stylized Rock Pack - 8 styles, 3 shapes, LODs, PBR/Materials/plate_mats/Plate_fancy.mat
  artifactKey: Guid(00475755ee3d7b64fb9d2b2485770a55) Importer(2089858483,192608db42251d675da83286b1cce702)
Start importing Assets/M6 - Packages/Stylized Rock Pack - 8 styles, 3 shapes, LODs, PBR/Materials/plate_mats/Plate_fancy.mat using Guid(00475755ee3d7b64fb9d2b2485770a55) Importer(2089858483,192608db42251d675da83286b1cce702) (ScriptedImporter) -> (artifact id: '8de95a05a56dd5d0729ccf705429ac40') in 0.6674394 seconds
Number of updated asset objects reloaded before import = 0Number of asset objects unloaded after import = 5

========================================================================
Received Import Request.
  Time since last request: 0.000042 seconds.
  path: Assets/M6 - Packages/Stylized Rock Pack - 8 styles, 3 shapes, LODs, PBR/Materials/rock_mats/Rock_ice.mat
  artifactKey: Guid(707e34efdc695a44db17e1686d654a61) Importer(2089858483,192608db42251d675da83286b1cce702)
Start importing Assets/M6 - Packages/Stylized Rock Pack - 8 styles, 3 shapes, LODs, PBR/Materials/rock_mats/Rock_ice.mat using Guid(707e34efdc695a44db17e1686d654a61) Importer(2089858483,192608db42251d675da83286b1cce702) (ScriptedImporter) -> (artifact id: '595de8785227df9dd12c111746ae041c') in 0.3388097 seconds
Number of updated asset objects reloaded before import = 0Number of asset objects unloaded after import = 5

========================================================================
Received Import Request.
  Time since last request: 0.000072 seconds.
  path: Assets/M6 - Packages/Stylized Rock Pack - 8 styles, 3 shapes, LODs, PBR/Materials/plate_mats/Plate_white.mat
  artifactKey: Guid(48ea588d368073a4cb1ca80164f52319) Importer(2089858483,192608db42251d675da83286b1cce702)
Start importing Assets/M6 - Packages/Stylized Rock Pack - 8 styles, 3 shapes, LODs, PBR/Materials/plate_mats/Plate_white.mat using Guid(48ea588d368073a4cb1ca80164f52319) Importer(2089858483,192608db42251d675da83286b1cce702) (ScriptedImporter) -> (artifact id: '1ad54e16dd7d8c6703cb6e949abd7d17') in 0.0919716 seconds
Number of updated asset objects reloaded before import = 0Number of asset objects unloaded after import = 4

========================================================================
Received Import Request.
  Time since last request: 0.000047 seconds.
  path: Assets/M6 - Packages/Stylized Rock Pack - 8 styles, 3 shapes, LODs, PBR/Materials/rock_mats/Rock_forest.mat
  artifactKey: Guid(72a8cb4ebc4feed448e16b8441976de2) Importer(2089858483,192608db42251d675da83286b1cce702)
Start importing Assets/M6 - Packages/Stylized Rock Pack - 8 styles, 3 shapes, LODs, PBR/Materials/rock_mats/Rock_forest.mat using Guid(72a8cb4ebc4feed448e16b8441976de2) Importer(2089858483,192608db42251d675da83286b1cce702) (ScriptedImporter) -> (artifact id: 'f5ef521f2cb8e3fcd0ca4f11c00fafdb') in 0.0693114 seconds
Number of updated asset objects reloaded before import = 0Number of asset objects unloaded after import = 4

========================================================================
Received Import Request.
  Time since last request: 0.000042 seconds.
  path: Assets/M6 - Packages/Stylized Rock Pack - 8 styles, 3 shapes, LODs, PBR/Materials/rock_mats/Rock_blank.mat
  artifactKey: Guid(014ea4350eb85a54ba5a949046bb155e) Importer(2089858483,192608db42251d675da83286b1cce702)
Start importing Assets/M6 - Packages/Stylized Rock Pack - 8 styles, 3 shapes, LODs, PBR/Materials/rock_mats/Rock_blank.mat using Guid(014ea4350eb85a54ba5a949046bb155e) Importer(2089858483,192608db42251d675da83286b1cce702) (ScriptedImporter) -> (artifact id: 'da07e6a690e8da24b7741690f02ba203') in 0.0514179 seconds
Number of updated asset objects reloaded before import = 0Number of asset objects unloaded after import = 3

========================================================================
Received Prepare
'Packages/com.unity.cinemachine/Editor/Obsolete/CinemachineVirtualCameraBaseEditor.cs' contains partial class of Unity.Object, exactly 1 of the partial classes needs to be in a file with the same filename. This is to know the one that can be referenced from ie. GameObjects
'Packages/com.unity.cinemachine/Editor/Editors/CinemachineVirtualCameraBaseEditor.cs' contains partial class of Unity.Object, exactly 1 of the partial classes needs to be in a file with the same filename. This is to know the one that can be referenced from ie. GameObjects
Refreshing native plugins compatible for Editor in 0.00 ms, found 0 plugins.
Preloading 0 native plugins for Editor in 0.00 ms.
Unloading 14 Unused Serialized files (Serialized files now loaded: 0)
Unloading 3581 unused Assets / (3.6 MB). Loaded Objects now: 4332.
Memory consumption went from 126.2 MB to 122.6 MB.
Total: 10.871400 ms (FindLiveObjects: 1.232800 ms CreateObjectMapping: 0.518100 ms MarkObjects: 6.207700 ms  DeleteObjects: 2.909600 ms)

Prepare: number of updated asset objects reloaded= 0
========================================================================
Received Prepare
Assembly reference Packages/com.unity.cinemachine/Editor/Samples/ExposeHDRPInternals/HDRP-Editor-ref.asmref has no target assembly definition
Assembly reference Packages/com.unity.cinemachine/Editor/Samples/ExposeHDRPInternals/HDRP-Editor-ref.asmref has no target assembly definition
Begin MonoManager ReloadAssembly
- Loaded All Assemblies, in  1.818 seconds
Assembly reference Packages/com.unity.cinemachine/Editor/Samples/ExposeHDRPInternals/HDRP-Editor-ref.asmref has no target assembly definition
'Packages/com.unity.cinemachine/Editor/Obsolete/CinemachineVirtualCameraBaseEditor.cs' contains partial class of Unity.Object, exactly 1 of the partial classes needs to be in a file with the same filename. This is to know the one that can be referenced from ie. GameObjects
'Packages/com.unity.cinemachine/Editor/Editors/CinemachineVirtualCameraBaseEditor.cs' contains partial class of Unity.Object, exactly 1 of the partial classes needs to be in a file with the same filename. This is to know the one that can be referenced from ie. GameObjects
Refreshing native plugins compatible for Editor in 0.00 ms, found 0 plugins.
Native extension for Android target not found
Native extension for WindowsStandalone target not found
Native extension for WebGL target not found
Assembly reference Packages/com.unity.cinemachine/Editor/Samples/ExposeHDRPInternals/HDRP-Editor-ref.asmref has no target assembly definition
[Package Manager] Failed to launch server process. Reason: Unity was launched with the -noUpm command-line argument
[Package Manager] Unable to send message (not connected to server process).
[Package Manager] Cannot connect to Unity Package Manager local server
Mono: successfully reloaded assembly
- Finished resetting the current domain, in  1.485 seconds
Domain Reload Profiling: 3299ms
	BeginReloadAssembly (595ms)
		ExecutionOrderSort (0ms)
		DisableScriptedObjects (19ms)
		BackupInstance (0ms)
		ReleaseScriptingObjects (0ms)
		CreateAndSetChildDomain (144ms)
	RebuildCommonClasses (118ms)
	RebuildNativeTypeToScriptingClass (39ms)
	initialDomainReloadingComplete (85ms)
	LoadAllAssembliesAndSetupDomain (975ms)
		LoadAssemblies (808ms)
		RebuildTransferFunctionScriptingTraits (0ms)
		AnalyzeDomain (465ms)
			TypeCache.Refresh (18ms)
				TypeCache.ScanAssembly (3ms)
			BuildScriptInfoCaches (409ms)
			ResolveRequiredComponents (28ms)
	FinalizeReload (1487ms)
		ReleaseScriptCaches (0ms)
		RebuildScriptCaches (0ms)
		SetupLoadedEditorAssemblies (1007ms)
			LogAssemblyErrors (0ms)
			InitializePlatformSupportModulesInManaged (38ms)
			SetLoadedEditorAssemblies (10ms)
			BeforeProcessingInitializeOnLoad (264ms)
			ProcessInitializeOnLoadAttributes (526ms)
			ProcessInitializeOnLoadMethodAttributes (148ms)
			AfterProcessingInitializeOnLoad (19ms)
			EditorAssembliesLoaded (1ms)
		ExecutionOrderSort2 (0ms)
		AwakeInstancesAfterBackupRestoration (50ms)
Refreshing native plugins compatible for Editor in 0.00 ms, found 0 plugins.
Preloading 0 native plugins for Editor in 0.00 ms.
Unloading 14 Unused Serialized files (Serialized files now loaded: 0)
Unloading 3580 unused Assets / (3.8 MB). Loaded Objects now: 4334.
Memory consumption went from 125.9 MB to 122.1 MB.
Total: 14.804500 ms (FindLiveObjects: 1.159400 ms CreateObjectMapping: 0.325000 ms MarkObjects: 9.095900 ms  DeleteObjects: 4.221100 ms)

Prepare: number of updated asset objects reloaded= 0
Editor requested this worker to shutdown with reason: Scaling down because of idle timeout
AssetImportWorkerClient::OnTransportError - code=2 error=End of file
AssetImportWorker is now disconnected from the server
Process exiting
Exiting without the bug reporter. Application will terminate with return code 0